TN:
SF:app/app.ts
FN:24,(anonymous_0)
FN:30,(anonymous_1)
FN:36,(anonymous_2)
FN:41,(anonymous_3)
FN:46,(anonymous_4)
FNF:5
FNH:0
FNDA:0,(anonymous_0)
FNDA:0,(anonymous_1)
FNDA:0,(anonymous_2)
FNDA:0,(anonymous_3)
FNDA:0,(anonymous_4)
DA:17,0
DA:18,0
DA:20,0
DA:21,0
DA:22,0
DA:23,0
DA:24,0
DA:25,0
DA:26,0
DA:27,0
DA:28,0
DA:30,0
DA:31,0
DA:32,0
DA:33,0
DA:35,0
DA:36,0
DA:37,0
DA:41,0
DA:42,0
DA:43,0
DA:46,0
DA:47,0
LF:23
LH:0
BRF:0
BRH:0
end_of_record
TN:
SF:app/core/config/jwt.ts
FN:21,get_jwt_config
FN:26,(anonymous_1)
FNF:2
FNH:0
FNDA:0,get_jwt_config
FNDA:0,(anonymous_1)
DA:5,0
DA:19,0
DA:22,0
DA:24,0
DA:25,0
DA:26,0
DA:27,0
DA:30,0
DA:32,0
DA:38,0
LF:10
LH:0
BRDA:22,0,0,0
BRDA:22,0,1,0
BRDA:25,1,0,0
BRDA:25,1,1,0
BRF:4
BRH:0
end_of_record
TN:
SF:app/core/dependencies/dependencies.ts
FN:9,get_logger
FNF:1
FNH:1
FNDA:88,get_logger
DA:6,13
DA:7,13
DA:10,88
LF:3
LH:3
BRF:0
BRH:0
end_of_record
TN:
SF:app/core/dependencies/exam-application/examAssignment.ts
FN:32,makeExamAssignmentRepository
FN:38,makeExamRegradeRepository
FN:45,makeExamAssignmentService
FN:71,makeCreateExamAssignmentCommand
FN:77,makeSendExamToEvaluatorCommand
FN:83,makeRequestExamRegradeCommand
FN:89,makeCalculateExamGradeCommand
FN:96,makeListStudentExamsQuery
FN:102,makeListEvaluatorExamsQuery
FNF:9
FNH:0
FNDA:0,makeExamAssignmentRepository
FNDA:0,makeExamRegradeRepository
FNDA:0,makeExamAssignmentService
FNDA:0,makeCreateExamAssignmentCommand
FNDA:0,makeSendExamToEvaluatorCommand
FNDA:0,makeRequestExamRegradeCommand
FNDA:0,makeCalculateExamGradeCommand
FNDA:0,makeListStudentExamsQuery
FNDA:0,makeListEvaluatorExamsQuery
DA:21,0
DA:22,0
DA:23,0
DA:24,0
DA:25,0
DA:26,0
DA:27,0
DA:28,0
DA:29,0
DA:33,0
DA:34,0
DA:35,0
DA:39,0
DA:40,0
DA:41,0
DA:46,0
DA:48,0
DA:49,0
DA:50,0
DA:51,0
DA:52,0
DA:53,0
DA:54,0
DA:55,0
DA:57,0
DA:67,0
DA:72,0
DA:73,0
DA:74,0
DA:78,0
DA:79,0
DA:80,0
DA:84,0
DA:85,0
DA:86,0
DA:90,0
DA:91,0
DA:92,0
DA:97,0
DA:98,0
DA:99,0
DA:103,0
DA:104,0
DA:105,0
LF:44
LH:0
BRDA:33,0,0,0
BRDA:33,0,1,0
BRDA:39,1,0,0
BRDA:39,1,1,0
BRDA:46,2,0,0
BRDA:46,2,1,0
BRDA:72,3,0,0
BRDA:72,3,1,0
BRDA:78,4,0,0
BRDA:78,4,1,0
BRDA:84,5,0,0
BRDA:84,5,1,0
BRDA:90,6,0,0
BRDA:90,6,1,0
BRDA:97,7,0,0
BRDA:97,7,1,0
BRDA:103,8,0,0
BRDA:103,8,1,0
BRF:18
BRH:0
end_of_record
TN:
SF:app/core/dependencies/exam-application/examDependencies.ts
FN:34,makeExamRepository
FN:40,makeExamQuestionRepository
FN:46,makeQuestionRepository
FN:52,makeExamService
FN:62,makeListExamsQuery
FN:68,makeGetExamByIdQuery
FN:74,makeCreateManualExamCommand
FN:80,makeCreateAutomaticExamCommand
FN:86,makeUpdateExamCommand
FN:92,makeDeleteExamCommand
FN:98,makeRequestExamReviewCommand
FN:104,makeAcceptExamCommand
FN:110,makeRejectExamCommand
FNF:13
FNH:0
FNDA:0,makeExamRepository
FNDA:0,makeExamQuestionRepository
FNDA:0,makeQuestionRepository
FNDA:0,makeExamService
FNDA:0,makeListExamsQuery
FNDA:0,makeGetExamByIdQuery
FNDA:0,makeCreateManualExamCommand
FNDA:0,makeCreateAutomaticExamCommand
FNDA:0,makeUpdateExamCommand
FNDA:0,makeDeleteExamCommand
FNDA:0,makeRequestExamReviewCommand
FNDA:0,makeAcceptExamCommand
FNDA:0,makeRejectExamCommand
DA:18,0
DA:19,0
DA:20,0
DA:21,0
DA:23,0
DA:24,0
DA:26,0
DA:27,0
DA:28,0
DA:29,0
DA:30,0
DA:31,0
DA:32,0
DA:35,0
DA:36,0
DA:37,0
DA:41,0
DA:42,0
DA:43,0
DA:47,0
DA:48,0
DA:49,0
DA:53,0
DA:54,0
DA:59,0
DA:63,0
DA:64,0
DA:65,0
DA:69,0
DA:70,0
DA:71,0
DA:75,0
DA:76,0
DA:77,0
DA:81,0
DA:82,0
DA:83,0
DA:87,0
DA:88,0
DA:89,0
DA:93,0
DA:94,0
DA:95,0
DA:99,0
DA:100,0
DA:101,0
DA:105,0
DA:106,0
DA:107,0
DA:111,0
DA:112,0
DA:113,0
LF:52
LH:0
BRDA:35,0,0,0
BRDA:35,0,1,0
BRDA:41,1,0,0
BRDA:41,1,1,0
BRDA:47,2,0,0
BRDA:47,2,1,0
BRDA:53,3,0,0
BRDA:53,3,1,0
BRDA:63,4,0,0
BRDA:63,4,1,0
BRDA:69,5,0,0
BRDA:69,5,1,0
BRDA:75,6,0,0
BRDA:75,6,1,0
BRDA:81,7,0,0
BRDA:81,7,1,0
BRDA:87,8,0,0
BRDA:87,8,1,0
BRDA:93,9,0,0
BRDA:93,9,1,0
BRDA:99,10,0,0
BRDA:99,10,1,0
BRDA:105,11,0,0
BRDA:105,11,1,0
BRDA:111,12,0,0
BRDA:111,12,1,0
BRF:26
BRH:0
end_of_record
TN:
SF:app/core/dependencies/exam-application/examResponses.ts
FN:21,makeExamResponseRepository
FN:28,makeExamResponseService
FN:48,makeCreateExamResponseCommand
FN:54,makeUpdateExamResponseCommand
FN:60,makeGetExamResponseByIndexQuery
FN:66,makeGetExamQuestionDetailQuery
FNF:6
FNH:0
FNDA:0,makeExamResponseRepository
FNDA:0,makeExamResponseService
FNDA:0,makeCreateExamResponseCommand
FNDA:0,makeUpdateExamResponseCommand
FNDA:0,makeGetExamResponseByIndexQuery
FNDA:0,makeGetExamQuestionDetailQuery
DA:13,0
DA:14,0
DA:15,0
DA:16,0
DA:17,0
DA:18,0
DA:22,0
DA:23,0
DA:24,0
DA:29,0
DA:31,0
DA:32,0
DA:33,0
DA:34,0
DA:35,0
DA:37,0
DA:44,0
DA:49,0
DA:50,0
DA:51,0
DA:55,0
DA:56,0
DA:57,0
DA:61,0
DA:62,0
DA:63,0
DA:67,0
DA:68,0
DA:69,0
LF:29
LH:0
BRDA:22,0,0,0
BRDA:22,0,1,0
BRDA:29,1,0,0
BRDA:29,1,1,0
BRDA:49,2,0,0
BRDA:49,2,1,0
BRDA:55,3,0,0
BRDA:55,3,1,0
BRDA:61,4,0,0
BRDA:61,4,1,0
BRDA:67,5,0,0
BRDA:67,5,1,0
BRF:12
BRH:0
end_of_record
TN:
SF:app/core/dependencies/question-bank/questionDependencies.ts
FN:13,makeQuestionRepository
FN:17,getSubtopicRepo
FN:21,getSubjectRepo
FN:25,getService
FN:33,(anonymous_4)
FN:34,(anonymous_5)
FN:35,(anonymous_6)
FN:36,(anonymous_7)
FN:37,(anonymous_8)
FNF:9
FNH:0
FNDA:0,makeQuestionRepository
FNDA:0,getSubtopicRepo
FNDA:0,getSubjectRepo
FNDA:0,getService
FNDA:0,(anonymous_4)
FNDA:0,(anonymous_5)
FNDA:0,(anonymous_6)
FNDA:0,(anonymous_7)
FNDA:0,(anonymous_8)
DA:14,0
DA:18,0
DA:22,0
DA:26,0
DA:33,0
DA:34,0
DA:35,0
DA:36,0
DA:37,0
LF:9
LH:0
BRF:0
BRH:0
end_of_record
TN:
SF:app/core/dependencies/question-bank/questionTypeDependencies.ts
FN:21,makeQuestionTypeRepository
FN:28,makeQuestionTypeService
FN:37,makeListQuestionTypesQuery
FN:43,makeGetQuestionTypeByIdQuery
FN:50,makeCreateQuestionTypeCommand
FN:56,makeUpdateQuestionTypeCommand
FN:62,makeDeleteQuestionTypeCommand
FNF:7
FNH:0
FNDA:0,makeQuestionTypeRepository
FNDA:0,makeQuestionTypeService
FNDA:0,makeListQuestionTypesQuery
FNDA:0,makeGetQuestionTypeByIdQuery
FNDA:0,makeCreateQuestionTypeCommand
FNDA:0,makeUpdateQuestionTypeCommand
FNDA:0,makeDeleteQuestionTypeCommand
DA:12,0
DA:13,0
DA:14,0
DA:15,0
DA:16,0
DA:17,0
DA:18,0
DA:22,0
DA:23,0
DA:24,0
DA:29,0
DA:30,0
DA:33,0
DA:38,0
DA:39,0
DA:40,0
DA:44,0
DA:45,0
DA:46,0
DA:51,0
DA:52,0
DA:53,0
DA:57,0
DA:58,0
DA:59,0
DA:63,0
DA:64,0
DA:65,0
LF:28
LH:0
BRDA:22,0,0,0
BRDA:22,0,1,0
BRDA:29,1,0,0
BRDA:29,1,1,0
BRDA:38,2,0,0
BRDA:38,2,1,0
BRDA:44,3,0,0
BRDA:44,3,1,0
BRDA:51,4,0,0
BRDA:51,4,1,0
BRDA:57,5,0,0
BRDA:57,5,1,0
BRDA:63,6,0,0
BRDA:63,6,1,0
BRF:14
BRH:0
end_of_record
TN:
SF:app/core/dependencies/question-bank/subjectDependencies.ts
FN:10,getRepo
FN:13,getService
FN:17,(anonymous_2)
FN:18,(anonymous_3)
FN:19,(anonymous_4)
FN:20,(anonymous_5)
FN:21,(anonymous_6)
FNF:7
FNH:0
FNDA:0,getRepo
FNDA:0,getService
FNDA:0,(anonymous_2)
FNDA:0,(anonymous_3)
FNDA:0,(anonymous_4)
FNDA:0,(anonymous_5)
FNDA:0,(anonymous_6)
DA:11,0
DA:14,0
DA:17,0
DA:18,0
DA:19,0
DA:20,0
DA:21,0
LF:7
LH:0
BRF:0
BRH:0
end_of_record
TN:
SF:app/core/dependencies/question-bank/subtopicDependencies.ts
FN:9,getRepo
FN:12,getService
FN:16,(anonymous_2)
FN:17,(anonymous_3)
FN:18,(anonymous_4)
FN:19,(anonymous_5)
FNF:6
FNH:0
FNDA:0,getRepo
FNDA:0,getService
FNDA:0,(anonymous_2)
FNDA:0,(anonymous_3)
FNDA:0,(anonymous_4)
FNDA:0,(anonymous_5)
DA:10,0
DA:13,0
DA:16,0
DA:17,0
DA:18,0
DA:19,0
LF:6
LH:0
BRF:0
BRH:0
end_of_record
TN:
SF:app/core/dependencies/question-bank/topicDependencies.ts
FN:13,getTopicRepo
FN:16,getSubjectRepo
FN:19,getService
FN:23,(anonymous_3)
FN:24,(anonymous_4)
FN:25,(anonymous_5)
FN:26,(anonymous_6)
FN:27,(anonymous_7)
FN:28,(anonymous_8)
FN:29,(anonymous_9)
FNF:10
FNH:0
FNDA:0,getTopicRepo
FNDA:0,getSubjectRepo
FNDA:0,getService
FNDA:0,(anonymous_3)
FNDA:0,(anonymous_4)
FNDA:0,(anonymous_5)
FNDA:0,(anonymous_6)
FNDA:0,(anonymous_7)
FNDA:0,(anonymous_8)
FNDA:0,(anonymous_9)
DA:14,0
DA:17,0
DA:20,0
DA:23,0
DA:24,0
DA:25,0
DA:26,0
DA:27,0
DA:28,0
DA:29,0
LF:10
LH:0
BRF:0
BRH:0
end_of_record
TN:
SF:app/core/dependencies/user/studentDependencies.ts
FN:28,makeStudentService
FN:37,makeStudentUoW
FN:40,(anonymous_2)
FN:52,makeCreateStudentCommand
FN:58,makeUpdateStudentCommand
FN:64,makeDeleteStudentCommand
FN:70,makeListStudentsQuery
FN:76,makeGetStudentByIdQuery
FNF:8
FNH:0
FNDA:0,makeStudentService
FNDA:0,makeStudentUoW
FNDA:0,(anonymous_2)
FNDA:0,makeCreateStudentCommand
FNDA:0,makeUpdateStudentCommand
FNDA:0,makeDeleteStudentCommand
FNDA:0,makeListStudentsQuery
FNDA:0,makeGetStudentByIdQuery
DA:20,0
DA:21,0
DA:22,0
DA:23,0
DA:24,0
DA:25,0
DA:26,0
DA:29,0
DA:30,0
DA:34,0
DA:38,0
DA:40,0
DA:41,0
DA:42,0
DA:46,0
DA:49,0
DA:53,0
DA:54,0
DA:55,0
DA:59,0
DA:60,0
DA:61,0
DA:65,0
DA:66,0
DA:67,0
DA:71,0
DA:72,0
DA:73,0
DA:77,0
DA:78,0
DA:79,0
LF:31
LH:0
BRDA:29,0,0,0
BRDA:29,0,1,0
BRDA:38,1,0,0
BRDA:38,1,1,0
BRDA:53,2,0,0
BRDA:53,2,1,0
BRDA:59,3,0,0
BRDA:59,3,1,0
BRDA:65,4,0,0
BRDA:65,4,1,0
BRDA:71,5,0,0
BRDA:71,5,1,0
BRDA:77,6,0,0
BRDA:77,6,1,0
BRF:14
BRH:0
end_of_record
TN:
SF:app/core/dependencies/user/teacherDependencies.ts
FN:29,makeTeacherService
FN:39,makeTeacherUoW
FN:42,(anonymous_2)
FN:56,makeCreateTeacherCommand
FN:62,makeUpdateTeacherCommand
FN:68,makeDeleteTeacherCommand
FN:74,makeListTeachersQuery
FN:80,makeGetTeacherByIdQuery
FNF:8
FNH:0
FNDA:0,makeTeacherService
FNDA:0,makeTeacherUoW
FNDA:0,(anonymous_2)
FNDA:0,makeCreateTeacherCommand
FNDA:0,makeUpdateTeacherCommand
FNDA:0,makeDeleteTeacherCommand
FNDA:0,makeListTeachersQuery
FNDA:0,makeGetTeacherByIdQuery
DA:21,0
DA:22,0
DA:23,0
DA:24,0
DA:25,0
DA:26,0
DA:27,0
DA:30,0
DA:31,0
DA:36,0
DA:40,0
DA:42,0
DA:43,0
DA:44,0
DA:45,0
DA:50,0
DA:53,0
DA:57,0
DA:58,0
DA:59,0
DA:63,0
DA:64,0
DA:65,0
DA:69,0
DA:70,0
DA:71,0
DA:75,0
DA:76,0
DA:77,0
DA:81,0
DA:82,0
DA:83,0
LF:32
LH:0
BRDA:30,0,0,0
BRDA:30,0,1,0
BRDA:40,1,0,0
BRDA:40,1,1,0
BRDA:57,2,0,0
BRDA:57,2,1,0
BRDA:63,3,0,0
BRDA:63,3,1,0
BRDA:69,4,0,0
BRDA:69,4,1,0
BRDA:75,5,0,0
BRDA:75,5,1,0
BRDA:81,6,0,0
BRDA:81,6,1,0
BRF:14
BRH:0
end_of_record
TN:
SF:app/core/dependencies/user/userDependencies.ts
FN:21,makeUserRepository
FN:28,makeUserService
FN:37,makeListUsersQuery
FN:43,makeGetUserByIdQuery
FN:50,makeCreateUserCommand
FN:56,makeUpdateUserCommand
FN:62,makeDeleteUserCommand
FN:68,makeLoginCommand
FNF:8
FNH:0
FNDA:0,makeUserRepository
FNDA:0,makeUserService
FNDA:0,makeListUsersQuery
FNDA:0,makeGetUserByIdQuery
FNDA:0,makeCreateUserCommand
FNDA:0,makeUpdateUserCommand
FNDA:0,makeDeleteUserCommand
FNDA:0,makeLoginCommand
DA:11,0
DA:12,0
DA:13,0
DA:14,0
DA:15,0
DA:16,0
DA:17,0
DA:18,0
DA:22,0
DA:23,0
DA:24,0
DA:29,0
DA:30,0
DA:33,0
DA:38,0
DA:39,0
DA:40,0
DA:44,0
DA:45,0
DA:46,0
DA:51,0
DA:52,0
DA:53,0
DA:57,0
DA:58,0
DA:59,0
DA:63,0
DA:64,0
DA:65,0
DA:69,0
DA:70,0
DA:71,0
LF:32
LH:0
BRDA:22,0,0,0
BRDA:22,0,1,0
BRDA:29,1,0,0
BRDA:29,1,1,0
BRDA:38,2,0,0
BRDA:38,2,1,0
BRDA:44,3,0,0
BRDA:44,3,1,0
BRDA:51,4,0,0
BRDA:51,4,1,0
BRDA:57,5,0,0
BRDA:57,5,1,0
BRDA:63,6,0,0
BRDA:63,6,1,0
BRDA:69,7,0,0
BRDA:69,7,1,0
BRF:16
BRH:0
end_of_record
TN:
SF:app/core/logging/logger.ts
FN:14,(anonymous_0)
FN:21,(anonymous_1)
FN:35,(anonymous_2)
FN:58,(anonymous_3)
FN:72,(anonymous_4)
FN:77,(anonymous_5)
FNF:6
FNH:5
FNDA:13,(anonymous_0)
FNDA:13,(anonymous_1)
FNDA:13,(anonymous_2)
FNDA:13,(anonymous_3)
FNDA:13,(anonymous_4)
FNDA:0,(anonymous_5)
DA:6,13
DA:15,13
DA:16,13
DA:17,13
DA:18,13
DA:22,13
DA:36,13
DA:59,13
DA:73,13
DA:78,0
DA:84,0
LF:11
LH:9
BRF:0
BRH:0
end_of_record
TN:
SF:app/core/logging/enums/sensitiveKeys.ts
FN:1,(anonymous_0)
FNF:1
FNH:0
FNDA:0,(anonymous_0)
DA:1,0
DA:2,0
DA:3,0
DA:4,0
DA:5,0
LF:5
LH:0
BRDA:1,0,0,0
BRDA:1,0,1,0
BRF:2
BRH:0
end_of_record
TN:
SF:app/core/logging/helpers/formatHttpLoggerResponse.ts
FN:6,(anonymous_0)
FNF:1
FNH:0
FNDA:0,(anonymous_0)
DA:6,0
DA:12,0
DA:13,0
DA:15,0
LF:4
LH:0
BRF:0
BRH:0
end_of_record
TN:
SF:app/core/logging/helpers/sensitiveInfoExcluder.ts
FN:3,sanitize
FN:7,(anonymous_1)
FN:25,excludeSensitiveInfoInData
FNF:3
FNH:0
FNDA:0,sanitize
FNDA:0,(anonymous_1)
FNDA:0,excludeSensitiveInfoInData
DA:1,0
DA:4,0
DA:6,0
DA:7,0
DA:10,0
DA:11,0
DA:12,0
DA:13,0
DA:14,0
DA:16,0
DA:19,0
DA:22,0
DA:26,0
LF:13
LH:0
BRDA:4,0,0,0
BRDA:4,0,1,0
BRDA:4,1,0,0
BRDA:4,1,1,0
BRDA:6,2,0,0
BRDA:6,2,1,0
BRDA:10,3,0,0
BRDA:10,3,1,0
BRDA:13,4,0,0
BRDA:13,4,1,0
BRF:10
BRH:0
end_of_record
TN:
SF:app/core/logging/helpers/timeStampFormat.ts
FNF:0
FNH:0
DA:1,13
LF:1
LH:1
BRF:0
BRH:0
end_of_record
TN:
SF:app/core/middlewares/authenticate.ts
FN:17,authenticate
FNF:1
FNH:0
FNDA:0,authenticate
DA:11,0
DA:18,0
DA:19,0
DA:20,0
DA:21,0
DA:27,0
DA:32,0
DA:33,0
DA:39,0
DA:44,0
DA:46,0
DA:48,0
DA:49,0
DA:51,0
LF:14
LH:0
BRDA:20,0,0,0
BRDA:20,0,1,0
BRDA:32,1,0,0
BRDA:32,1,1,0
BRDA:32,2,0,0
BRDA:32,2,1,0
BRDA:32,2,2,0
BRDA:41,3,0,0
BRDA:41,3,1,0
BRDA:48,4,0,0
BRDA:48,4,1,0
BRDA:48,5,0,0
BRDA:48,5,1,0
BRF:13
BRH:0
end_of_record
TN:
SF:app/core/middlewares/authorize.ts
FN:8,getAppError
FN:17,requireRoles
FN:18,(anonymous_2)
FN:26,(anonymous_3)
FN:34,requireAllRoles
FN:35,(anonymous_5)
FN:41,(anonymous_6)
FNF:7
FNH:0
FNDA:0,getAppError
FNDA:0,requireRoles
FNDA:0,(anonymous_2)
FNDA:0,(anonymous_3)
FNDA:0,requireAllRoles
FNDA:0,(anonymous_5)
FNDA:0,(anonymous_6)
DA:9,0
DA:18,0
DA:19,0
DA:20,0
DA:21,0
DA:24,0
DA:26,0
DA:27,0
DA:29,0
DA:35,0
DA:36,0
DA:37,0
DA:39,0
DA:41,0
DA:42,0
DA:44,0
LF:16
LH:0
BRDA:20,0,0,0
BRDA:20,0,1,0
BRDA:24,1,0,0
BRDA:24,1,1,0
BRDA:27,2,0,0
BRDA:27,2,1,0
BRDA:37,3,0,0
BRDA:37,3,1,0
BRDA:39,4,0,0
BRDA:39,4,1,0
BRDA:42,5,0,0
BRDA:42,5,1,0
BRF:12
BRH:0
end_of_record
TN:
SF:app/core/middlewares/errorHandler.ts
FN:9,errorHandler
FNF:1
FNH:0
FNDA:0,errorHandler
DA:10,0
DA:11,0
DA:12,0
DA:21,0
DA:28,0
DA:31,0
DA:37,0
DA:44,0
DA:45,0
LF:9
LH:0
BRDA:11,0,0,0
BRDA:11,0,1,0
BRDA:32,1,0,0
BRDA:32,1,1,0
BRDA:33,2,0,0
BRDA:33,2,1,0
BRDA:39,3,0,0
BRDA:39,3,1,0
BRF:8
BRH:0
end_of_record
TN:
SF:app/core/middlewares/requestValidator.ts
FN:9,(anonymous_0)
FN:12,(anonymous_1)
FN:20,(anonymous_2)
FN:39,withValidatedBody
FN:47,(anonymous_4)
FN:49,(anonymous_5)
FNF:6
FNH:0
FNDA:0,(anonymous_0)
FNDA:0,(anonymous_1)
FNDA:0,(anonymous_2)
FNDA:0,withValidatedBody
FNDA:0,(anonymous_4)
FNDA:0,(anonymous_5)
DA:9,0
DA:12,0
DA:13,0
DA:15,0
DA:16,0
DA:20,0
DA:28,0
DA:29,0
DA:47,0
DA:49,0
DA:50,0
DA:51,0
DA:52,0
DA:54,0
LF:14
LH:0
BRDA:15,0,0,0
BRDA:15,0,1,0
BRDA:50,1,0,0
BRDA:50,1,1,0
BRF:4
BRH:0
end_of_record
TN:
SF:app/core/middlewares/responseInterceptor.ts
FN:9,(anonymous_0)
FN:17,(anonymous_1)
FNF:2
FNH:0
FNDA:0,(anonymous_0)
FNDA:0,(anonymous_1)
DA:9,0
DA:10,0
DA:12,0
DA:13,0
DA:15,0
DA:17,0
DA:18,0
DA:19,0
DA:20,0
DA:25,0
DA:30,0
DA:32,0
DA:35,0
LF:13
LH:0
BRDA:18,0,0,0
BRDA:18,0,1,0
BRDA:19,1,0,0
BRDA:19,1,1,0
BRF:4
BRH:0
end_of_record
TN:
SF:app/core/middlewares/responseValidator.ts
FN:6,validate_response
FN:7,(anonymous_1)
FN:11,(anonymous_2)
FNF:3
FNH:0
FNDA:0,validate_response
FNDA:0,(anonymous_1)
FNDA:0,(anonymous_2)
DA:7,0
DA:8,0
DA:9,0
DA:11,0
DA:12,0
DA:13,0
DA:16,0
DA:17,0
DA:18,0
DA:19,0
DA:21,0
DA:22,0
DA:26,0
DA:27,0
DA:29,0
DA:30,0
DA:31,0
DA:36,0
DA:37,0
DA:39,0
DA:42,0
LF:21
LH:0
BRDA:12,0,0,0
BRDA:12,0,1,0
BRDA:17,1,0,0
BRDA:17,1,1,0
BRDA:26,2,0,0
BRDA:26,2,1,0
BRDA:26,3,0,0
BRDA:26,3,1,0
BRDA:29,4,0,0
BRDA:29,4,1,0
BRDA:33,5,0,0
BRDA:33,5,1,0
BRF:12
BRH:0
end_of_record
TN:
SF:app/core/middlewares/helpers/getAccessToken.ts
FN:3,getAccessToken
FNF:1
FNH:0
FNDA:0,getAccessToken
DA:4,0
DA:5,0
DA:6,0
DA:9,0
LF:4
LH:0
BRDA:5,0,0,0
BRDA:5,0,1,0
BRDA:5,1,0,0
BRDA:5,1,1,0
BRF:4
BRH:0
end_of_record
TN:
SF:app/core/security/hasher.ts
FN:10,getHasher
FN:18,(anonymous_1)
FN:26,(anonymous_2)
FNF:3
FNH:0
FNDA:0,getHasher
FNDA:0,(anonymous_1)
FNDA:0,(anonymous_2)
DA:8,1
DA:11,0
DA:13,0
DA:14,0
DA:15,0
DA:17,0
DA:19,0
DA:27,0
DA:28,0
DA:30,0
DA:35,0
LF:11
LH:1
BRDA:11,0,0,0
BRDA:11,0,1,0
BRDA:13,1,0,0
BRDA:13,1,1,0
BRDA:14,2,0,0
BRDA:14,2,1,0
BRDA:15,3,0,0
BRDA:15,3,1,0
BRF:8
BRH:0
end_of_record
TN:
SF:app/database/database.ts
FN:22,waitForDb
FN:36,(anonymous_1)
FN:42,(anonymous_2)
FN:56,(anonymous_3)
FN:69,(anonymous_4)
FNF:5
FNH:0
FNDA:0,waitForDb
FNDA:0,(anonymous_1)
FNDA:0,(anonymous_2)
FNDA:0,(anonymous_3)
FNDA:0,(anonymous_4)
DA:8,4
DA:9,4
DA:11,4
DA:18,4
DA:19,4
DA:23,0
DA:24,0
DA:25,0
DA:31,0
DA:32,0
DA:34,0
DA:35,0
DA:36,0
DA:39,0
DA:42,4
DA:43,0
DA:44,0
DA:45,0
DA:46,0
DA:49,4
DA:56,4
DA:57,0
DA:58,0
DA:59,0
DA:60,0
DA:61,0
DA:62,0
DA:64,0
DA:65,0
DA:69,4
DA:70,0
DA:71,0
DA:72,0
DA:74,0
LF:34
LH:9
BRDA:22,0,0,0
BRDA:22,1,0,0
BRDA:34,2,0,0
BRDA:34,2,1,0
BRF:4
BRH:0
end_of_record
TN:
SF:app/database/init.ts
FN:21,(anonymous_0)
FNF:1
FNH:0
FNDA:0,(anonymous_0)
DA:21,0
DA:23,0
DA:24,0
DA:25,0
DA:26,0
DA:27,0
DA:28,0
DA:29,0
DA:30,0
DA:31,0
DA:33,0
DA:34,0
DA:35,0
DA:37,0
DA:38,0
DA:40,0
DA:41,0
DA:42,0
LF:18
LH:0
BRF:0
BRH:0
end_of_record
TN:
SF:app/database/models.ts
FN:47,getModels
FN:73,getUserModels
FNF:2
FNH:0
FNDA:0,getModels
FNDA:0,getUserModels
DA:44,0
DA:45,0
DA:48,0
DA:49,0
DA:71,0
DA:74,0
DA:75,0
DA:76,0
DA:77,0
LF:9
LH:0
BRDA:48,0,0,0
BRDA:48,0,1,0
BRDA:74,1,0,0
BRDA:74,1,1,0
BRF:4
BRH:0
end_of_record
TN:
SF:app/database/seed.ts
FN:751,seed
FN:850,(anonymous_1)
FN:1012,(anonymous_2)
FN:1022,(anonymous_3)
FN:1027,(anonymous_4)
FN:1037,(anonymous_5)
FN:1038,(anonymous_6)
FN:1067,(anonymous_7)
FN:1080,(anonymous_8)
FN:1208,(anonymous_9)
FN:1215,(anonymous_10)
FNF:11
FNH:0
FNDA:0,seed
FNDA:0,(anonymous_1)
FNDA:0,(anonymous_2)
FNDA:0,(anonymous_3)
FNDA:0,(anonymous_4)
FNDA:0,(anonymous_5)
FNDA:0,(anonymous_6)
FNDA:0,(anonymous_7)
FNDA:0,(anonymous_8)
FNDA:0,(anonymous_9)
FNDA:0,(anonymous_10)
DA:67,0
DA:73,0
DA:132,0
DA:156,0
DA:192,0
DA:240,0
DA:752,0
DA:753,0
DA:754,0
DA:755,0
DA:756,0
DA:757,0
DA:758,0
DA:759,0
DA:761,0
DA:762,0
DA:763,0
DA:764,0
DA:765,0
DA:767,0
DA:778,0
DA:779,0
DA:780,0
DA:791,0
DA:792,0
DA:793,0
DA:796,0
DA:807,0
DA:810,0
DA:811,0
DA:822,0
DA:823,0
DA:824,0
DA:827,0
DA:837,0
DA:840,0
DA:841,0
DA:848,0
DA:849,0
DA:851,0
DA:852,0
DA:857,0
DA:859,0
DA:860,0
DA:861,0
DA:862,0
DA:865,0
DA:875,0
DA:876,0
DA:877,0
DA:878,0
DA:880,0
DA:884,0
DA:888,0
DA:891,0
DA:897,0
DA:899,0
DA:900,0
DA:906,0
DA:912,0
DA:913,0
DA:919,0
DA:920,0
DA:921,0
DA:922,0
DA:925,0
DA:935,0
DA:944,0
DA:952,0
DA:954,0
DA:955,0
DA:957,0
DA:963,0
DA:964,0
DA:966,0
DA:973,0
DA:974,0
DA:975,0
DA:976,0
DA:977,0
DA:980,0
DA:981,0
DA:982,0
DA:985,0
DA:988,0
DA:989,0
DA:990,0
DA:991,0
DA:992,0
DA:996,0
DA:997,0
DA:998,0
DA:999,0
DA:1001,0
DA:1004,0
DA:1005,0
DA:1008,0
DA:1011,0
DA:1012,0
DA:1013,0
DA:1014,0
DA:1019,0
DA:1021,0
DA:1022,0
DA:1023,0
DA:1026,0
DA:1027,0
DA:1033,0
DA:1037,0
DA:1038,0
DA:1041,0
DA:1042,0
DA:1043,0
DA:1044,0
DA:1048,0
DA:1051,0
DA:1065,0
DA:1067,0
DA:1073,0
DA:1075,0
DA:1079,0
DA:1080,0
DA:1082,0
DA:1083,0
DA:1084,0
DA:1085,0
DA:1086,0
DA:1087,0
DA:1090,0
DA:1093,0
DA:1094,0
DA:1097,0
DA:1112,0
DA:1117,0
DA:1118,0
DA:1120,0
DA:1121,0
DA:1123,0
DA:1124,0
DA:1125,0
DA:1126,0
DA:1127,0
DA:1130,0
DA:1149,0
DA:1160,0
DA:1164,0
DA:1165,0
DA:1168,0
DA:1170,0
DA:1186,0
DA:1193,0
DA:1198,0
DA:1203,0
DA:1204,0
DA:1205,0
DA:1206,0
DA:1207,0
DA:1208,0
DA:1209,0
DA:1213,0
DA:1214,0
DA:1215,0
DA:1218,0
DA:1219,0
DA:1220,0
DA:1222,0
DA:1226,0
LF:167
LH:0
BRDA:791,0,0,0
BRDA:791,0,1,0
BRDA:822,1,0,0
BRDA:822,1,1,0
BRDA:861,2,0,0
BRDA:861,2,1,0
BRDA:880,3,0,0
BRDA:880,3,1,0
BRDA:881,4,0,0
BRDA:881,4,1,0
BRDA:921,5,0,0
BRDA:921,5,1,0
BRDA:931,6,0,0
BRDA:931,6,1,0
BRDA:932,7,0,0
BRDA:932,7,1,0
BRDA:954,8,0,0
BRDA:954,8,1,0
BRDA:975,9,0,0
BRDA:975,9,1,0
BRDA:980,10,0,0
BRDA:980,10,1,0
BRDA:981,11,0,0
BRDA:981,11,1,0
BRDA:993,12,0,0
BRDA:993,12,1,0
BRDA:997,13,0,0
BRDA:997,13,1,0
BRDA:1004,14,0,0
BRDA:1004,14,1,0
BRDA:1011,15,0,0
BRDA:1011,15,1,0
BRDA:1013,16,0,0
BRDA:1013,16,1,0
BRDA:1023,17,0,0
BRDA:1023,17,1,0
BRDA:1042,18,0,0
BRDA:1042,18,1,0
BRDA:1048,19,0,0
BRDA:1048,19,1,0
BRDA:1057,20,0,0
BRDA:1057,20,1,0
BRDA:1062,21,0,0
BRDA:1062,21,1,0
BRDA:1071,22,0,0
BRDA:1071,22,1,0
BRDA:1082,23,0,0
BRDA:1082,23,1,0
BRDA:1083,24,0,0
BRDA:1083,24,1,0
BRDA:1086,25,0,0
BRDA:1086,25,1,0
BRDA:1090,26,0,0
BRDA:1090,26,1,0
BRDA:1093,27,0,0
BRDA:1093,27,1,0
BRDA:1107,28,0,0
BRDA:1107,28,1,0
BRDA:1117,29,0,0
BRDA:1117,29,1,0
BRDA:1123,30,0,0
BRDA:1123,30,1,0
BRDA:1126,31,0,0
BRDA:1126,31,1,0
BRDA:1137,32,0,0
BRDA:1137,32,1,0
BRDA:1138,33,0,0
BRDA:1138,33,1,0
BRDA:1139,34,0,0
BRDA:1139,34,1,0
BRDA:1141,35,0,0
BRDA:1141,35,1,0
BRDA:1151,36,0,0
BRDA:1151,36,1,0
BRDA:1152,37,0,0
BRDA:1152,37,1,0
BRDA:1153,38,0,0
BRDA:1153,38,1,0
BRDA:1155,39,0,0
BRDA:1155,39,1,0
BRDA:1164,40,0,0
BRDA:1164,40,1,0
BRDA:1165,41,0,0
BRDA:1165,41,1,0
BRDA:1168,42,0,0
BRDA:1168,42,1,0
BRDA:1213,43,0,0
BRDA:1213,43,1,0
BRF:88
BRH:0
end_of_record
TN:
SF:app/docs/swagger.ts
FNF:0
FNH:0
DA:3,0
DA:5,0
DA:19,0
DA:30,0
DA:40,0
DA:85,0
DA:98,0
DA:109,0
DA:120,0
DA:148,0
DA:177,0
DA:191,0
DA:226,0
DA:238,0
DA:283,0
DA:318,0
DA:386,0
DA:399,0
DA:449,0
DA:473,0
DA:485,0
DA:507,0
DA:515,0
DA:1113,0
DA:1118,0
LF:25
LH:0
BRF:0
BRH:0
end_of_record
TN:
SF:app/domains/exam-application/main.ts
FNF:0
FNH:0
DA:7,0
DA:9,0
DA:10,0
DA:11,0
LF:4
LH:0
BRF:0
BRH:0
end_of_record
TN:
SF:app/domains/exam-application/api/controllers/examAssignmentsControllers.ts
FN:20,createExamAssignment
FN:43,listStudentExams
FN:65,sendExamToEvaluator
FN:89,listEvaluatorExams
FNF:4
FNH:0
FNDA:0,createExamAssignment
FNDA:0,listStudentExams
FNDA:0,sendExamToEvaluator
FNDA:0,listEvaluatorExams
DA:25,0
DA:26,0
DA:27,0
DA:28,0
DA:29,0
DA:31,0
DA:36,0
DA:37,0
DA:39,0
DA:48,0
DA:49,0
DA:50,0
DA:51,0
DA:53,0
DA:59,0
DA:61,0
DA:70,0
DA:71,0
DA:72,0
DA:73,0
DA:76,0
DA:77,0
DA:82,0
DA:83,0
DA:85,0
DA:94,0
DA:95,0
DA:96,0
DA:97,0
DA:100,0
DA:107,0
DA:109,0
LF:32
LH:0
BRDA:28,0,0,0
BRDA:28,0,1,0
BRDA:50,1,0,0
BRDA:50,1,1,0
BRDA:72,2,0,0
BRDA:72,2,1,0
BRDA:96,3,0,0
BRDA:96,3,1,0
BRF:8
BRH:0
end_of_record
TN:
SF:app/domains/exam-application/api/controllers/examRegradeController.ts
FN:8,requestExamRegrade
FNF:1
FNH:0
FNDA:0,requestExamRegrade
DA:13,0
DA:14,0
DA:15,0
DA:16,0
DA:19,0
DA:24,0
DA:26,0
DA:28,0
LF:8
LH:0
BRDA:15,0,0,0
BRDA:15,0,1,0
BRF:2
BRH:0
end_of_record
TN:
SF:app/domains/exam-application/api/controllers/examResponseControllers.ts
FN:22,createExamResponse
FN:46,updateExamResponse
FN:72,getExamResponseByIndex
FN:97,getExamQuestionDetail
FN:121,calculateExamGrade
FNF:5
FNH:0
FNDA:0,createExamResponse
FNDA:0,updateExamResponse
FNDA:0,getExamResponseByIndex
FNDA:0,getExamQuestionDetail
FNDA:0,calculateExamGrade
DA:27,0
DA:28,0
DA:29,0
DA:30,0
DA:33,0
DA:38,0
DA:40,0
DA:42,0
DA:51,0
DA:52,0
DA:53,0
DA:54,0
DA:57,0
DA:58,0
DA:64,0
DA:66,0
DA:68,0
DA:77,0
DA:78,0
DA:79,0
DA:80,0
DA:83,0
DA:84,0
DA:89,0
DA:91,0
DA:93,0
DA:102,0
DA:103,0
DA:104,0
DA:105,0
DA:108,0
DA:109,0
DA:114,0
DA:115,0
DA:117,0
DA:126,0
DA:127,0
DA:128,0
DA:129,0
DA:132,0
DA:133,0
DA:138,0
DA:139,0
DA:141,0
LF:44
LH:0
BRDA:29,0,0,0
BRDA:29,0,1,0
BRDA:53,1,0,0
BRDA:53,1,1,0
BRDA:79,2,0,0
BRDA:79,2,1,0
BRDA:104,3,0,0
BRDA:104,3,1,0
BRDA:128,4,0,0
BRDA:128,4,1,0
BRF:10
BRH:0
end_of_record
TN:
SF:app/domains/exam-application/api/routes/examAssignmentRoutes.ts
FNF:0
FNH:0
DA:13,0
DA:110,0
DA:192,0
DA:229,0
DA:276,0
LF:5
LH:0
BRF:0
BRH:0
end_of_record
TN:
SF:app/domains/exam-application/api/routes/examRegradeRoutes.ts
FNF:0
FNH:0
DA:8,0
DA:76,0
LF:2
LH:0
BRF:0
BRH:0
end_of_record
TN:
SF:app/domains/exam-application/api/routes/examResponseRoutes.ts
FNF:0
FNH:0
DA:14,0
DA:59,0
DA:96,0
DA:145,0
DA:194,0
DA:237,0
LF:6
LH:0
BRF:0
BRH:0
end_of_record
TN:
SF:app/domains/exam-application/api/swaggerSchemas/examAssignmentSchemas.ts
FNF:0
FNH:0
LF:0
LH:0
BRF:0
BRH:0
end_of_record
TN:
SF:app/domains/exam-application/application/commands/calculateExamGradeCommand.ts
FN:13,(anonymous_0)
FN:17,(anonymous_1)
FNF:2
FNH:0
FNDA:0,(anonymous_0)
FNDA:0,(anonymous_1)
DA:13,0
DA:14,0
DA:20,0
DA:21,0
LF:4
LH:0
BRF:0
BRH:0
end_of_record
TN:
SF:app/domains/exam-application/application/commands/createExamAssignmentCommand.ts
FN:13,(anonymous_0)
FN:17,(anonymous_1)
FNF:2
FNH:0
FNDA:0,(anonymous_0)
FNDA:0,(anonymous_1)
DA:13,0
DA:14,0
DA:20,0
DA:27,0
LF:4
LH:0
BRF:0
BRH:0
end_of_record
TN:
SF:app/domains/exam-application/application/commands/createExamResponseCommand.ts
FN:13,(anonymous_0)
FN:17,(anonymous_1)
FNF:2
FNH:0
FNDA:0,(anonymous_0)
FNDA:0,(anonymous_1)
DA:13,0
DA:14,0
DA:20,0
DA:21,0
LF:4
LH:0
BRF:0
BRH:0
end_of_record
TN:
SF:app/domains/exam-application/application/commands/requestExamRegradeCommand.ts
FN:13,(anonymous_0)
FN:17,(anonymous_1)
FNF:2
FNH:0
FNDA:0,(anonymous_0)
FNDA:0,(anonymous_1)
DA:13,0
DA:14,0
DA:20,0
DA:21,0
LF:4
LH:0
BRF:0
BRH:0
end_of_record
TN:
SF:app/domains/exam-application/application/commands/sendExamToEvaluatorCommand.ts
FN:13,(anonymous_0)
FN:17,(anonymous_1)
FNF:2
FNH:0
FNDA:0,(anonymous_0)
FNDA:0,(anonymous_1)
DA:13,0
DA:14,0
DA:20,0
DA:21,0
LF:4
LH:0
BRF:0
BRH:0
end_of_record
TN:
SF:app/domains/exam-application/application/commands/updateExamResponseCommand.ts
FN:13,(anonymous_0)
FN:17,(anonymous_1)
FNF:2
FNH:0
FNDA:0,(anonymous_0)
FNDA:0,(anonymous_1)
DA:13,0
DA:14,0
DA:20,0
DA:21,0
LF:4
LH:0
BRF:0
BRH:0
end_of_record
TN:
SF:app/domains/exam-application/application/queries/getExamQuestionDetailQuery.ts
FN:11,(anonymous_0)
FN:15,(anonymous_1)
FNF:2
FNH:0
FNDA:0,(anonymous_0)
FNDA:0,(anonymous_1)
DA:11,0
DA:12,0
DA:18,0
DA:19,0
LF:4
LH:0
BRF:0
BRH:0
end_of_record
TN:
SF:app/domains/exam-application/application/queries/getExamResponseByIndexQuery.ts
FN:13,(anonymous_0)
FN:17,(anonymous_1)
FNF:2
FNH:0
FNDA:0,(anonymous_0)
FNDA:0,(anonymous_1)
DA:13,0
DA:14,0
DA:20,0
DA:21,0
LF:4
LH:0
BRF:0
BRH:0
end_of_record
TN:
SF:app/domains/exam-application/application/queries/listEvaluatorExamsQuery.ts
FN:13,(anonymous_0)
FN:17,(anonymous_1)
FNF:2
FNH:0
FNDA:0,(anonymous_0)
FNDA:0,(anonymous_1)
DA:13,0
DA:14,0
DA:20,0
DA:21,0
DA:22,0
DA:24,0
DA:30,0
LF:7
LH:0
BRDA:20,0,0,0
BRDA:20,0,1,0
BRDA:21,1,0,0
BRDA:21,1,1,0
BRF:4
BRH:0
end_of_record
TN:
SF:app/domains/exam-application/application/queries/listStudentExamsQuery.ts
FN:13,(anonymous_0)
FN:17,(anonymous_1)
FNF:2
FNH:0
FNDA:0,(anonymous_0)
FNDA:0,(anonymous_1)
DA:13,0
DA:14,0
DA:20,0
DA:21,0
DA:22,0
DA:24,0
DA:33,0
LF:7
LH:0
BRDA:20,0,0,0
BRDA:20,0,1,0
BRDA:21,1,0,0
BRDA:21,1,1,0
BRF:4
BRH:0
end_of_record
TN:
SF:app/domains/exam-application/domain/ports/IExamAssignmentRepository.ts
FNF:0
FNH:0
LF:0
LH:0
BRF:0
BRH:0
end_of_record
TN:
SF:app/domains/exam-application/domain/ports/IExamRegradeRepository.ts
FNF:0
FNH:0
LF:0
LH:0
BRF:0
BRH:0
end_of_record
TN:
SF:app/domains/exam-application/domain/ports/IExamResponseRepository.ts
FNF:0
FNH:0
LF:0
LH:0
BRF:0
BRH:0
end_of_record
TN:
SF:app/domains/exam-application/domain/services/examAssigmentService.ts
FN:51,(anonymous_0)
FN:72,(anonymous_1)
FN:99,(anonymous_2)
FN:99,(anonymous_3)
FN:123,(anonymous_4)
FN:137,(anonymous_5)
FN:172,(anonymous_6)
FN:186,(anonymous_7)
FN:196,(anonymous_8)
FN:214,(anonymous_9)
FN:227,(anonymous_10)
FN:278,(anonymous_11)
FN:324,(anonymous_12)
FN:349,(anonymous_13)
FN:403,(anonymous_14)
FN:417,(anonymous_15)
FN:418,(anonymous_16)
FN:452,(anonymous_17)
FN:511,(anonymous_18)
FN:527,(anonymous_19)
FN:540,(anonymous_20)
FN:587,(anonymous_21)
FN:602,(anonymous_22)
FNF:23
FNH:18
FNDA:4,(anonymous_0)
FNDA:2,(anonymous_1)
FNDA:2,(anonymous_2)
FNDA:3,(anonymous_3)
FNDA:2,(anonymous_4)
FNDA:1,(anonymous_5)
FNDA:1,(anonymous_6)
FNDA:1,(anonymous_7)
FNDA:2,(anonymous_8)
FNDA:2,(anonymous_9)
FNDA:1,(anonymous_10)
FNDA:0,(anonymous_11)
FNDA:0,(anonymous_12)
FNDA:1,(anonymous_13)
FNDA:2,(anonymous_14)
FNDA:2,(anonymous_15)
FNDA:2,(anonymous_16)
FNDA:0,(anonymous_17)
FNDA:0,(anonymous_18)
FNDA:1,(anonymous_19)
FNDA:1,(anonymous_20)
FNDA:0,(anonymous_21)
FNDA:1,(anonymous_22)
DA:61,4
DA:62,4
DA:63,4
DA:64,4
DA:65,4
DA:66,4
DA:67,4
DA:68,4
DA:69,4
DA:79,2
DA:80,2
DA:81,2
DA:83,2
DA:86,1
DA:89,1
DA:90,1
DA:92,1
DA:93,0
DA:98,1
DA:99,3
DA:101,1
DA:102,0
DA:109,1
DA:118,1
DA:121,1
DA:123,2
DA:129,1
DA:130,1
DA:132,1
DA:133,1
DA:141,1
DA:143,1
DA:144,1
DA:145,0
DA:147,1
DA:149,1
DA:154,1
DA:155,1
DA:156,0
DA:161,1
DA:162,1
DA:163,1
DA:164,0
DA:169,1
DA:173,1
DA:174,0
DA:177,1
DA:193,1
DA:196,1
DA:197,2
DA:206,1
DA:207,1
DA:209,0
DA:210,0
DA:215,2
DA:216,2
DA:217,2
DA:218,0
DA:220,2
DA:221,1
DA:235,1
DA:236,1
DA:238,1
DA:240,1
DA:246,1
DA:247,1
DA:248,0
DA:253,1
DA:256,1
DA:259,1
DA:270,1
DA:271,1
DA:273,0
DA:274,0
DA:281,0
DA:282,0
DA:284,0
DA:285,0
DA:286,0
DA:291,0
DA:292,0
DA:297,0
DA:298,0
DA:299,0
DA:304,0
DA:309,0
DA:310,0
DA:311,0
DA:316,0
DA:317,0
DA:319,0
DA:320,0
DA:325,0
DA:326,0
DA:328,0
DA:329,0
DA:330,0
DA:332,0
DA:341,0
DA:342,0
DA:344,0
DA:345,0
DA:352,1
DA:353,1
DA:355,1
DA:356,1
DA:357,1
DA:358,1
DA:359,0
DA:364,1
DA:368,1
DA:369,0
DA:374,1
DA:375,0
DA:380,1
DA:385,1
DA:386,0
DA:391,1
DA:392,1
DA:393,0
DA:402,1
DA:403,2
DA:406,1
DA:407,0
DA:411,1
DA:413,1
DA:417,2
DA:418,1
DA:419,2
DA:420,2
DA:421,0
DA:423,2
DA:424,2
DA:428,2
DA:431,1
DA:433,1
DA:438,1
DA:439,1
DA:447,0
DA:448,0
DA:453,0
DA:454,0
DA:456,0
DA:457,0
DA:458,0
DA:463,0
DA:464,0
DA:469,0
DA:470,0
DA:475,0
DA:479,0
DA:480,0
DA:485,0
DA:486,0
DA:487,0
DA:492,0
DA:494,0
DA:503,0
DA:504,0
DA:506,0
DA:507,0
DA:516,0
DA:518,0
DA:520,0
DA:521,0
DA:528,1
DA:529,1
DA:531,1
DA:532,1
DA:533,1
DA:534,1
DA:535,1
DA:544,1
DA:545,0
DA:548,1
DA:553,0
DA:556,1
DA:557,0
DA:560,1
DA:561,0
DA:564,1
DA:569,1
DA:570,0
DA:573,1
DA:574,1
DA:575,0
DA:578,1
DA:580,1
DA:581,1
DA:584,0
DA:588,0
DA:593,0
DA:594,0
DA:595,0
DA:599,0
DA:603,1
DA:608,1
DA:609,1
DA:610,0
DA:614,1
LF:200
LH:113
BRDA:92,0,0,0
BRDA:92,0,1,1
BRDA:101,1,0,0
BRDA:101,1,1,1
BRDA:144,2,0,0
BRDA:144,2,1,1
BRDA:155,3,0,0
BRDA:155,3,1,1
BRDA:163,4,0,0
BRDA:163,4,1,1
BRDA:173,5,0,0
BRDA:173,5,1,1
BRDA:217,6,0,0
BRDA:217,6,1,2
BRDA:220,7,0,1
BRDA:220,7,1,1
BRDA:247,8,0,0
BRDA:247,8,1,1
BRDA:291,9,0,0
BRDA:291,9,1,0
BRDA:298,10,0,0
BRDA:298,10,1,0
BRDA:310,11,0,0
BRDA:310,11,1,0
BRDA:358,12,0,0
BRDA:358,12,1,1
BRDA:368,13,0,0
BRDA:368,13,1,1
BRDA:374,14,0,0
BRDA:374,14,1,1
BRDA:385,15,0,0
BRDA:385,15,1,1
BRDA:392,16,0,0
BRDA:392,16,1,1
BRDA:406,17,0,0
BRDA:406,17,1,1
BRDA:420,18,0,0
BRDA:420,18,1,2
BRDA:423,19,0,2
BRDA:423,19,1,1
BRDA:423,19,2,0
BRDA:463,20,0,0
BRDA:463,20,1,0
BRDA:469,21,0,0
BRDA:469,21,1,0
BRDA:479,22,0,0
BRDA:479,22,1,0
BRDA:486,23,0,0
BRDA:486,23,1,0
BRDA:498,24,0,0
BRDA:498,24,1,0
BRDA:518,25,0,0
BRDA:518,25,1,0
BRDA:520,26,0,0
BRDA:520,26,1,0
BRDA:529,27,0,0
BRDA:529,27,1,1
BRDA:534,28,0,1
BRDA:534,28,1,0
BRDA:534,29,0,1
BRDA:534,29,1,1
BRDA:544,30,0,0
BRDA:544,30,1,1
BRDA:548,31,0,0
BRDA:548,31,1,1
BRDA:549,32,0,1
BRDA:549,32,1,1
BRDA:549,32,2,1
BRDA:556,33,0,0
BRDA:556,33,1,1
BRDA:560,34,0,0
BRDA:560,34,1,1
BRDA:569,35,0,0
BRDA:569,35,1,1
BRDA:573,36,0,1
BRDA:573,36,1,0
BRDA:574,37,0,0
BRDA:574,37,1,1
BRDA:580,38,0,1
BRDA:580,38,1,0
BRDA:594,39,0,0
BRDA:594,39,1,0
BRDA:609,40,0,0
BRDA:609,40,1,1
BRF:84
BRH:35
end_of_record
TN:
SF:app/domains/exam-application/domain/services/examResponseService.ts
FN:37,(anonymous_0)
FN:52,(anonymous_1)
FN:77,(anonymous_2)
FN:110,(anonymous_3)
FN:142,(anonymous_4)
FN:169,(anonymous_5)
FN:175,(anonymous_6)
FN:175,(anonymous_7)
FN:179,(anonymous_8)
FN:197,(anonymous_9)
FN:213,(anonymous_10)
FN:225,(anonymous_11)
FN:236,(anonymous_12)
FNF:13
FNH:12
FNDA:4,(anonymous_0)
FNDA:2,(anonymous_1)
FNDA:1,(anonymous_2)
FNDA:1,(anonymous_3)
FNDA:0,(anonymous_4)
FNDA:1,(anonymous_5)
FNDA:2,(anonymous_6)
FNDA:1,(anonymous_7)
FNDA:2,(anonymous_8)
FNDA:1,(anonymous_9)
FNDA:4,(anonymous_10)
FNDA:3,(anonymous_11)
FNDA:2,(anonymous_12)
DA:44,4
DA:45,4
DA:46,4
DA:47,4
DA:48,4
DA:49,4
DA:53,2
DA:54,2
DA:56,2
DA:57,2
DA:58,2
DA:60,2
DA:61,1
DA:63,1
DA:73,1
DA:74,1
DA:78,1
DA:79,1
DA:81,1
DA:82,1
DA:83,1
DA:84,0
DA:86,1
DA:87,1
DA:90,0
DA:91,0
DA:93,0
DA:96,0
DA:98,0
DA:106,0
DA:107,0
DA:113,1
DA:114,1
DA:116,1
DA:117,1
DA:119,0
DA:123,0
DA:124,0
DA:127,0
DA:132,0
DA:133,0
DA:138,0
DA:139,0
DA:145,0
DA:146,0
DA:148,0
DA:149,0
DA:150,0
DA:152,0
DA:156,0
DA:157,0
DA:160,0
DA:161,0
DA:162,0
DA:165,0
DA:166,0
DA:173,1
DA:174,1
DA:175,2
DA:178,1
DA:179,2
DA:182,1
DA:183,1
DA:184,2
DA:185,1
DA:187,1
DA:191,1
DA:194,0
DA:200,1
DA:201,1
DA:202,0
DA:205,1
DA:206,1
DA:207,0
DA:210,1
DA:214,4
DA:218,4
DA:219,4
DA:220,0
DA:222,4
DA:226,3
DA:230,3
DA:231,1
DA:233,2
DA:237,2
DA:238,2
DA:239,1
LF:87
LH:54
BRDA:67,0,0,1
BRDA:67,0,1,0
BRDA:68,1,0,2
BRDA:68,1,1,1
BRDA:83,2,0,0
BRDA:83,2,1,1
BRDA:86,3,0,1
BRDA:86,3,1,0
BRDA:100,4,0,0
BRDA:100,4,1,0
BRDA:101,5,0,1
BRDA:101,5,1,0
BRDA:123,6,0,0
BRDA:123,6,1,0
BRDA:132,7,0,0
BRDA:132,7,1,0
BRDA:156,8,0,0
BRDA:156,8,1,0
BRDA:161,9,0,0
BRDA:161,9,1,0
BRDA:173,10,0,1
BRDA:173,10,1,0
BRDA:173,11,0,1
BRDA:173,11,1,1
BRDA:178,12,0,1
BRDA:178,12,1,0
BRDA:184,13,0,1
BRDA:184,13,1,1
BRDA:201,14,0,0
BRDA:201,14,1,1
BRDA:206,15,0,0
BRDA:206,15,1,1
BRDA:219,16,0,0
BRDA:219,16,1,4
BRDA:230,17,0,1
BRDA:230,17,1,2
BRDA:238,18,0,1
BRDA:238,18,1,1
BRF:38
BRH:19
end_of_record
TN:
SF:app/domains/exam-application/entities/enums/AssignedExamStatus.ts
FN:1,(anonymous_0)
FNF:1
FNH:1
FNDA:3,(anonymous_0)
DA:1,3
DA:2,3
DA:3,3
DA:4,3
DA:5,3
DA:6,3
DA:7,3
LF:7
LH:7
BRDA:1,0,0,3
BRDA:1,0,1,3
BRF:2
BRH:2
end_of_record
TN:
SF:app/domains/exam-application/entities/enums/ExamRegradeStatus.ts
FN:1,(anonymous_0)
FNF:1
FNH:1
FNDA:2,(anonymous_0)
DA:1,2
DA:2,2
DA:3,2
DA:4,2
DA:5,2
LF:5
LH:5
BRDA:1,0,0,2
BRDA:1,0,1,2
BRF:2
BRH:2
end_of_record
TN:
SF:app/domains/exam-application/entities/enums/ExamStatusEnum.ts
FN:1,(anonymous_0)
FNF:1
FNH:1
FNDA:4,(anonymous_0)
DA:1,4
DA:2,4
DA:3,4
DA:4,4
DA:5,4
DA:6,4
LF:6
LH:6
BRDA:1,0,0,4
BRDA:1,0,1,4
BRF:2
BRH:2
end_of_record
TN:
SF:app/domains/exam-application/schemas/examAssignmentSchema.ts
FN:22,(anonymous_0)
FNF:1
FNH:0
FNDA:0,(anonymous_0)
DA:7,0
DA:16,0
DA:22,0
DA:29,0
DA:38,0
DA:47,0
DA:56,0
DA:69,0
DA:82,0
DA:94,0
DA:107,0
LF:11
LH:0
BRF:0
BRH:0
end_of_record
TN:
SF:app/domains/exam-application/schemas/examRegradeSchema.ts
FN:12,(anonymous_0)
FNF:1
FNH:0
FNDA:0,(anonymous_0)
DA:6,0
DA:12,0
DA:21,0
DA:28,0
DA:37,0
LF:5
LH:0
BRF:0
BRH:0
end_of_record
TN:
SF:app/domains/exam-application/schemas/examResponseSchema.ts
FN:15,(anonymous_0)
FNF:1
FNH:0
FNDA:0,(anonymous_0)
DA:3,0
DA:10,0
DA:15,0
DA:22,0
DA:32,0
DA:42,0
DA:50,0
DA:59,0
DA:67,0
DA:76,0
LF:10
LH:0
BRF:0
BRH:0
end_of_record
TN:
SF:app/domains/exam-generation/main.ts
FNF:0
FNH:0
DA:6,0
DA:8,0
DA:9,0
LF:3
LH:0
BRF:0
BRH:0
end_of_record
TN:
SF:app/domains/exam-generation/api/controllers/examController.ts
FN:37,ensureCurrentUserId
FN:48,normalizeQuestionTypeCounts
FN:49,(anonymous_2)
FN:55,normalizeDifficultyCounts
FN:63,(anonymous_4)
FN:69,normalizeSubtopicDistribution
FN:71,(anonymous_6)
FN:81,tryGetAuthenticatedUser
FN:104,listExams
FN:129,(anonymous_9)
FN:149,getExamById
FN:159,createManualExam
FN:178,createAutomaticExam
FN:203,updateExam
FN:214,requestExamReview
FN:233,acceptExam
FN:249,rejectExam
FN:265,deleteExam
FNF:18
FNH:0
FNDA:0,ensureCurrentUserId
FNDA:0,normalizeQuestionTypeCounts
FNDA:0,(anonymous_2)
FNDA:0,normalizeDifficultyCounts
FNDA:0,(anonymous_4)
FNDA:0,normalizeSubtopicDistribution
FNDA:0,(anonymous_6)
FNDA:0,tryGetAuthenticatedUser
FNDA:0,listExams
FNDA:0,(anonymous_9)
FNDA:0,getExamById
FNDA:0,createManualExam
FNDA:0,createAutomaticExam
FNDA:0,updateExam
FNDA:0,requestExamReview
FNDA:0,acceptExam
FNDA:0,rejectExam
FNDA:0,deleteExam
DA:38,0
DA:39,0
DA:40,0
DA:42,0
DA:49,0
DA:58,0
DA:63,0
DA:64,0
DA:66,0
DA:70,0
DA:71,0
DA:77,0
DA:82,0
DA:83,0
DA:85,0
DA:86,0
DA:91,0
DA:92,0
DA:95,0
DA:100,0
DA:105,0
DA:106,0
DA:107,0
DA:108,0
DA:109,0
DA:110,0
DA:111,0
DA:112,0
DA:113,0
DA:114,0
DA:115,0
DA:118,0
DA:119,0
DA:120,0
DA:122,0
DA:129,0
DA:131,0
DA:133,0
DA:134,0
DA:135,0
DA:138,0
DA:139,0
DA:142,0
DA:143,0
DA:145,0
DA:150,0
DA:151,0
DA:152,0
DA:153,0
DA:155,0
DA:164,0
DA:165,0
DA:166,0
DA:167,0
DA:171,0
DA:172,0
DA:174,0
DA:183,0
DA:184,0
DA:185,0
DA:186,0
DA:196,0
DA:197,0
DA:199,0
DA:204,0
DA:205,0
DA:206,0
DA:207,0
DA:208,0
DA:210,0
DA:219,0
DA:220,0
DA:221,0
DA:222,0
DA:226,0
DA:227,0
DA:229,0
DA:234,0
DA:235,0
DA:236,0
DA:237,0
DA:242,0
DA:243,0
DA:245,0
DA:250,0
DA:251,0
DA:252,0
DA:253,0
DA:258,0
DA:259,0
DA:261,0
DA:266,0
DA:267,0
DA:268,0
DA:269,0
DA:271,0
LF:96
LH:0
BRDA:39,0,0,0
BRDA:39,0,1,0
BRDA:70,1,0,0
BRDA:70,1,1,0
BRDA:83,2,0,0
BRDA:83,2,1,0
BRDA:91,3,0,0
BRDA:91,3,1,0
BRDA:97,4,0,0
BRDA:97,4,1,0
BRDA:109,5,0,0
BRDA:109,5,1,0
BRDA:109,6,0,0
BRDA:109,6,1,0
BRDA:111,7,0,0
BRDA:111,7,1,0
BRDA:112,8,0,0
BRDA:112,8,1,0
BRDA:113,9,0,0
BRDA:113,9,1,0
BRDA:122,10,0,0
BRDA:122,10,1,0
BRDA:124,11,0,0
BRDA:124,11,1,0
BRDA:124,12,0,0
BRDA:124,12,1,0
BRDA:129,13,0,0
BRDA:129,13,1,0
BRDA:133,14,0,0
BRDA:133,14,1,0
BRF:30
BRH:0
end_of_record
TN:
SF:app/domains/exam-generation/api/routes/examRoutes.ts
FNF:0
FNH:0
DA:15,0
DA:74,0
DA:97,0
DA:120,0
DA:182,0
DA:183,0
DA:184,0
DA:208,0
DA:238,0
DA:268,0
LF:10
LH:0
BRF:0
BRH:0
end_of_record
TN:
SF:app/domains/exam-generation/application/commands/AcceptExamCommand.ts
FN:9,(anonymous_0)
FN:13,(anonymous_1)
FNF:2
FNH:0
FNDA:0,(anonymous_0)
FNDA:0,(anonymous_1)
DA:9,0
DA:10,0
DA:14,0
DA:15,0
LF:4
LH:0
BRF:0
BRH:0
end_of_record
TN:
SF:app/domains/exam-generation/application/commands/CreateAutomaticExamCommand.ts
FN:10,(anonymous_0)
FN:14,(anonymous_1)
FNF:2
FNH:0
FNDA:0,(anonymous_0)
FNDA:0,(anonymous_1)
DA:10,0
DA:11,0
DA:17,0
DA:18,0
LF:4
LH:0
BRF:0
BRH:0
end_of_record
TN:
SF:app/domains/exam-generation/application/commands/CreateManualExamCommand.ts
FN:10,(anonymous_0)
FN:14,(anonymous_1)
FNF:2
FNH:0
FNDA:0,(anonymous_0)
FNDA:0,(anonymous_1)
DA:10,0
DA:11,0
DA:17,0
DA:18,0
LF:4
LH:0
BRF:0
BRH:0
end_of_record
TN:
SF:app/domains/exam-generation/application/commands/DeleteExamCommand.ts
FN:6,(anonymous_0)
FN:10,(anonymous_1)
FNF:2
FNH:0
FNDA:0,(anonymous_0)
FNDA:0,(anonymous_1)
DA:6,0
DA:7,0
DA:11,0
LF:3
LH:0
BRF:0
BRH:0
end_of_record
TN:
SF:app/domains/exam-generation/application/commands/RejectExamCommand.ts
FN:9,(anonymous_0)
FN:13,(anonymous_1)
FNF:2
FNH:0
FNDA:0,(anonymous_0)
FNDA:0,(anonymous_1)
DA:9,0
DA:10,0
DA:14,0
DA:15,0
LF:4
LH:0
BRF:0
BRH:0
end_of_record
TN:
SF:app/domains/exam-generation/application/commands/RequestExamReviewCommand.ts
FN:15,(anonymous_0)
FN:19,(anonymous_1)
FNF:2
FNH:0
FNDA:0,(anonymous_0)
FNDA:0,(anonymous_1)
DA:15,0
DA:16,0
DA:20,0
DA:21,0
LF:4
LH:0
BRF:0
BRH:0
end_of_record
TN:
SF:app/domains/exam-generation/application/commands/UpdateExamCommand.ts
FN:12,(anonymous_0)
FN:16,(anonymous_1)
FNF:2
FNH:0
FNDA:0,(anonymous_0)
FNDA:0,(anonymous_1)
DA:12,0
DA:13,0
DA:17,0
DA:18,0
LF:4
LH:0
BRF:0
BRH:0
end_of_record
TN:
SF:app/domains/exam-generation/application/queries/GetExamByIdQuery.ts
FN:8,(anonymous_0)
FN:12,(anonymous_1)
FNF:2
FNH:0
FNDA:0,(anonymous_0)
FNDA:0,(anonymous_1)
DA:8,0
DA:9,0
DA:15,0
DA:16,0
DA:17,0
DA:19,0
LF:6
LH:0
BRDA:16,0,0,0
BRDA:16,0,1,0
BRF:2
BRH:0
end_of_record
TN:
SF:app/domains/exam-generation/application/queries/ListExamsQuery.ts
FN:7,(anonymous_0)
FN:11,(anonymous_1)
FNF:2
FNH:0
FNDA:0,(anonymous_0)
FNDA:0,(anonymous_1)
DA:7,0
DA:8,0
DA:14,0
DA:15,0
DA:16,0
DA:17,0
LF:6
LH:0
BRDA:14,0,0,0
BRDA:14,0,1,0
BRDA:15,1,0,0
BRDA:15,1,1,0
BRF:4
BRH:0
end_of_record
TN:
SF:app/domains/exam-generation/domain/ports/IExamQuestionRepository.ts
FNF:0
FNH:0
LF:0
LH:0
BRF:0
BRH:0
end_of_record
TN:
SF:app/domains/exam-generation/domain/ports/IExamRepository.ts
FNF:0
FNH:0
LF:0
LH:0
BRF:0
BRH:0
end_of_record
TN:
SF:app/domains/exam-generation/domain/ports/IQuestionRepository.ts
FNF:0
FNH:0
LF:0
LH:0
BRF:0
BRH:0
end_of_record
TN:
SF:app/domains/exam-generation/domain/services/examService.ts
FN:42,(anonymous_0)
FN:46,(anonymous_1)
FN:64,(anonymous_2)
FN:71,(anonymous_3)
FN:112,(anonymous_4)
FN:115,(anonymous_5)
FN:130,(anonymous_6)
FN:138,(anonymous_7)
FN:145,(anonymous_8)
FN:152,(anonymous_9)
FN:159,(anonymous_10)
FN:168,(anonymous_11)
FN:181,(anonymous_12)
FN:196,(anonymous_13)
FN:203,(anonymous_14)
FN:212,(anonymous_15)
FN:247,(anonymous_16)
FN:258,(anonymous_17)
FN:270,(anonymous_18)
FN:283,(anonymous_19)
FN:292,(anonymous_20)
FN:302,(anonymous_21)
FN:308,(anonymous_22)
FN:319,(anonymous_23)
FN:355,(anonymous_24)
FN:364,(anonymous_25)
FN:373,(anonymous_26)
FN:394,(anonymous_27)
FN:408,(anonymous_28)
FN:427,(anonymous_29)
FN:439,(anonymous_30)
FN:470,(anonymous_31)
FN:489,(anonymous_32)
FN:501,(anonymous_33)
FN:520,(anonymous_34)
FN:528,(anonymous_35)
FN:569,(anonymous_36)
FN:597,(anonymous_37)
FNF:38
FNH:25
FNDA:4,(anonymous_0)
FNDA:1,(anonymous_1)
FNDA:1,(anonymous_2)
FNDA:1,(anonymous_3)
FNDA:1,(anonymous_4)
FNDA:1,(anonymous_5)
FNDA:1,(anonymous_6)
FNDA:2,(anonymous_7)
FNDA:1,(anonymous_8)
FNDA:3,(anonymous_9)
FNDA:3,(anonymous_10)
FNDA:1,(anonymous_11)
FNDA:0,(anonymous_12)
FNDA:1,(anonymous_13)
FNDA:1,(anonymous_14)
FNDA:3,(anonymous_15)
FNDA:1,(anonymous_16)
FNDA:1,(anonymous_17)
FNDA:1,(anonymous_18)
FNDA:0,(anonymous_19)
FNDA:1,(anonymous_20)
FNDA:1,(anonymous_21)
FNDA:2,(anonymous_22)
FNDA:0,(anonymous_23)
FNDA:1,(anonymous_24)
FNDA:2,(anonymous_25)
FNDA:2,(anonymous_26)
FNDA:1,(anonymous_27)
FNDA:0,(anonymous_28)
FNDA:0,(anonymous_29)
FNDA:0,(anonymous_30)
FNDA:0,(anonymous_31)
FNDA:0,(anonymous_32)
FNDA:0,(anonymous_33)
FNDA:0,(anonymous_34)
FNDA:0,(anonymous_35)
FNDA:0,(anonymous_36)
FNDA:0,(anonymous_37)
DA:42,4
DA:43,4
DA:47,1
DA:60,1
DA:61,1
DA:65,1
DA:66,1
DA:67,0
DA:68,0
DA:76,1
DA:77,0
DA:86,1
DA:87,1
DA:88,1
DA:89,2
DA:90,0
DA:94,2
DA:95,0
DA:103,2
DA:104,0
DA:108,2
DA:109,2
DA:112,1
DA:116,1
DA:117,1
DA:118,1
DA:119,2
DA:120,2
DA:122,1
DA:123,1
DA:124,1
DA:125,1
DA:127,1
DA:131,1
DA:132,1
DA:138,2
DA:140,1
DA:141,1
DA:142,0
DA:146,1
DA:151,1
DA:152,3
DA:155,1
DA:156,0
DA:158,1
DA:159,3
DA:162,1
DA:163,1
DA:164,0
DA:165,0
DA:173,1
DA:185,0
DA:202,1
DA:203,1
DA:204,1
DA:205,1
DA:211,1
DA:212,1
DA:213,3
DA:214,3
DA:215,1
DA:223,1
DA:225,1
DA:226,1
DA:227,1
DA:228,1
DA:229,1
DA:230,1
DA:231,1
DA:232,1
DA:233,1
DA:234,1
DA:237,1
DA:238,0
DA:246,1
DA:247,1
DA:250,1
DA:251,0
DA:258,1
DA:259,1
DA:260,0
DA:267,1
DA:274,1
DA:275,1
DA:276,0
DA:280,1
DA:284,0
DA:285,0
DA:286,0
DA:287,0
DA:289,0
DA:293,1
DA:294,1
DA:295,0
DA:299,1
DA:303,1
DA:304,1
DA:305,1
DA:309,2
DA:310,2
DA:311,0
DA:316,2
DA:324,0
DA:325,0
DA:326,0
DA:335,0
DA:336,0
DA:337,0
DA:341,0
DA:342,0
DA:343,0
DA:352,0
DA:356,1
DA:357,1
DA:358,1
DA:363,1
DA:364,2
DA:368,1
DA:369,1
DA:370,1
DA:373,2
DA:376,1
DA:389,1
DA:391,1
DA:397,1
DA:398,1
DA:399,1
DA:405,1
DA:406,1
DA:407,1
DA:408,1
DA:410,1
DA:411,1
DA:420,1
DA:421,1
DA:422,1
DA:427,0
DA:428,0
DA:431,0
DA:432,0
DA:438,0
DA:439,0
DA:452,0
DA:453,0
DA:455,0
DA:471,0
DA:473,0
DA:478,0
DA:479,0
DA:480,0
DA:481,0
DA:482,0
DA:483,0
DA:488,0
DA:489,0
DA:492,0
DA:493,0
DA:494,0
DA:496,0
DA:497,0
DA:501,0
DA:504,0
DA:505,0
DA:508,0
DA:509,0
DA:510,0
DA:513,0
DA:514,0
DA:517,0
DA:521,0
DA:522,0
DA:523,0
DA:525,0
DA:529,0
DA:530,0
DA:531,0
DA:536,0
DA:537,0
DA:546,0
DA:547,0
DA:556,0
DA:561,0
DA:566,0
DA:574,0
DA:575,0
DA:576,0
DA:585,0
DA:586,0
DA:590,0
DA:591,0
DA:593,0
DA:594,0
DA:602,0
DA:603,0
DA:604,0
DA:613,0
DA:614,0
DA:618,0
DA:619,0
DA:621,0
DA:622,0
LF:201
LH:104
BRDA:66,0,0,1
BRDA:66,0,1,0
BRDA:76,1,0,0
BRDA:76,1,1,1
BRDA:89,2,0,0
BRDA:89,2,1,2
BRDA:94,3,0,0
BRDA:94,3,1,2
BRDA:103,4,0,0
BRDA:103,4,1,2
BRDA:116,5,0,0
BRDA:116,5,1,1
BRDA:119,6,0,2
BRDA:119,6,1,0
BRDA:119,6,2,0
BRDA:120,7,0,2
BRDA:120,7,1,1
BRDA:131,8,0,0
BRDA:131,8,1,1
BRDA:138,9,0,2
BRDA:138,9,1,0
BRDA:140,10,0,0
BRDA:140,10,1,1
BRDA:141,11,0,1
BRDA:141,11,1,0
BRDA:155,12,0,0
BRDA:155,12,1,1
BRDA:163,13,0,1
BRDA:163,13,1,0
BRDA:164,14,0,0
BRDA:164,14,1,0
BRDA:191,15,0,0
BRDA:191,15,1,0
BRDA:192,16,0,0
BRDA:192,16,1,0
BRDA:204,17,0,0
BRDA:204,17,1,1
BRDA:207,18,0,1
BRDA:207,18,1,1
BRDA:214,19,0,1
BRDA:214,19,1,2
BRDA:228,20,0,0
BRDA:228,20,1,1
BRDA:229,21,0,1
BRDA:229,21,1,0
BRDA:230,22,0,0
BRDA:230,22,1,1
BRDA:237,23,0,0
BRDA:237,23,1,1
BRDA:250,24,0,0
BRDA:250,24,1,1
BRDA:259,25,0,0
BRDA:259,25,1,1
BRDA:275,26,0,0
BRDA:275,26,1,1
BRDA:294,27,0,0
BRDA:294,27,1,1
BRDA:310,28,0,0
BRDA:310,28,1,2
BRDA:325,29,0,0
BRDA:325,29,1,0
BRDA:336,30,0,0
BRDA:336,30,1,0
BRDA:342,31,0,0
BRDA:342,31,1,0
BRDA:421,32,0,1
BRDA:421,32,1,0
BRDA:431,33,0,0
BRDA:431,33,1,0
BRDA:448,34,0,0
BRDA:448,34,1,0
BRDA:449,35,0,0
BRDA:449,35,1,0
BRDA:478,36,0,0
BRDA:478,36,1,0
BRDA:479,37,0,0
BRDA:479,37,1,0
BRDA:481,38,0,0
BRDA:481,38,1,0
BRDA:493,39,0,0
BRDA:493,39,1,0
BRDA:496,40,0,0
BRDA:496,40,1,0
BRDA:509,41,0,0
BRDA:509,41,1,0
BRDA:513,42,0,0
BRDA:513,42,1,0
BRDA:522,43,0,0
BRDA:522,43,1,0
BRDA:530,44,0,0
BRDA:530,44,1,0
BRDA:536,45,0,0
BRDA:536,45,1,0
BRDA:546,46,0,0
BRDA:546,46,1,0
BRDA:575,47,0,0
BRDA:575,47,1,0
BRDA:590,48,0,0
BRDA:590,48,1,0
BRDA:603,49,0,0
BRDA:603,49,1,0
BRDA:618,50,0,0
BRDA:618,50,1,0
BRF:103
BRH:30
end_of_record
TN:
SF:app/domains/exam-generation/entities/helpers/isApprovedExamStatus.ts
FN:3,isApprovedExamStatus
FNF:1
FNH:0
FNDA:0,isApprovedExamStatus
DA:4,0
LF:1
LH:0
BRDA:4,0,0,0
BRDA:4,0,1,0
BRF:2
BRH:0
end_of_record
TN:
SF:app/domains/exam-generation/schemas/examSchema.ts
FN:6,(anonymous_0)
FN:38,(anonymous_1)
FN:131,(anonymous_2)
FN:132,(anonymous_3)
FN:140,(anonymous_4)
FN:141,(anonymous_5)
FN:192,(anonymous_6)
FN:255,(anonymous_7)
FNF:8
FNH:1
FNDA:74,(anonymous_0)
FNDA:0,(anonymous_1)
FNDA:0,(anonymous_2)
FNDA:0,(anonymous_3)
FNDA:0,(anonymous_4)
FNDA:0,(anonymous_5)
FNDA:0,(anonymous_6)
FNDA:0,(anonymous_7)
DA:6,74
DA:8,2
DA:14,2
DA:22,2
DA:29,2
DA:38,0
DA:42,2
DA:50,2
DA:60,2
DA:66,2
DA:77,2
DA:88,2
DA:97,2
DA:109,2
DA:132,0
DA:141,0
DA:150,2
DA:157,2
DA:169,2
DA:185,2
DA:192,0
DA:196,2
DA:204,2
DA:206,2
DA:213,2
DA:227,2
DA:242,2
DA:255,0
DA:259,2
DA:278,2
LF:30
LH:25
BRF:0
BRH:0
end_of_record
TN:
SF:app/domains/question-bank/main.ts
FNF:0
FNH:0
DA:10,0
DA:15,0
DA:16,0
DA:17,0
DA:18,0
DA:19,0
DA:20,0
LF:7
LH:0
BRF:0
BRH:0
end_of_record
TN:
SF:app/domains/question-bank/api/controllers/questionController.ts
FN:18,listQuestions
FN:32,getQuestionById
FN:50,createQuestion
FN:64,updateQuestion
FN:83,deleteQuestion
FNF:5
FNH:0
FNDA:0,listQuestions
FNDA:0,getQuestionById
FNDA:0,createQuestion
FNDA:0,updateQuestion
FNDA:0,deleteQuestion
DA:19,0
DA:20,0
DA:21,0
DA:22,0
DA:23,0
DA:25,0
DA:26,0
DA:28,0
DA:37,0
DA:38,0
DA:39,0
DA:40,0
DA:41,0
DA:43,0
DA:44,0
DA:46,0
DA:51,0
DA:52,0
DA:53,0
DA:54,0
DA:55,0
DA:57,0
DA:58,0
DA:60,0
DA:65,0
DA:66,0
DA:67,0
DA:68,0
DA:69,0
DA:70,0
DA:72,0
DA:77,0
DA:79,0
DA:84,0
DA:85,0
DA:86,0
DA:87,0
DA:88,0
DA:90,0
DA:91,0
DA:93,0
LF:41
LH:0
BRDA:22,0,0,0
BRDA:22,0,1,0
BRDA:40,1,0,0
BRDA:40,1,1,0
BRDA:54,2,0,0
BRDA:54,2,1,0
BRDA:69,3,0,0
BRDA:69,3,1,0
BRDA:87,4,0,0
BRDA:87,4,1,0
BRF:10
BRH:0
end_of_record
TN:
SF:app/domains/question-bank/api/controllers/questionTypeController.ts
FN:18,listQuestionTypes
FN:28,getQuestionTypeById
FN:38,createQuestionType
FN:48,updateQuestionType
FN:59,deleteQuestionType
FNF:5
FNH:0
FNDA:0,listQuestionTypes
FNDA:0,getQuestionTypeById
FNDA:0,createQuestionType
FNDA:0,updateQuestionType
FNDA:0,deleteQuestionType
DA:19,0
DA:20,0
DA:21,0
DA:22,0
DA:24,0
DA:29,0
DA:30,0
DA:31,0
DA:32,0
DA:34,0
DA:39,0
DA:40,0
DA:41,0
DA:42,0
DA:44,0
DA:49,0
DA:50,0
DA:51,0
DA:52,0
DA:53,0
DA:55,0
DA:60,0
DA:61,0
DA:62,0
DA:63,0
DA:65,0
LF:26
LH:0
BRF:0
BRH:0
end_of_record
TN:
SF:app/domains/question-bank/api/controllers/subjectController.ts
FN:17,listSubjects
FN:27,getSubjectById
FN:37,createSubject
FN:48,updateSubject
FN:59,deleteSubject
FNF:5
FNH:0
FNDA:0,listSubjects
FNDA:0,getSubjectById
FNDA:0,createSubject
FNDA:0,updateSubject
FNDA:0,deleteSubject
DA:18,0
DA:19,0
DA:20,0
DA:21,0
DA:23,0
DA:28,0
DA:29,0
DA:30,0
DA:31,0
DA:33,0
DA:38,0
DA:39,0
DA:41,0
DA:42,0
DA:44,0
DA:49,0
DA:50,0
DA:51,0
DA:52,0
DA:53,0
DA:55,0
DA:60,0
DA:61,0
DA:62,0
DA:63,0
DA:65,0
LF:26
LH:0
BRF:0
BRH:0
end_of_record
TN:
SF:app/domains/question-bank/api/controllers/subtopicController.ts
FN:15,listSubtopics
FN:25,getSubtopicById
FN:35,createSubtopic
FN:45,deleteSubtopic
FNF:4
FNH:0
FNDA:0,listSubtopics
FNDA:0,getSubtopicById
FNDA:0,createSubtopic
FNDA:0,deleteSubtopic
DA:16,0
DA:17,0
DA:18,0
DA:19,0
DA:21,0
DA:26,0
DA:27,0
DA:28,0
DA:29,0
DA:31,0
DA:36,0
DA:37,0
DA:38,0
DA:39,0
DA:41,0
DA:46,0
DA:47,0
DA:48,0
DA:49,0
DA:51,0
LF:20
LH:0
BRF:0
BRH:0
end_of_record
TN:
SF:app/domains/question-bank/api/controllers/topicController.ts
FN:19,listTopics
FN:29,getTopicById
FN:39,createTopic
FN:49,createSubjectTopic
FN:59,deleteSubjectTopic
FN:69,updateTopic
FN:80,deleteTopic
FNF:7
FNH:0
FNDA:0,listTopics
FNDA:0,getTopicById
FNDA:0,createTopic
FNDA:0,createSubjectTopic
FNDA:0,deleteSubjectTopic
FNDA:0,updateTopic
FNDA:0,deleteTopic
DA:20,0
DA:21,0
DA:22,0
DA:23,0
DA:25,0
DA:30,0
DA:31,0
DA:32,0
DA:33,0
DA:35,0
DA:40,0
DA:41,0
DA:42,0
DA:43,0
DA:45,0
DA:50,0
DA:51,0
DA:52,0
DA:53,0
DA:55,0
DA:60,0
DA:61,0
DA:62,0
DA:63,0
DA:65,0
DA:70,0
DA:71,0
DA:72,0
DA:73,0
DA:74,0
DA:76,0
DA:81,0
DA:82,0
DA:83,0
DA:84,0
DA:86,0
LF:36
LH:0
BRF:0
BRH:0
end_of_record
TN:
SF:app/domains/question-bank/api/routes/questionRoutes.ts
FNF:0
FNH:0
DA:11,0
DA:92,0
DA:93,0
DA:158,0
DA:159,0
DA:160,0
LF:6
LH:0
BRF:0
BRH:0
end_of_record
TN:
SF:app/domains/question-bank/api/routes/questionTypeRoutes.ts
FNF:0
FNH:0
DA:12,0
DA:57,0
DA:58,0
DA:120,0
DA:121,0
DA:122,0
LF:6
LH:0
BRF:0
BRH:0
end_of_record
TN:
SF:app/domains/question-bank/api/routes/subjectRoutes.ts
FNF:0
FNH:0
DA:12,0
DA:96,0
DA:97,0
DA:161,0
DA:162,0
DA:163,0
LF:6
LH:0
BRF:0
BRH:0
end_of_record
TN:
SF:app/domains/question-bank/api/routes/subtopicRoutes.ts
FNF:0
FNH:0
DA:10,0
DA:75,0
DA:76,0
DA:111,0
DA:112,0
LF:5
LH:0
BRF:0
BRH:0
end_of_record
TN:
SF:app/domains/question-bank/api/routes/topicRoutes.ts
FNF:0
FNH:0
DA:13,0
DA:77,0
DA:78,0
DA:107,0
DA:128,0
DA:189,0
DA:190,0
DA:191,0
LF:8
LH:0
BRF:0
BRH:0
end_of_record
TN:
SF:app/domains/question-bank/application/commands/CreateQuestionCommand.ts
FN:15,(anonymous_0)
FN:19,(anonymous_1)
FNF:2
FNH:0
FNDA:0,(anonymous_0)
FNDA:0,(anonymous_1)
DA:15,0
DA:16,0
DA:22,0
DA:23,0
LF:4
LH:0
BRF:0
BRH:0
end_of_record
TN:
SF:app/domains/question-bank/application/commands/CreateQuestionTypeCommand.ts
FN:14,(anonymous_0)
FN:18,(anonymous_1)
FNF:2
FNH:0
FNDA:0,(anonymous_0)
FNDA:0,(anonymous_1)
DA:14,0
DA:15,0
DA:21,0
DA:22,0
LF:4
LH:0
BRF:0
BRH:0
end_of_record
TN:
SF:app/domains/question-bank/application/commands/CreateSubjectCommand.ts
FN:9,(anonymous_0)
FN:12,(anonymous_1)
FNF:2
FNH:0
FNDA:0,(anonymous_0)
FNDA:0,(anonymous_1)
DA:9,0
DA:10,0
DA:13,0
DA:14,0
LF:4
LH:0
BRF:0
BRH:0
end_of_record
TN:
SF:app/domains/question-bank/application/commands/CreateSubjectTopicCommand.ts
FN:11,(anonymous_0)
FN:14,(anonymous_1)
FNF:2
FNH:0
FNDA:0,(anonymous_0)
FNDA:0,(anonymous_1)
DA:11,0
DA:12,0
DA:15,0
DA:16,0
LF:4
LH:0
BRF:0
BRH:0
end_of_record
TN:
SF:app/domains/question-bank/application/commands/CreateSubtopicCommand.ts
FN:7,(anonymous_0)
FN:10,(anonymous_1)
FNF:2
FNH:0
FNDA:0,(anonymous_0)
FNDA:0,(anonymous_1)
DA:7,0
DA:8,0
DA:11,0
DA:12,0
LF:4
LH:0
BRF:0
BRH:0
end_of_record
TN:
SF:app/domains/question-bank/application/commands/CreateTopicCommand.ts
FN:10,(anonymous_0)
FN:13,(anonymous_1)
FNF:2
FNH:0
FNDA:0,(anonymous_0)
FNDA:0,(anonymous_1)
DA:10,0
DA:11,0
DA:14,0
DA:15,0
LF:4
LH:0
BRF:0
BRH:0
end_of_record
TN:
SF:app/domains/question-bank/application/commands/DeleteQuestionCommand.ts
FN:10,(anonymous_0)
FN:14,(anonymous_1)
FNF:2
FNH:0
FNDA:0,(anonymous_0)
FNDA:0,(anonymous_1)
DA:10,0
DA:11,0
DA:15,0
LF:3
LH:0
BRF:0
BRH:0
end_of_record
TN:
SF:app/domains/question-bank/application/commands/DeleteQuestionTypeCommand.ts
FN:11,(anonymous_0)
FN:15,(anonymous_1)
FNF:2
FNH:0
FNDA:0,(anonymous_0)
FNDA:0,(anonymous_1)
DA:11,0
DA:12,0
DA:16,0
DA:17,0
DA:18,0
LF:5
LH:0
BRDA:17,0,0,0
BRDA:17,0,1,0
BRF:2
BRH:0
end_of_record
TN:
SF:app/domains/question-bank/application/commands/DeleteSubjectCommand.ts
FN:7,(anonymous_0)
FN:10,(anonymous_1)
FNF:2
FNH:0
FNDA:0,(anonymous_0)
FNDA:0,(anonymous_1)
DA:7,0
DA:8,0
DA:11,0
DA:12,0
LF:4
LH:0
BRDA:12,0,0,0
BRDA:12,0,1,0
BRF:2
BRH:0
end_of_record
TN:
SF:app/domains/question-bank/application/commands/DeleteSubjectTopicCommand.ts
FN:7,(anonymous_0)
FN:10,(anonymous_1)
FNF:2
FNH:0
FNDA:0,(anonymous_0)
FNDA:0,(anonymous_1)
DA:7,0
DA:8,0
DA:11,0
DA:12,0
LF:4
LH:0
BRDA:12,0,0,0
BRDA:12,0,1,0
BRF:2
BRH:0
end_of_record
TN:
SF:app/domains/question-bank/application/commands/DeleteSubtopicCommand.ts
FN:7,(anonymous_0)
FN:10,(anonymous_1)
FNF:2
FNH:0
FNDA:0,(anonymous_0)
FNDA:0,(anonymous_1)
DA:7,0
DA:8,0
DA:11,0
DA:12,0
LF:4
LH:0
BRDA:12,0,0,0
BRDA:12,0,1,0
BRF:2
BRH:0
end_of_record
TN:
SF:app/domains/question-bank/application/commands/DeleteTopicCommand.ts
FN:7,(anonymous_0)
FN:10,(anonymous_1)
FNF:2
FNH:0
FNDA:0,(anonymous_0)
FNDA:0,(anonymous_1)
DA:7,0
DA:8,0
DA:11,0
DA:12,0
LF:4
LH:0
BRDA:12,0,0,0
BRDA:12,0,1,0
BRF:2
BRH:0
end_of_record
TN:
SF:app/domains/question-bank/application/commands/UpdateQuestionCommand.ts
FN:16,(anonymous_0)
FN:20,(anonymous_1)
FNF:2
FNH:0
FNDA:0,(anonymous_0)
FNDA:0,(anonymous_1)
DA:16,0
DA:17,0
DA:23,0
DA:24,0
LF:4
LH:0
BRF:0
BRH:0
end_of_record
TN:
SF:app/domains/question-bank/application/commands/UpdateQuestionTypeCommand.ts
FN:20,(anonymous_0)
FN:24,(anonymous_1)
FNF:2
FNH:0
FNDA:0,(anonymous_0)
FNDA:0,(anonymous_1)
DA:20,0
DA:21,0
DA:27,0
DA:28,0
DA:29,0
DA:31,0
LF:6
LH:0
BRDA:28,0,0,0
BRDA:28,0,1,0
BRF:2
BRH:0
end_of_record
TN:
SF:app/domains/question-bank/application/commands/UpdateSubjectCommand.ts
FN:13,(anonymous_0)
FN:16,(anonymous_1)
FNF:2
FNH:0
FNDA:0,(anonymous_0)
FNDA:0,(anonymous_1)
DA:13,0
DA:14,0
DA:17,0
DA:18,0
DA:19,0
LF:5
LH:0
BRDA:18,0,0,0
BRDA:18,0,1,0
BRF:2
BRH:0
end_of_record
TN:
SF:app/domains/question-bank/application/commands/UpdateTopicCommand.ts
FN:9,(anonymous_0)
FN:12,(anonymous_1)
FNF:2
FNH:0
FNDA:0,(anonymous_0)
FNDA:0,(anonymous_1)
DA:9,0
DA:10,0
DA:13,0
DA:14,0
DA:15,0
LF:5
LH:0
BRDA:14,0,0,0
BRDA:14,0,1,0
BRF:2
BRH:0
end_of_record
TN:
SF:app/domains/question-bank/application/queries/GetQuestionByIdQuery.ts
FN:13,(anonymous_0)
FN:17,(anonymous_1)
FNF:2
FNH:0
FNDA:0,(anonymous_0)
FNDA:0,(anonymous_1)
DA:13,0
DA:14,0
DA:20,0
DA:21,0
DA:22,0
DA:24,0
LF:6
LH:0
BRDA:21,0,0,0
BRDA:21,0,1,0
BRF:2
BRH:0
end_of_record
TN:
SF:app/domains/question-bank/application/queries/GetQuestionTypeByIdQuery.ts
FN:12,(anonymous_0)
FN:16,(anonymous_1)
FNF:2
FNH:0
FNDA:0,(anonymous_0)
FNDA:0,(anonymous_1)
DA:12,0
DA:13,0
DA:19,0
DA:20,0
DA:21,0
LF:5
LH:0
BRDA:20,0,0,0
BRDA:20,0,1,0
BRF:2
BRH:0
end_of_record
TN:
SF:app/domains/question-bank/application/queries/GetSubjectByIdQuery.ts
FN:11,(anonymous_0)
FN:15,(anonymous_1)
FNF:2
FNH:0
FNDA:0,(anonymous_0)
FNDA:0,(anonymous_1)
DA:11,0
DA:12,0
DA:18,0
DA:19,0
DA:20,0
LF:5
LH:0
BRDA:19,0,0,0
BRDA:19,0,1,0
BRF:2
BRH:0
end_of_record
TN:
SF:app/domains/question-bank/application/queries/GetSubtopicByIdQuery.ts
FN:9,(anonymous_0)
FN:12,(anonymous_1)
FNF:2
FNH:0
FNDA:0,(anonymous_0)
FNDA:0,(anonymous_1)
DA:9,0
DA:10,0
DA:13,0
DA:14,0
DA:15,0
LF:5
LH:0
BRDA:14,0,0,0
BRDA:14,0,1,0
BRF:2
BRH:0
end_of_record
TN:
SF:app/domains/question-bank/application/queries/GetTopicByIdQuery.ts
FN:9,(anonymous_0)
FN:12,(anonymous_1)
FNF:2
FNH:0
FNDA:0,(anonymous_0)
FNDA:0,(anonymous_1)
DA:9,0
DA:10,0
DA:13,0
DA:14,0
DA:15,0
LF:5
LH:0
BRDA:14,0,0,0
BRDA:14,0,1,0
BRF:2
BRH:0
end_of_record
TN:
SF:app/domains/question-bank/application/queries/ListQuestionTypesQuery.ts
FN:11,(anonymous_0)
FN:15,(anonymous_1)
FNF:2
FNH:0
FNDA:0,(anonymous_0)
FNDA:0,(anonymous_1)
DA:11,0
DA:12,0
DA:18,0
DA:19,0
DA:20,0
DA:21,0
LF:6
LH:0
BRDA:18,0,0,0
BRDA:18,0,1,0
BRDA:19,1,0,0
BRDA:19,1,1,0
BRF:4
BRH:0
end_of_record
TN:
SF:app/domains/question-bank/application/queries/ListQuestionsQuery.ts
FN:12,(anonymous_0)
FN:16,(anonymous_1)
FNF:2
FNH:0
FNDA:0,(anonymous_0)
FNDA:0,(anonymous_1)
DA:12,0
DA:13,0
DA:19,0
DA:20,0
DA:21,0
DA:22,0
LF:6
LH:0
BRDA:19,0,0,0
BRDA:19,0,1,0
BRDA:20,1,0,0
BRDA:20,1,1,0
BRF:4
BRH:0
end_of_record
TN:
SF:app/domains/question-bank/application/queries/ListSubjectsQuery.ts
FN:7,(anonymous_0)
FN:11,(anonymous_1)
FNF:2
FNH:0
FNDA:0,(anonymous_0)
FNDA:0,(anonymous_1)
DA:7,0
DA:8,0
DA:14,0
DA:15,0
DA:17,0
DA:18,0
LF:6
LH:0
BRDA:14,0,0,0
BRDA:14,0,1,0
BRDA:15,1,0,0
BRDA:15,1,1,0
BRF:4
BRH:0
end_of_record
TN:
SF:app/domains/question-bank/application/queries/ListSubtopicsQuery.ts
FN:7,(anonymous_0)
FN:10,(anonymous_1)
FNF:2
FNH:0
FNDA:0,(anonymous_0)
FNDA:0,(anonymous_1)
DA:7,0
DA:8,0
DA:11,0
DA:12,0
DA:13,0
DA:14,0
LF:6
LH:0
BRDA:11,0,0,0
BRDA:11,0,1,0
BRDA:12,1,0,0
BRDA:12,1,1,0
BRF:4
BRH:0
end_of_record
TN:
SF:app/domains/question-bank/application/queries/ListTopicsQuery.ts
FN:7,(anonymous_0)
FN:10,(anonymous_1)
FNF:2
FNH:0
FNDA:0,(anonymous_0)
FNDA:0,(anonymous_1)
DA:7,0
DA:8,0
DA:11,0
DA:12,0
DA:13,0
DA:14,0
LF:6
LH:0
BRDA:11,0,0,0
BRDA:11,0,1,0
BRDA:12,1,0,0
BRDA:12,1,1,0
BRF:4
BRH:0
end_of_record
TN:
SF:app/domains/question-bank/domain/ports/IQuestionRepository.ts
FNF:0
FNH:0
LF:0
LH:0
BRF:0
BRH:0
end_of_record
TN:
SF:app/domains/question-bank/domain/ports/IQuestionTypeRepository.ts
FNF:0
FNH:0
LF:0
LH:0
BRF:0
BRH:0
end_of_record
TN:
SF:app/domains/question-bank/domain/ports/ISubjectRepository.ts
FNF:0
FNH:0
LF:0
LH:0
BRF:0
BRH:0
end_of_record
TN:
SF:app/domains/question-bank/domain/ports/ISubtopicRepository.ts
FNF:0
FNH:0
LF:0
LH:0
BRF:0
BRH:0
end_of_record
TN:
SF:app/domains/question-bank/domain/ports/ITopicRepository.ts
FNF:0
FNH:0
LF:0
LH:0
BRF:0
BRH:0
end_of_record
TN:
SF:app/domains/question-bank/domain/services/questionService.ts
FN:47,(anonymous_0)
FN:54,(anonymous_1)
FN:60,(anonymous_2)
FN:72,(anonymous_3)
FN:83,(anonymous_4)
FN:84,(anonymous_5)
FN:87,(anonymous_6)
FN:89,(anonymous_7)
FN:90,(anonymous_8)
FN:93,(anonymous_9)
FN:109,(anonymous_10)
FN:120,(anonymous_11)
FN:130,(anonymous_12)
FN:145,(anonymous_13)
FN:146,(anonymous_14)
FN:159,(anonymous_15)
FN:172,(anonymous_16)
FN:180,(anonymous_17)
FN:189,(anonymous_18)
FN:196,(anonymous_19)
FN:219,(anonymous_20)
FN:252,(anonymous_21)
FN:305,(anonymous_22)
FN:337,(anonymous_23)
FN:350,(anonymous_24)
FN:470,(anonymous_25)
FNF:26
FNH:24
FNDA:29,(anonymous_0)
FNDA:13,(anonymous_1)
FNDA:7,(anonymous_2)
FNDA:6,(anonymous_3)
FNDA:5,(anonymous_4)
FNDA:5,(anonymous_5)
FNDA:6,(anonymous_6)
FNDA:5,(anonymous_7)
FNDA:5,(anonymous_8)
FNDA:3,(anonymous_9)
FNDA:1,(anonymous_10)
FNDA:2,(anonymous_11)
FNDA:2,(anonymous_12)
FNDA:0,(anonymous_13)
FNDA:0,(anonymous_14)
FNDA:2,(anonymous_15)
FNDA:2,(anonymous_16)
FNDA:2,(anonymous_17)
FNDA:2,(anonymous_18)
FNDA:11,(anonymous_19)
FNDA:6,(anonymous_20)
FNDA:6,(anonymous_21)
FNDA:3,(anonymous_22)
FNDA:3,(anonymous_23)
FNDA:5,(anonymous_24)
FNDA:3,(anonymous_25)
DA:48,29
DA:49,29
DA:50,29
DA:51,29
DA:55,13
DA:61,7
DA:62,7
DA:63,1
DA:68,6
DA:69,6
DA:76,6
DA:77,6
DA:78,1
DA:80,5
DA:82,5
DA:83,5
DA:84,5
DA:88,6
DA:89,6
DA:90,6
DA:97,3
DA:99,3
DA:100,2
DA:101,2
DA:102,1
DA:108,1
DA:109,1
DA:110,1
DA:111,1
DA:117,0
DA:125,2
DA:128,2
DA:129,2
DA:130,2
DA:132,2
DA:133,1
DA:139,1
DA:142,1
DA:143,1
DA:144,0
DA:145,0
DA:146,0
DA:149,1
DA:150,0
DA:156,1
DA:163,2
DA:164,2
DA:165,2
DA:167,1
DA:170,1
DA:172,1
DA:173,2
DA:174,2
DA:177,1
DA:179,1
DA:180,1
DA:181,2
DA:182,2
DA:184,1
DA:190,2
DA:191,2
DA:202,11
DA:203,1
DA:204,1
DA:209,0
DA:212,10
DA:213,6
DA:214,1
DA:219,6
DA:220,5
DA:221,1
DA:227,4
DA:230,4
DA:231,4
DA:232,1
DA:237,3
DA:238,3
DA:239,3
DA:240,1
DA:256,6
DA:257,6
DA:259,6
DA:261,6
DA:267,3
DA:271,3
DA:272,1
DA:279,2
DA:280,2
DA:281,1
DA:285,1
DA:289,1
DA:291,1
DA:301,6
DA:302,1
DA:309,3
DA:313,3
DA:315,2
DA:316,1
DA:319,1
DA:320,3
DA:321,3
DA:333,3
DA:334,1
DA:338,3
DA:339,3
DA:340,2
DA:341,2
DA:342,1
DA:347,1
DA:355,5
DA:356,5
DA:358,5
DA:359,5
DA:360,1
DA:363,4
DA:365,4
DA:368,4
DA:369,5
DA:370,5
DA:371,5
DA:373,5
DA:375,5
DA:380,5
DA:381,1
DA:386,1
DA:387,0
DA:394,1
DA:397,1
DA:398,1
DA:399,0
DA:403,1
DA:407,1
DA:410,1
DA:420,1
DA:422,1
DA:423,1
DA:427,3
DA:432,3
DA:433,1
DA:440,2
DA:441,2
DA:442,0
DA:446,2
DA:450,2
DA:452,2
DA:461,5
DA:462,2
DA:463,1
DA:467,1
DA:471,3
DA:472,3
DA:474,3
DA:475,3
DA:476,1
DA:479,2
DA:481,2
DA:482,2
DA:483,1
DA:485,1
LF:159
LH:150
BRDA:62,0,0,1
BRDA:62,0,1,6
BRDA:77,1,0,1
BRDA:77,1,1,5
BRDA:101,2,0,1
BRDA:101,2,1,1
BRDA:110,3,0,1
BRDA:110,3,1,0
BRDA:132,4,0,1
BRDA:132,4,1,1
BRDA:143,5,0,0
BRDA:143,5,1,1
BRDA:149,6,0,0
BRDA:149,6,1,1
BRDA:149,7,0,1
BRDA:149,7,1,0
BRDA:165,8,0,1
BRDA:165,8,1,1
BRDA:170,9,0,0
BRDA:170,9,1,1
BRDA:177,10,0,0
BRDA:177,10,1,1
BRDA:202,11,0,1
BRDA:202,11,1,10
BRDA:203,12,0,1
BRDA:203,12,1,0
BRDA:203,13,0,1
BRDA:203,13,1,1
BRDA:212,14,0,6
BRDA:212,14,1,4
BRDA:213,15,0,1
BRDA:213,15,1,5
BRDA:213,16,0,6
BRDA:213,16,1,6
BRDA:220,17,0,1
BRDA:220,17,1,4
BRDA:230,18,0,4
BRDA:230,18,1,0
BRDA:231,19,0,1
BRDA:231,19,1,3
BRDA:231,20,0,4
BRDA:231,20,1,4
BRDA:237,21,0,3
BRDA:237,21,1,0
BRDA:237,22,0,3
BRDA:237,22,1,3
BRDA:239,23,0,1
BRDA:239,23,1,2
BRDA:239,24,0,3
BRDA:239,24,1,2
BRDA:271,25,0,1
BRDA:271,25,1,2
BRDA:280,26,0,1
BRDA:280,26,1,1
BRDA:297,27,0,1
BRDA:297,27,1,0
BRDA:298,28,0,6
BRDA:298,28,1,1
BRDA:313,29,0,1
BRDA:313,29,1,2
BRDA:315,30,0,1
BRDA:315,30,1,1
BRDA:315,31,0,2
BRDA:315,31,1,1
BRDA:319,32,0,1
BRDA:319,32,1,0
BRDA:320,33,0,3
BRDA:320,33,1,0
BRDA:327,34,0,0
BRDA:327,34,1,1
BRDA:339,35,0,1
BRDA:339,35,1,2
BRDA:341,36,0,1
BRDA:341,36,1,1
BRDA:359,37,0,1
BRDA:359,37,1,4
BRDA:368,38,0,4
BRDA:368,38,1,0
BRDA:369,39,0,5
BRDA:369,39,1,3
BRDA:370,40,0,5
BRDA:370,40,1,4
BRDA:371,41,0,5
BRDA:371,41,1,4
BRDA:373,42,0,0
BRDA:373,42,1,4
BRDA:373,43,0,5
BRDA:373,43,1,0
BRDA:375,44,0,0
BRDA:375,44,1,4
BRDA:375,45,0,5
BRDA:375,45,1,0
BRDA:380,46,0,1
BRDA:380,46,1,4
BRDA:386,47,0,0
BRDA:386,47,1,1
BRDA:398,48,0,0
BRDA:398,48,1,1
BRDA:416,49,0,1
BRDA:416,49,1,0
BRDA:417,50,0,1
BRDA:417,50,1,1
BRDA:432,51,0,1
BRDA:432,51,1,2
BRDA:441,52,0,0
BRDA:441,52,1,2
BRDA:456,53,0,2
BRDA:456,53,1,0
BRDA:462,54,0,1
BRDA:462,54,1,1
BRDA:475,55,0,1
BRDA:475,55,1,2
BRDA:482,56,0,1
BRDA:482,56,1,1
BRF:114
BRH:91
end_of_record
TN:
SF:app/domains/question-bank/domain/services/questionTypeService.ts
FN:23,(anonymous_0)
FN:28,(anonymous_1)
FN:41,(anonymous_2)
FN:60,(anonymous_3)
FN:82,(anonymous_4)
FN:86,(anonymous_5)
FNF:6
FNH:6
FNDA:11,(anonymous_0)
FNDA:3,(anonymous_1)
FNDA:2,(anonymous_2)
FNDA:6,(anonymous_3)
FNDA:1,(anonymous_4)
FNDA:1,(anonymous_5)
DA:24,11
DA:25,11
DA:29,3
DA:31,3
DA:32,3
DA:33,2
DA:36,1
DA:37,1
DA:38,1
DA:44,2
DA:45,2
DA:46,2
DA:48,2
DA:56,2
DA:57,2
DA:64,6
DA:65,6
DA:67,5
DA:69,5
DA:70,4
DA:71,3
DA:72,3
DA:73,2
DA:76,2
DA:79,3
DA:83,1
DA:87,1
LF:27
LH:27
BRDA:32,0,0,2
BRDA:32,0,1,1
BRDA:44,1,0,2
BRDA:44,1,1,1
BRDA:45,2,0,2
BRDA:45,2,1,1
BRDA:65,3,0,1
BRDA:65,3,1,5
BRDA:69,4,0,4
BRDA:69,4,1,1
BRDA:70,5,0,3
BRDA:70,5,1,1
BRDA:72,6,0,2
BRDA:72,6,1,1
BRF:14
BRH:14
end_of_record
TN:
SF:app/domains/question-bank/domain/services/subjectService.ts
FN:15,(anonymous_0)
FN:19,(anonymous_1)
FN:23,(anonymous_2)
FN:35,(anonymous_3)
FN:43,(anonymous_4)
FN:66,(anonymous_5)
FN:89,(anonymous_6)
FN:93,(anonymous_7)
FN:96,(anonymous_8)
FNF:9
FNH:9
FNDA:18,(anonymous_0)
FNDA:13,(anonymous_1)
FNDA:3,(anonymous_2)
FNDA:2,(anonymous_3)
FNDA:3,(anonymous_4)
FNDA:7,(anonymous_5)
FNDA:1,(anonymous_6)
FNDA:1,(anonymous_7)
FNDA:1,(anonymous_8)
DA:16,18
DA:20,13
DA:24,3
DA:25,3
DA:26,3
DA:27,3
DA:28,2
DA:29,2
DA:30,2
DA:31,2
DA:32,1
DA:36,2
DA:37,2
DA:38,2
DA:39,2
DA:40,2
DA:46,3
DA:47,3
DA:49,3
DA:63,3
DA:64,3
DA:70,7
DA:71,7
DA:72,6
DA:73,6
DA:74,5
DA:75,5
DA:76,4
DA:77,4
DA:79,4
DA:81,5
DA:82,5
DA:83,5
DA:84,4
DA:85,4
DA:86,3
DA:90,1
DA:94,1
DA:97,1
LF:39
LH:39
BRDA:27,0,0,1
BRDA:27,0,1,2
BRDA:31,1,0,1
BRDA:31,1,1,1
BRDA:36,2,0,2
BRDA:36,2,1,1
BRDA:37,3,0,2
BRDA:37,3,1,1
BRDA:46,4,0,3
BRDA:46,4,1,2
BRDA:47,5,0,3
BRDA:47,5,1,2
BRDA:58,6,0,2
BRDA:58,6,1,1
BRDA:59,7,0,2
BRDA:59,7,1,1
BRDA:71,8,0,1
BRDA:71,8,1,6
BRDA:73,9,0,5
BRDA:73,9,1,1
BRDA:75,10,0,4
BRDA:75,10,1,1
BRDA:77,11,0,1
BRDA:77,11,1,3
BRDA:81,12,0,2
BRDA:81,12,1,3
BRDA:83,13,0,1
BRDA:83,13,1,4
BRDA:85,14,0,1
BRDA:85,14,1,3
BRF:30
BRH:30
end_of_record
TN:
SF:app/domains/question-bank/domain/services/subtopicService.ts
FN:12,(anonymous_0)
FN:14,(anonymous_1)
FN:18,(anonymous_2)
FN:35,(anonymous_3)
FN:49,(anonymous_4)
FN:53,(anonymous_5)
FNF:6
FNH:6
FNDA:7,(anonymous_0)
FNDA:2,(anonymous_1)
FNDA:3,(anonymous_2)
FNDA:2,(anonymous_3)
FNDA:1,(anonymous_4)
FNDA:1,(anonymous_5)
DA:12,7
DA:15,2
DA:19,3
DA:21,3
DA:22,3
DA:24,2
DA:25,2
DA:26,2
DA:28,1
DA:32,1
DA:38,2
DA:39,2
DA:40,2
DA:45,2
DA:46,2
DA:50,1
DA:54,1
LF:17
LH:17
BRDA:22,0,0,1
BRDA:22,0,1,2
BRDA:26,1,0,1
BRDA:26,1,1,1
BRDA:38,2,0,2
BRDA:38,2,1,1
BRDA:39,3,0,2
BRDA:39,3,1,1
BRF:8
BRH:8
end_of_record
TN:
SF:app/domains/question-bank/domain/services/topicService.ts
FN:25,(anonymous_0)
FN:31,(anonymous_1)
FN:35,(anonymous_2)
FN:46,(anonymous_3)
FN:57,(anonymous_4)
FN:69,(anonymous_5)
FN:96,(anonymous_6)
FN:100,(anonymous_7)
FN:103,(anonymous_8)
FNF:9
FNH:9
FNDA:15,(anonymous_0)
FNDA:4,(anonymous_1)
FNDA:2,(anonymous_2)
FNDA:3,(anonymous_3)
FNDA:2,(anonymous_4)
FNDA:5,(anonymous_5)
FNDA:1,(anonymous_6)
FNDA:1,(anonymous_7)
FNDA:1,(anonymous_8)
DA:26,15
DA:27,15
DA:28,15
DA:32,4
DA:36,2
DA:37,2
DA:38,2
DA:40,1
DA:43,1
DA:47,3
DA:50,3
DA:51,2
DA:52,2
DA:54,2
DA:58,2
DA:59,2
DA:60,2
DA:65,2
DA:66,2
DA:70,5
DA:71,5
DA:72,1
DA:75,4
DA:76,4
DA:77,1
DA:80,3
DA:81,3
DA:82,1
DA:87,2
DA:89,2
DA:90,2
DA:91,1
DA:93,1
DA:97,1
DA:101,1
DA:104,1
LF:36
LH:36
BRDA:38,0,0,1
BRDA:38,0,1,1
BRDA:48,1,0,2
BRDA:48,1,1,1
BRDA:50,2,0,2
BRDA:50,2,1,1
BRDA:52,3,0,1
BRDA:52,3,1,1
BRDA:58,4,0,2
BRDA:58,4,1,1
BRDA:59,5,0,2
BRDA:59,5,1,1
BRDA:71,6,0,1
BRDA:71,6,1,4
BRDA:76,7,0,1
BRDA:76,7,1,3
BRDA:81,8,0,1
BRDA:81,8,1,2
BRDA:90,9,0,1
BRDA:90,9,1,1
BRF:20
BRH:20
end_of_record
TN:
SF:app/domains/question-bank/entities/enums/DifficultyLevels.ts
FN:1,(anonymous_0)
FNF:1
FNH:1
FNDA:6,(anonymous_0)
DA:1,6
DA:2,6
DA:3,6
DA:4,6
LF:4
LH:4
BRDA:1,0,0,6
BRDA:1,0,1,6
BRF:2
BRH:2
end_of_record
TN:
SF:app/domains/question-bank/entities/enums/QuestionType.ts
FN:1,(anonymous_0)
FNF:1
FNH:1
FNDA:4,(anonymous_0)
DA:1,4
DA:2,4
DA:3,4
DA:4,4
LF:4
LH:4
BRDA:1,0,0,4
BRDA:1,0,1,4
BRF:2
BRH:2
end_of_record
TN:
SF:app/domains/question-bank/schemas/questionSchema.ts
FN:48,(anonymous_0)
FN:61,(anonymous_1)
FN:66,(anonymous_2)
FN:81,(anonymous_3)
FN:87,(anonymous_4)
FN:93,(anonymous_5)
FN:105,(anonymous_6)
FN:144,(anonymous_7)
FNF:8
FNH:0
FNDA:0,(anonymous_0)
FNDA:0,(anonymous_1)
FNDA:0,(anonymous_2)
FNDA:0,(anonymous_3)
FNDA:0,(anonymous_4)
FNDA:0,(anonymous_5)
FNDA:0,(anonymous_6)
FNDA:0,(anonymous_7)
DA:6,1
DA:15,1
DA:44,1
DA:48,0
DA:54,1
DA:61,0
DA:66,0
DA:74,1
DA:81,0
DA:87,0
DA:93,0
DA:101,1
DA:105,0
DA:121,1
DA:133,1
DA:144,0
LF:16
LH:8
BRF:0
BRH:0
end_of_record
TN:
SF:app/domains/question-bank/schemas/questionTypeSchema.ts
FN:24,(anonymous_0)
FN:40,(anonymous_1)
FNF:2
FNH:0
FNDA:0,(anonymous_0)
FNDA:0,(anonymous_1)
DA:6,1
DA:13,1
DA:19,1
DA:24,0
DA:29,1
DA:35,1
DA:40,0
DA:45,1
DA:53,1
LF:9
LH:7
BRF:0
BRH:0
end_of_record
TN:
SF:app/domains/question-bank/schemas/subjectSchema.ts
FN:15,(anonymous_0)
FN:19,(anonymous_1)
FN:28,(anonymous_2)
FN:33,(anonymous_3)
FN:38,(anonymous_4)
FN:58,(anonymous_5)
FN:75,(anonymous_6)
FN:80,(anonymous_7)
FN:85,(anonymous_8)
FNF:9
FNH:0
FNDA:0,(anonymous_0)
FNDA:0,(anonymous_1)
FNDA:0,(anonymous_2)
FNDA:0,(anonymous_3)
FNDA:0,(anonymous_4)
FNDA:0,(anonymous_5)
FNDA:0,(anonymous_6)
FNDA:0,(anonymous_7)
FNDA:0,(anonymous_8)
DA:4,1
DA:11,1
DA:15,0
DA:19,0
DA:24,1
DA:28,0
DA:33,0
DA:38,0
DA:41,1
DA:50,1
DA:58,0
DA:61,1
DA:71,1
DA:75,0
DA:80,0
DA:85,0
DA:98,1
DA:105,1
DA:116,1
LF:19
LH:10
BRF:0
BRH:0
end_of_record
TN:
SF:app/domains/question-bank/schemas/subjectTopicSchema.ts
FNF:0
FNH:0
DA:3,0
LF:1
LH:0
BRF:0
BRH:0
end_of_record
TN:
SF:app/domains/question-bank/schemas/subtopicSchema.ts
FN:16,(anonymous_0)
FN:37,(anonymous_1)
FNF:2
FNH:0
FNDA:0,(anonymous_0)
FNDA:0,(anonymous_1)
DA:4,1
DA:11,1
DA:16,0
DA:22,1
DA:33,1
DA:37,0
DA:48,1
LF:7
LH:5
BRF:0
BRH:0
end_of_record
TN:
SF:app/domains/question-bank/schemas/topicSchema.ts
FN:40,(anonymous_0)
FN:50,(anonymous_1)
FN:64,(anonymous_2)
FNF:3
FNH:0
FNDA:0,(anonymous_0)
FNDA:0,(anonymous_1)
FNDA:0,(anonymous_2)
DA:4,1
DA:11,1
DA:36,1
DA:40,0
DA:45,1
DA:50,0
DA:60,1
DA:64,0
DA:75,1
DA:81,1
LF:10
LH:7
BRF:0
BRH:0
end_of_record
TN:
SF:app/domains/user/main.ts
FNF:0
FNH:0
DA:9,0
DA:12,0
DA:15,0
DA:16,0
DA:17,0
DA:18,0
LF:6
LH:0
BRF:0
BRH:0
end_of_record
TN:
SF:app/domains/user/api/controllers/loginController.ts
FN:8,login
FNF:1
FNH:0
FNDA:0,login
DA:9,0
DA:10,0
DA:11,0
DA:13,0
LF:4
LH:0
BRF:0
BRH:0
end_of_record
TN:
SF:app/domains/user/api/controllers/studentController.ts
FN:17,listStudent
FN:27,getStudentById
FN:37,createStudent
FN:47,updateStudent
FN:58,deleteStudent
FNF:5
FNH:0
FNDA:0,listStudent
FNDA:0,getStudentById
FNDA:0,createStudent
FNDA:0,updateStudent
FNDA:0,deleteStudent
DA:18,0
DA:19,0
DA:20,0
DA:21,0
DA:23,0
DA:28,0
DA:29,0
DA:30,0
DA:31,0
DA:33,0
DA:38,0
DA:39,0
DA:40,0
DA:41,0
DA:43,0
DA:48,0
DA:49,0
DA:50,0
DA:51,0
DA:52,0
DA:54,0
DA:59,0
DA:60,0
DA:61,0
DA:62,0
DA:64,0
LF:26
LH:0
BRF:0
BRH:0
end_of_record
TN:
SF:app/domains/user/api/controllers/teacherController.ts
FN:17,listTeachers
FN:27,getTeacherById
FN:37,createTeacher
FN:47,updateTeacher
FN:58,deleteTeacher
FNF:5
FNH:0
FNDA:0,listTeachers
FNDA:0,getTeacherById
FNDA:0,createTeacher
FNDA:0,updateTeacher
FNDA:0,deleteTeacher
DA:18,0
DA:19,0
DA:20,0
DA:21,0
DA:23,0
DA:28,0
DA:29,0
DA:30,0
DA:31,0
DA:33,0
DA:38,0
DA:39,0
DA:40,0
DA:41,0
DA:43,0
DA:48,0
DA:49,0
DA:50,0
DA:51,0
DA:52,0
DA:54,0
DA:59,0
DA:60,0
DA:61,0
DA:62,0
DA:64,0
LF:26
LH:0
BRF:0
BRH:0
end_of_record
TN:
SF:app/domains/user/api/controllers/userController.ts
FN:20,listUsers
FN:30,getUserById
FN:40,createUser
FN:50,updateUser
FN:61,deleteUser
FN:71,getCurrentUser
FNF:6
FNH:0
FNDA:0,listUsers
FNDA:0,getUserById
FNDA:0,createUser
FNDA:0,updateUser
FNDA:0,deleteUser
FNDA:0,getCurrentUser
DA:21,0
DA:22,0
DA:23,0
DA:24,0
DA:26,0
DA:31,0
DA:32,0
DA:33,0
DA:34,0
DA:36,0
DA:41,0
DA:42,0
DA:43,0
DA:44,0
DA:46,0
DA:51,0
DA:52,0
DA:53,0
DA:54,0
DA:55,0
DA:57,0
DA:62,0
DA:63,0
DA:64,0
DA:65,0
DA:67,0
DA:72,0
DA:73,0
DA:75,0
DA:76,0
DA:82,0
DA:83,0
DA:85,0
LF:33
LH:0
BRDA:75,0,0,0
BRDA:75,0,1,0
BRF:2
BRH:0
end_of_record
TN:
SF:app/domains/user/api/routes/loginRoutes.ts
FNF:0
FNH:0
DA:7,0
DA:33,0
LF:2
LH:0
BRF:0
BRH:0
end_of_record
TN:
SF:app/domains/user/api/routes/studentRoutes.ts
FNF:0
FNH:0
DA:11,0
DA:80,0
DA:81,0
DA:144,0
DA:145,0
DA:146,0
LF:6
LH:0
BRF:0
BRH:0
end_of_record
TN:
SF:app/domains/user/api/routes/teacherRoutes.ts
FNF:0
FNH:0
DA:11,0
DA:87,0
DA:88,0
DA:151,0
DA:152,0
DA:153,0
LF:6
LH:0
BRF:0
BRH:0
end_of_record
TN:
SF:app/domains/user/api/routes/userRoutes.ts
FNF:0
FNH:0
DA:12,0
DA:74,0
DA:75,0
DA:92,0
DA:155,0
DA:156,0
DA:157,0
LF:7
LH:0
BRF:0
BRH:0
end_of_record
TN:
SF:app/domains/user/application/commands/createStudentCommand.ts
FN:19,(anonymous_0)
FN:23,(anonymous_1)
FN:26,(anonymous_2)
FNF:3
FNH:0
FNDA:0,(anonymous_0)
FNDA:0,(anonymous_1)
FNDA:0,(anonymous_2)
DA:19,0
DA:20,0
DA:26,0
DA:27,0
DA:33,0
DA:39,0
DA:41,0
LF:7
LH:0
BRF:0
BRH:0
end_of_record
TN:
SF:app/domains/user/application/commands/createTeacherCommand.ts
FN:19,(anonymous_0)
FN:23,(anonymous_1)
FN:26,(anonymous_2)
FNF:3
FNH:0
FNDA:0,(anonymous_0)
FNDA:0,(anonymous_1)
FNDA:0,(anonymous_2)
DA:19,0
DA:20,0
DA:26,0
DA:27,0
DA:35,0
DA:36,0
DA:38,0
DA:47,0
LF:8
LH:0
BRDA:35,0,0,0
BRDA:35,0,1,0
BRDA:36,1,0,0
BRDA:36,1,1,0
BRDA:43,2,0,0
BRDA:43,2,1,0
BRDA:44,3,0,0
BRDA:44,3,1,0
BRF:8
BRH:0
end_of_record
TN:
SF:app/domains/user/application/commands/createUser.ts
FN:10,(anonymous_0)
FN:14,(anonymous_1)
FNF:2
FNH:0
FNDA:0,(anonymous_0)
FNDA:0,(anonymous_1)
DA:10,0
DA:11,0
DA:17,0
DA:18,0
LF:4
LH:0
BRF:0
BRH:0
end_of_record
TN:
SF:app/domains/user/application/commands/deleteStudentCommand.ts
FN:8,(anonymous_0)
FN:12,(anonymous_1)
FN:13,(anonymous_2)
FNF:3
FNH:0
FNDA:0,(anonymous_0)
FNDA:0,(anonymous_1)
FNDA:0,(anonymous_2)
DA:8,0
DA:9,0
DA:13,0
DA:14,0
DA:15,0
DA:16,0
DA:19,0
DA:20,0
DA:21,0
LF:9
LH:0
BRDA:15,0,0,0
BRDA:15,0,1,0
BRDA:20,1,0,0
BRDA:20,1,1,0
BRF:4
BRH:0
end_of_record
TN:
SF:app/domains/user/application/commands/deleteTeacherCommand.ts
FN:8,(anonymous_0)
FN:12,(anonymous_1)
FN:13,(anonymous_2)
FNF:3
FNH:0
FNDA:0,(anonymous_0)
FNDA:0,(anonymous_1)
FNDA:0,(anonymous_2)
DA:8,0
DA:9,0
DA:13,0
DA:14,0
DA:15,0
DA:16,0
DA:19,0
DA:20,0
DA:21,0
LF:9
LH:0
BRDA:15,0,0,0
BRDA:15,0,1,0
BRDA:20,1,0,0
BRDA:20,1,1,0
BRF:4
BRH:0
end_of_record
TN:
SF:app/domains/user/application/commands/deleteUser.ts
FN:7,(anonymous_0)
FN:11,(anonymous_1)
FNF:2
FNH:0
FNDA:0,(anonymous_0)
FNDA:0,(anonymous_1)
DA:7,0
DA:8,0
DA:12,0
DA:13,0
DA:14,0
LF:5
LH:0
BRDA:13,0,0,0
BRDA:13,0,1,0
BRF:2
BRH:0
end_of_record
TN:
SF:app/domains/user/application/commands/loginCommand.ts
FN:10,(anonymous_0)
FN:14,(anonymous_1)
FNF:2
FNH:0
FNDA:0,(anonymous_0)
FNDA:0,(anonymous_1)
DA:10,0
DA:11,0
DA:17,0
DA:18,0
LF:4
LH:0
BRF:0
BRH:0
end_of_record
TN:
SF:app/domains/user/application/commands/updateStudentCommand.ts
FN:18,(anonymous_0)
FN:22,(anonymous_1)
FN:25,(anonymous_2)
FNF:3
FNH:0
FNDA:0,(anonymous_0)
FNDA:0,(anonymous_1)
FNDA:0,(anonymous_2)
DA:18,0
DA:19,0
DA:25,0
DA:26,0
DA:27,0
DA:28,0
DA:31,0
DA:32,0
DA:33,0
DA:40,0
DA:42,0
DA:43,0
DA:44,0
DA:45,0
DA:47,0
DA:48,0
DA:51,0
DA:52,0
DA:55,0
DA:56,0
DA:58,0
LF:21
LH:0
BRDA:27,0,0,0
BRDA:27,0,1,0
BRDA:32,1,0,0
BRDA:32,1,1,0
BRDA:33,2,0,0
BRDA:33,2,1,0
BRDA:42,3,0,0
BRDA:42,3,1,0
BRDA:43,4,0,0
BRDA:43,4,1,0
BRDA:44,5,0,0
BRDA:44,5,1,0
BRDA:45,6,0,0
BRDA:45,6,1,0
BRDA:47,7,0,0
BRDA:47,7,1,0
BRDA:51,8,0,0
BRDA:51,8,1,0
BRF:18
BRH:0
end_of_record
TN:
SF:app/domains/user/application/commands/updateTeacherCommand.ts
FN:18,(anonymous_0)
FN:22,(anonymous_1)
FN:25,(anonymous_2)
FNF:3
FNH:0
FNDA:0,(anonymous_0)
FNDA:0,(anonymous_1)
FNDA:0,(anonymous_2)
DA:18,0
DA:19,0
DA:25,0
DA:26,0
DA:27,0
DA:28,0
DA:36,0
DA:38,0
DA:39,0
DA:40,0
DA:41,0
DA:43,0
DA:44,0
DA:53,0
DA:55,0
DA:57,0
DA:61,0
DA:62,0
DA:66,0
DA:68,0
DA:69,0
DA:72,0
DA:73,0
DA:75,0
DA:76,0
DA:79,0
DA:80,0
DA:82,0
LF:28
LH:0
BRDA:27,0,0,0
BRDA:27,0,1,0
BRDA:38,1,0,0
BRDA:38,1,1,0
BRDA:39,2,0,0
BRDA:39,2,1,0
BRDA:40,3,0,0
BRDA:40,3,1,0
BRDA:41,4,0,0
BRDA:41,4,1,0
BRDA:43,5,0,0
BRDA:43,5,1,0
BRDA:55,6,0,0
BRDA:55,6,1,0
BRDA:57,7,0,0
BRDA:57,7,1,0
BRDA:58,8,0,0
BRDA:58,8,1,0
BRDA:61,9,0,0
BRDA:61,9,1,0
BRDA:66,10,0,0
BRDA:66,10,1,0
BRDA:67,11,0,0
BRDA:67,11,1,0
BRDA:68,12,0,0
BRDA:68,12,1,0
BRDA:72,13,0,0
BRDA:72,13,1,0
BRDA:75,14,0,0
BRDA:75,14,1,0
BRF:30
BRH:0
end_of_record
TN:
SF:app/domains/user/application/commands/updateUser.ts
FN:13,(anonymous_0)
FN:17,(anonymous_1)
FNF:2
FNH:0
FNDA:0,(anonymous_0)
FNDA:0,(anonymous_1)
DA:13,0
DA:14,0
DA:20,0
DA:21,0
DA:22,0
DA:24,0
LF:6
LH:0
BRDA:21,0,0,0
BRDA:21,0,1,0
BRF:2
BRH:0
end_of_record
TN:
SF:app/domains/user/application/queries/GetStudentByIdQuery.ts
FN:11,(anonymous_0)
FN:15,(anonymous_1)
FNF:2
FNH:0
FNDA:0,(anonymous_0)
FNDA:0,(anonymous_1)
DA:11,0
DA:12,0
DA:18,0
DA:19,0
DA:20,0
DA:22,0
LF:6
LH:0
BRDA:19,0,0,0
BRDA:19,0,1,0
BRF:2
BRH:0
end_of_record
TN:
SF:app/domains/user/application/queries/GetTeacherByIdQuery.ts
FN:11,(anonymous_0)
FN:15,(anonymous_1)
FNF:2
FNH:0
FNDA:0,(anonymous_0)
FNDA:0,(anonymous_1)
DA:11,0
DA:12,0
DA:18,0
DA:19,0
DA:20,0
DA:22,0
LF:6
LH:0
BRDA:19,0,0,0
BRDA:19,0,1,0
BRF:2
BRH:0
end_of_record
TN:
SF:app/domains/user/application/queries/GetUserByIdQuery.ts
FN:8,(anonymous_0)
FN:12,(anonymous_1)
FNF:2
FNH:0
FNDA:0,(anonymous_0)
FNDA:0,(anonymous_1)
DA:8,0
DA:9,0
DA:15,0
DA:16,0
DA:17,0
LF:5
LH:0
BRDA:16,0,0,0
BRDA:16,0,1,0
BRF:2
BRH:0
end_of_record
TN:
SF:app/domains/user/application/queries/ListStudentsQuery.ts
FN:7,(anonymous_0)
FN:11,(anonymous_1)
FNF:2
FNH:0
FNDA:0,(anonymous_0)
FNDA:0,(anonymous_1)
DA:7,0
DA:8,0
DA:14,0
DA:15,0
DA:16,0
DA:17,0
LF:6
LH:0
BRDA:14,0,0,0
BRDA:14,0,1,0
BRDA:15,1,0,0
BRDA:15,1,1,0
BRF:4
BRH:0
end_of_record
TN:
SF:app/domains/user/application/queries/ListTeachersQuery.ts
FN:7,(anonymous_0)
FN:11,(anonymous_1)
FNF:2
FNH:0
FNDA:0,(anonymous_0)
FNDA:0,(anonymous_1)
DA:7,0
DA:8,0
DA:14,0
DA:15,0
DA:16,0
DA:17,0
LF:6
LH:0
BRDA:14,0,0,0
BRDA:14,0,1,0
BRDA:15,1,0,0
BRDA:15,1,1,0
BRF:4
BRH:0
end_of_record
TN:
SF:app/domains/user/application/queries/ListUserQuery.ts
FN:7,(anonymous_0)
FN:11,(anonymous_1)
FNF:2
FNH:0
FNDA:0,(anonymous_0)
FNDA:0,(anonymous_1)
DA:7,0
DA:8,0
DA:12,0
DA:13,0
DA:14,0
DA:15,0
LF:6
LH:0
BRDA:12,0,0,0
BRDA:12,0,1,0
BRDA:13,1,0,0
BRDA:13,1,1,0
BRF:4
BRH:0
end_of_record
TN:
SF:app/domains/user/domain/ports/IStudentRepository.ts
FNF:0
FNH:0
LF:0
LH:0
BRF:0
BRH:0
end_of_record
TN:
SF:app/domains/user/domain/ports/ITeacherRepository.ts
FNF:0
FNH:0
LF:0
LH:0
BRF:0
BRH:0
end_of_record
TN:
SF:app/domains/user/domain/ports/ITeacherSubjectLinkRepository.ts
FNF:0
FNH:0
LF:0
LH:0
BRF:0
BRH:0
end_of_record
TN:
SF:app/domains/user/domain/ports/IUserRepository.ts
FNF:0
FNH:0
LF:0
LH:0
BRF:0
BRH:0
end_of_record
TN:
SF:app/domains/user/domain/services/studentService.ts
FN:13,(anonymous_0)
FN:17,(anonymous_1)
FN:50,(anonymous_2)
FN:54,(anonymous_3)
FN:75,(anonymous_4)
FN:83,(anonymous_5)
FNF:6
FNH:5
FNDA:5,(anonymous_0)
FNDA:2,(anonymous_1)
FNDA:0,(anonymous_2)
FNDA:1,(anonymous_3)
FNDA:1,(anonymous_4)
FNDA:1,(anonymous_5)
DA:13,5
DA:14,5
DA:22,2
DA:23,2
DA:24,0
DA:30,2
DA:31,2
DA:32,1
DA:41,1
DA:47,1
DA:51,0
DA:55,1
DA:56,1
DA:57,1
DA:58,1
DA:70,1
DA:71,1
DA:79,1
DA:80,1
DA:84,1
LF:20
LH:18
BRDA:23,0,0,0
BRDA:23,0,1,2
BRDA:31,1,0,1
BRDA:31,1,1,1
BRDA:55,2,0,1
BRDA:55,2,1,1
BRDA:56,3,0,1
BRDA:56,3,1,1
BRDA:57,4,0,1
BRDA:57,4,1,1
BRF:10
BRH:9
end_of_record
TN:
SF:app/domains/user/domain/services/teacherService.ts
FN:17,(anonymous_0)
FN:21,(anonymous_1)
FN:65,(anonymous_2)
FN:72,(anonymous_3)
FN:93,(anonymous_4)
FN:95,(anonymous_5)
FN:101,(anonymous_6)
FN:141,(anonymous_7)
FN:147,(anonymous_8)
FN:160,(anonymous_9)
FNF:10
FNH:9
FNDA:5,(anonymous_0)
FNDA:2,(anonymous_1)
FNDA:0,(anonymous_2)
FNDA:1,(anonymous_3)
FNDA:1,(anonymous_4)
FNDA:1,(anonymous_5)
FNDA:1,(anonymous_6)
FNDA:1,(anonymous_7)
FNDA:3,(anonymous_8)
FNDA:3,(anonymous_9)
DA:17,5
DA:18,5
DA:29,2
DA:30,2
DA:31,1
DA:37,1
DA:38,1
DA:39,0
DA:49,1
DA:50,2
DA:51,2
DA:53,1
DA:59,1
DA:60,1
DA:61,1
DA:62,1
DA:66,0
DA:67,0
DA:68,0
DA:69,0
DA:73,1
DA:74,1
DA:75,1
DA:77,1
DA:91,1
DA:92,1
DA:93,1
DA:95,1
DA:96,1
DA:98,1
DA:115,1
DA:116,1
DA:117,1
DA:118,1
DA:119,1
DA:120,1
DA:122,1
DA:125,0
DA:127,1
DA:128,1
DA:129,1
DA:132,1
DA:133,1
DA:134,1
DA:137,1
DA:138,1
DA:142,1
DA:143,1
DA:144,1
DA:148,3
DA:149,3
DA:150,3
DA:151,3
DA:152,0
DA:164,3
DA:170,3
LF:56
LH:49
BRDA:30,0,0,1
BRDA:30,0,1,1
BRDA:38,1,0,0
BRDA:38,1,1,1
BRDA:49,2,0,1
BRDA:49,2,1,0
BRDA:50,3,0,2
BRDA:50,3,1,0
BRDA:67,4,0,0
BRDA:67,4,1,0
BRDA:73,5,0,1
BRDA:73,5,1,1
BRDA:74,6,0,1
BRDA:74,6,1,1
BRDA:75,7,0,1
BRDA:75,7,1,1
BRDA:116,8,0,1
BRDA:116,8,1,0
BRDA:117,9,0,1
BRDA:117,9,1,0
BRDA:119,10,0,1
BRDA:119,10,1,0
BRDA:122,11,0,1
BRDA:122,11,1,0
BRDA:125,12,0,0
BRDA:125,12,1,0
BRDA:127,13,0,1
BRDA:127,13,1,0
BRDA:132,14,0,1
BRDA:132,14,1,0
BRDA:149,15,0,0
BRDA:149,15,1,3
BRDA:151,16,0,0
BRDA:151,16,1,3
BRDA:164,17,0,3
BRDA:164,17,1,0
BRF:36
BRH:20
end_of_record
TN:
SF:app/domains/user/domain/services/userService.ts
FN:27,(anonymous_0)
FN:33,(anonymous_1)
FN:37,(anonymous_2)
FN:55,(anonymous_3)
FN:74,(anonymous_4)
FN:103,(anonymous_5)
FN:107,(anonymous_6)
FN:111,(anonymous_7)
FNF:8
FNH:6
FNDA:7,(anonymous_0)
FNDA:5,(anonymous_1)
FNDA:2,(anonymous_2)
FNDA:1,(anonymous_3)
FNDA:2,(anonymous_4)
FNDA:0,(anonymous_5)
FNDA:0,(anonymous_6)
FNDA:2,(anonymous_7)
DA:28,7
DA:29,7
DA:30,7
DA:34,5
DA:38,2
DA:39,2
DA:41,2
DA:42,2
DA:43,1
DA:49,1
DA:50,1
DA:51,1
DA:52,1
DA:56,1
DA:57,1
DA:58,1
DA:59,1
DA:70,1
DA:71,1
DA:78,2
DA:79,2
DA:81,1
DA:83,1
DA:84,1
DA:85,1
DA:86,1
DA:87,1
DA:88,1
DA:89,1
DA:95,0
DA:97,0
DA:98,0
DA:100,0
DA:104,0
DA:108,0
DA:112,2
DA:113,2
DA:114,2
DA:115,0
DA:118,2
DA:119,2
DA:120,1
DA:123,1
DA:124,1
DA:125,1
DA:139,1
LF:46
LH:39
BRDA:30,0,0,7
BRDA:30,0,1,0
BRDA:42,1,0,1
BRDA:42,1,1,1
BRDA:56,2,0,1
BRDA:56,2,1,1
BRDA:57,3,0,1
BRDA:57,3,1,1
BRDA:58,4,0,1
BRDA:58,4,1,1
BRDA:79,5,0,1
BRDA:79,5,1,1
BRDA:83,6,0,0
BRDA:83,6,1,1
BRDA:84,7,0,1
BRDA:84,7,1,0
BRDA:86,8,0,1
BRDA:86,8,1,0
BRDA:88,9,0,1
BRDA:88,9,1,0
BRDA:97,10,0,0
BRDA:97,10,1,0
BRDA:98,11,0,0
BRDA:98,11,1,0
BRDA:114,12,0,0
BRDA:114,12,1,2
BRDA:114,13,0,2
BRDA:114,13,1,2
BRDA:119,14,0,1
BRDA:119,14,1,1
BRF:30
BRH:20
end_of_record
TN:
SF:app/domains/user/schemas/login.ts
FNF:0
FNH:0
DA:3,0
LF:1
LH:0
BRF:0
BRH:0
end_of_record
TN:
SF:app/domains/user/schemas/studentSchema.ts
FN:16,(anonymous_0)
FN:18,(anonymous_1)
FN:29,(anonymous_2)
FN:34,(anonymous_3)
FN:43,(anonymous_4)
FN:62,(anonymous_5)
FN:88,(anonymous_6)
FNF:7
FNH:0
FNDA:0,(anonymous_0)
FNDA:0,(anonymous_1)
FNDA:0,(anonymous_2)
[...]
DA:244,0
DA:248,0
DA:249,0
DA:250,0
DA:269,4
DA:276,4
DA:277,0
DA:280,4
DA:284,3
DA:285,3
DA:286,2
DA:291,1
DA:293,1
DA:298,3
DA:299,3
DA:300,3
DA:301,3
DA:302,1
DA:304,3
DA:305,1
DA:307,3
DA:308,1
DA:310,3
DA:311,1
DA:312,1
DA:316,3
DA:317,3
DA:318,1
DA:323,1
DA:324,1
DA:325,1
DA:327,0
DA:328,0
DA:330,1
DA:331,0
DA:335,2
DA:342,2
DA:344,1
LF:107
LH:82
BRDA:51,0,0,0
BRDA:51,0,1,0
BRDA:52,1,0,0
BRDA:52,1,1,0
BRDA:67,2,0,0
BRDA:67,2,1,0
BRDA:68,3,0,0
BRDA:68,3,1,0
BRDA:75,4,0,0
BRDA:75,4,1,0
BRDA:76,5,0,0
BRDA:76,5,1,0
BRDA:77,6,0,0
BRDA:77,6,1,0
BRDA:78,7,0,0
BRDA:78,7,1,0
BRDA:79,8,0,0
BRDA:79,8,1,0
BRDA:80,9,0,0
BRDA:80,9,1,0
BRDA:81,10,0,0
BRDA:81,10,1,0
BRDA:104,11,0,1
BRDA:104,11,1,1
BRDA:107,12,0,1
BRDA:107,12,1,1
BRDA:107,13,0,2
BRDA:107,13,1,1
BRDA:109,14,0,0
BRDA:109,14,1,1
BRDA:112,15,0,1
BRDA:112,15,1,1
BRDA:115,16,0,1
BRDA:115,16,1,1
BRDA:118,17,0,1
BRDA:118,17,1,1
BRDA:122,18,0,2
BRDA:122,18,1,0
BRDA:123,19,0,2
BRDA:123,19,1,0
BRDA:146,20,0,1
BRDA:146,20,1,1
BRDA:163,21,0,1
BRDA:163,21,1,2
BRDA:165,22,0,1
BRDA:165,22,1,1
BRDA:248,23,0,0
BRDA:248,23,1,0
BRDA:248,23,2,0
BRDA:249,24,0,0
BRDA:249,24,1,0
BRDA:249,24,2,0
BRDA:257,25,0,0
BRDA:257,25,1,0
BRDA:258,26,0,0
BRDA:258,26,1,0
BRDA:273,27,0,4
BRDA:273,27,1,0
BRDA:276,28,0,0
BRDA:276,28,1,4
BRDA:276,29,0,4
BRDA:276,29,1,0
BRDA:285,30,0,1
BRDA:285,30,1,2
BRDA:300,31,0,1
BRDA:300,31,1,2
BRDA:301,32,0,1
BRDA:301,32,1,2
BRDA:301,33,0,3
BRDA:301,33,1,1
BRDA:304,34,0,1
BRDA:304,34,1,2
BRDA:304,35,0,3
BRDA:304,35,1,1
BRDA:307,36,0,1
BRDA:307,36,1,2
BRDA:307,37,0,3
BRDA:307,37,1,1
BRDA:310,38,0,1
BRDA:310,38,1,2
BRDA:310,39,0,3
BRDA:310,39,1,1
BRDA:311,40,0,0
BRDA:311,40,1,1
BRDA:316,41,0,1
BRDA:316,41,1,2
BRDA:317,42,0,1
BRDA:317,42,1,2
BRDA:324,43,0,1
BRDA:324,43,1,0
BRDA:327,44,0,0
BRDA:327,44,1,0
BRDA:330,45,0,0
BRDA:330,45,1,1
BRDA:339,46,0,2
BRDA:339,46,1,0
BRF:96
BRH:52
end_of_record
TN:
SF:app/infrastructure/question-bank/repositories/QuestionTypeRepository.ts
FN:21,(anonymous_0)
FN:31,(anonymous_1)
FN:35,(anonymous_2)
FN:48,(anonymous_3)
FN:61,(anonymous_4)
FN:73,(anonymous_5)
FNF:6
FNH:6
FNDA:8,(anonymous_0)
FNDA:1,(anonymous_1)
FNDA:1,(anonymous_2)
FNDA:1,(anonymous_3)
FNDA:3,(anonymous_4)
FNDA:3,(anonymous_5)
DA:22,8
DA:32,0
DA:36,1
DA:37,1
DA:49,1
DA:50,1
DA:62,3
DA:63,3
DA:67,2
DA:69,1
DA:74,3
DA:75,3
DA:79,2
DA:81,1
LF:14
LH:13
BRF:0
BRH:0
end_of_record
TN:
SF:app/infrastructure/question-bank/repositories/subjectRepository.ts
FN:41,(anonymous_0)
FN:51,(anonymous_1)
FN:57,(anonymous_2)
FN:79,(anonymous_3)
FN:95,(anonymous_4)
FN:127,(anonymous_5)
FN:135,(anonymous_6)
FN:143,(anonymous_7)
FN:151,(anonymous_8)
FN:156,(anonymous_9)
FN:164,(anonymous_10)
FN:168,(anonymous_11)
FN:176,(anonymous_12)
FN:192,(anonymous_13)
FNF:14
FNH:11
FNDA:16,(anonymous_0)
FNDA:1,(anonymous_1)
FNDA:0,(anonymous_2)
FNDA:0,(anonymous_3)
FNDA:0,(anonymous_4)
FNDA:1,(anonymous_5)
FNDA:1,(anonymous_6)
FNDA:1,(anonymous_7)
FNDA:2,(anonymous_8)
FNDA:2,(anonymous_9)
FNDA:1,(anonymous_10)
FNDA:2,(anonymous_11)
FNDA:3,(anonymous_12)
FNDA:3,(anonymous_13)
DA:42,16
DA:52,0
DA:62,0
DA:63,0
DA:64,0
DA:67,0
DA:68,0
DA:69,0
DA:74,0
DA:78,0
DA:79,0
DA:82,0
DA:86,0
DA:87,0
DA:88,0
DA:90,0
DA:95,0
DA:96,0
DA:97,0
DA:103,0
DA:111,0
DA:114,0
DA:128,1
DA:129,1
DA:136,1
DA:137,1
DA:147,1
DA:148,1
DA:152,2
DA:153,2
DA:157,2
DA:161,2
DA:165,1
DA:169,2
DA:173,2
DA:177,3
DA:178,3
DA:179,2
DA:180,1
DA:186,1
DA:188,1
DA:196,3
DA:198,3
DA:201,2
DA:202,2
DA:203,2
DA:206,2
DA:207,2
DA:208,1
DA:210,1
DA:213,1
DA:214,1
DA:217,2
DA:223,2
DA:224,2
DA:226,2
DA:228,1
LF:57
LH:36
BRDA:63,0,0,0
BRDA:63,0,1,0
BRDA:67,1,0,0
BRDA:67,1,1,0
BRDA:69,2,0,0
BRDA:69,2,1,0
BRDA:69,2,2,0
BRDA:82,3,0,0
BRDA:82,3,1,0
BRDA:179,4,0,1
BRDA:179,4,1,1
BRDA:207,5,0,1
BRDA:207,5,1,1
BRDA:208,6,0,1
BRDA:208,6,1,0
BRDA:213,7,0,1
BRDA:213,7,1,0
BRDA:214,8,0,1
BRDA:214,8,1,0
BRF:19
BRH:7
end_of_record
TN:
SF:app/infrastructure/question-bank/repositories/subtopicRepository.ts
FN:24,(anonymous_0)
FN:27,(anonymous_1)
FN:28,(anonymous_2)
FN:29,(anonymous_3)
FN:34,(anonymous_4)
FN:46,(anonymous_5)
FN:71,(anonymous_6)
FN:81,(anonymous_7)
FN:94,(anonymous_8)
FN:106,(anonymous_9)
FNF:10
FNH:7
FNDA:5,(anonymous_0)
FNDA:0,(anonymous_1)
FNDA:0,(anonymous_2)
FNDA:0,(anonymous_3)
FNDA:2,(anonymous_4)
FNDA:1,(anonymous_5)
FNDA:1,(anonymous_6)
FNDA:1,(anonymous_7)
FNDA:1,(anonymous_8)
FNDA:1,(anonymous_9)
DA:25,5
DA:27,0
DA:28,0
DA:29,0
DA:35,2
DA:36,2
DA:37,2
DA:38,2
DA:47,1
DA:48,1
DA:49,1
DA:50,1
DA:52,1
DA:53,1
DA:55,1
DA:63,1
DA:64,1
DA:65,1
DA:67,0
DA:72,1
DA:73,1
DA:74,1
DA:75,0
DA:77,0
DA:82,1
DA:83,1
DA:84,1
DA:88,1
DA:90,0
DA:95,1
DA:96,1
DA:100,1
DA:102,0
DA:107,1
DA:108,1
DA:112,1
DA:114,0
LF:37
LH:28
BRDA:37,0,0,2
BRDA:37,0,1,0
BRDA:49,1,0,1
BRDA:49,1,1,0
BRDA:50,2,0,1
BRDA:50,2,1,0
BRDA:52,3,0,1
BRDA:52,3,1,0
BRDA:53,4,0,1
BRDA:53,4,1,0
BRDA:74,5,0,1
BRDA:74,5,1,0
BRF:12
BRH:6
end_of_record
TN:
SF:app/infrastructure/question-bank/repositories/teacherSubjectLinkRepository.ts
FN:23,(anonymous_0)
FN:26,(anonymous_1)
FN:27,(anonymous_2)
FN:28,(anonymous_3)
FN:33,(anonymous_4)
FN:37,(anonymous_5)
FN:46,(anonymous_6)
FN:55,(anonymous_7)
FN:56,(anonymous_8)
FN:59,(anonymous_9)
FN:70,(anonymous_10)
FN:74,(anonymous_11)
FN:82,(anonymous_12)
FN:85,(anonymous_13)
FN:94,(anonymous_14)
FN:117,(anonymous_15)
FN:122,(anonymous_16)
FN:127,(anonymous_17)
FN:155,(anonymous_18)
FNF:19
FNH:15
FNDA:4,(anonymous_0)
FNDA:0,(anonymous_1)
FNDA:0,(anonymous_2)
FNDA:0,(anonymous_3)
FNDA:1,(anonymous_4)
FNDA:1,(anonymous_5)
FNDA:1,(anonymous_6)
FNDA:1,(anonymous_7)
FNDA:2,(anonymous_8)
FNDA:1,(anonymous_9)
FNDA:1,(anonymous_10)
FNDA:1,(anonymous_11)
FNDA:1,(anonymous_12)
FNDA:1,(anonymous_13)
FNDA:1,(anonymous_14)
FNDA:0,(anonymous_15)
FNDA:1,(anonymous_16)
FNDA:1,(anonymous_17)
FNDA:1,(anonymous_18)
DA:24,4
DA:26,0
DA:27,0
DA:28,0
DA:34,0
DA:38,1
DA:47,1
DA:48,1
DA:50,1
DA:55,1
DA:56,2
DA:64,1
DA:65,1
DA:69,1
DA:70,1
DA:72,1
DA:74,1
DA:75,1
DA:76,1
DA:82,1
DA:83,1
DA:84,1
DA:85,1
DA:99,1
DA:100,1
DA:103,1
DA:107,1
DA:109,1
DA:110,1
DA:118,0
DA:119,0
DA:126,1
DA:127,1
DA:128,1
DA:130,1
DA:132,1
DA:137,1
DA:138,1
DA:139,1
DA:140,1
DA:141,1
DA:142,0
DA:144,1
DA:145,1
DA:148,1
DA:152,1
DA:155,1
DA:159,1
DA:160,1
DA:161,1
DA:166,1
DA:167,1
DA:168,1
DA:172,1
DA:173,1
DA:174,1
DA:175,1
DA:176,0
DA:178,1
DA:179,1
DA:180,1
DA:181,1
DA:185,1
LF:63
LH:55
BRDA:48,0,0,0
BRDA:48,0,1,1
BRDA:75,1,0,1
BRDA:75,1,1,0
BRDA:83,2,0,1
BRDA:83,2,1,0
BRDA:103,3,0,1
BRDA:103,3,1,0
BRDA:109,4,0,1
BRDA:109,4,1,0
BRDA:119,5,0,0
BRDA:119,5,1,0
BRDA:128,6,0,0
BRDA:128,6,1,1
BRDA:139,7,0,0
BRDA:139,7,1,1
BRDA:140,8,0,1
BRDA:140,8,1,0
BRDA:141,9,0,0
BRDA:141,9,1,1
BRDA:160,10,0,1
BRDA:160,10,1,0
BRDA:174,11,0,1
BRDA:174,11,1,0
BRDA:175,12,0,0
BRDA:175,12,1,1
BRDA:180,13,0,1
BRDA:180,13,1,0
BRF:28
BRH:13
end_of_record
TN:
SF:app/infrastructure/question-bank/repositories/topicRepository.ts
FN:33,(anonymous_0)
FN:36,(anonymous_1)
FN:37,(anonymous_2)
FN:38,(anonymous_3)
FN:43,(anonymous_4)
FN:52,(anonymous_5)
FN:59,(anonymous_6)
FN:69,(anonymous_7)
FN:84,(anonymous_8)
FN:97,(anonymous_9)
FN:121,(anonymous_10)
FN:131,(anonymous_11)
FN:146,(anonymous_12)
FN:164,(anonymous_13)
FN:181,(anonymous_14)
FNF:15
FNH:7
FNDA:5,(anonymous_0)
FNDA:0,(anonymous_1)
FNDA:0,(anonymous_2)
FNDA:0,(anonymous_3)
FNDA:0,(anonymous_4)
FNDA:0,(anonymous_5)
FNDA:0,(anonymous_6)
FNDA:0,(anonymous_7)
FNDA:1,(anonymous_8)
FNDA:1,(anonymous_9)
FNDA:1,(anonymous_10)
FNDA:1,(anonymous_11)
FNDA:1,(anonymous_12)
FNDA:1,(anonymous_13)
FNDA:0,(anonymous_14)
DA:34,5
DA:36,0
DA:37,0
DA:38,0
DA:44,0
DA:47,0
DA:51,0
DA:52,0
DA:55,0
DA:59,0
DA:60,0
DA:61,0
DA:65,0
DA:69,0
DA:70,0
DA:71,0
DA:74,0
DA:85,1
DA:86,1
DA:87,1
DA:90,1
DA:91,1
DA:96,1
DA:97,1
DA:99,1
DA:102,1
DA:103,1
DA:105,1
DA:113,1
DA:114,1
DA:115,1
DA:117,0
DA:122,1
DA:123,1
DA:124,1
DA:125,0
DA:127,0
DA:132,1
DA:133,1
DA:134,1
DA:140,1
DA:142,0
DA:147,1
DA:148,1
DA:149,1
DA:151,0
DA:155,0
DA:156,0
DA:157,0
DA:158,0
DA:160,0
DA:165,1
DA:166,1
DA:170,1
DA:171,1
DA:175,1
DA:177,0
DA:182,0
DA:183,0
DA:187,0
DA:189,0
LF:61
LH:30
BRDA:55,0,0,0
BRDA:55,0,1,0
BRDA:87,1,0,0
BRDA:87,1,1,1
BRDA:90,2,0,1
BRDA:90,2,1,0
BRDA:99,3,0,1
BRDA:99,3,1,0
BRDA:102,4,0,1
BRDA:102,4,1,0
BRDA:103,5,0,1
BRDA:103,5,1,0
BRDA:124,6,0,1
BRDA:124,6,1,0
BRDA:149,7,0,1
BRDA:149,7,1,0
BRDA:155,8,0,0
BRDA:155,8,1,0
BRDA:157,9,0,0
BRDA:157,9,1,0
BRF:20
BRH:7
end_of_record
TN:
SF:app/infrastructure/user/mappers/studentMapper.ts
FN:21,(anonymous_0)
FN:45,(anonymous_1)
FN:53,(anonymous_2)
FN:60,(anonymous_3)
FN:87,(anonymous_4)
FNF:5
FNH:0
FNDA:0,(anonymous_0)
FNDA:0,(anonymous_1)
FNDA:0,(anonymous_2)
FNDA:0,(anonymous_3)
FNDA:0,(anonymous_4)
DA:20,1
DA:22,0
DA:30,0
DA:31,0
DA:32,0
DA:34,0
DA:46,0
DA:54,0
DA:55,0
DA:56,0
DA:57,0
DA:69,0
DA:70,0
DA:72,0
DA:73,0
DA:74,0
DA:75,0
DA:76,0
DA:77,0
DA:79,0
DA:81,0
DA:84,0
DA:88,0
DA:89,0
DA:90,0
DA:92,0
DA:93,0
DA:94,0
DA:95,0
DA:98,0
LF:30
LH:1
BRDA:30,0,0,0
BRDA:30,0,1,0
BRDA:31,1,0,0
BRDA:31,1,1,0
BRDA:55,2,0,0
BRDA:55,2,1,0
BRDA:56,3,0,0
BRDA:56,3,1,0
BRDA:72,4,0,0
BRDA:72,4,1,0
BRDA:73,5,0,0
BRDA:73,5,1,0
BRDA:74,6,0,0
BRDA:74,6,1,0
BRDA:75,7,0,0
BRDA:75,7,1,0
BRDA:76,8,0,0
BRDA:76,8,1,0
BRDA:77,9,0,0
BRDA:77,9,1,0
BRDA:79,10,0,0
BRDA:79,10,1,0
BRDA:84,11,0,0
BRDA:84,11,1,0
BRDA:88,12,0,0
BRDA:88,12,1,0
BRDA:89,13,0,0
BRDA:89,13,1,0
BRDA:90,14,0,0
BRDA:90,14,1,0
BRDA:93,15,0,0
BRDA:93,15,1,0
BRDA:94,16,0,0
BRDA:94,16,1,0
BRF:34
BRH:0
end_of_record
TN:
SF:app/infrastructure/user/mappers/teacherMapper.ts
FN:29,(anonymous_0)
FN:50,(anonymous_1)
FN:60,(anonymous_2)
FN:70,(anonymous_3)
FN:98,(anonymous_4)
FNF:5
FNH:0
FNDA:0,(anonymous_0)
FNDA:0,(anonymous_1)
FNDA:0,(anonymous_2)
FNDA:0,(anonymous_3)
FNDA:0,(anonymous_4)
DA:28,1
DA:30,0
DA:33,0
DA:34,0
DA:35,0
DA:38,0
DA:51,0
DA:52,0
DA:61,0
DA:62,0
DA:63,0
DA:64,0
DA:65,0
DA:66,0
DA:67,0
DA:79,0
DA:80,0
DA:82,0
DA:83,0
DA:84,0
DA:86,0
DA:87,0
DA:88,0
DA:90,0
DA:91,0
DA:92,0
DA:95,0
DA:99,0
DA:100,0
DA:101,0
DA:103,0
DA:104,0
DA:105,0
DA:106,0
DA:109,0
LF:35
LH:1
BRDA:30,0,0,0
BRDA:30,0,1,0
BRDA:33,1,0,0
BRDA:33,1,1,0
BRDA:34,2,0,0
BRDA:34,2,1,0
BRDA:63,3,0,0
BRDA:63,3,1,0
BRDA:64,4,0,0
BRDA:64,4,1,0
BRDA:66,5,0,0
BRDA:66,5,1,0
BRDA:82,6,0,0
BRDA:82,6,1,0
BRDA:83,7,0,0
BRDA:83,7,1,0
BRDA:84,8,0,0
BRDA:84,8,1,0
BRDA:86,9,0,0
BRDA:86,9,1,0
BRDA:87,10,0,0
BRDA:87,10,1,0
BRDA:88,11,0,0
BRDA:88,11,1,0
BRDA:90,12,0,0
BRDA:90,12,1,0
BRDA:95,13,0,0
BRDA:95,13,1,0
BRDA:99,14,0,0
BRDA:99,14,1,0
BRDA:100,15,0,0
BRDA:100,15,1,0
BRDA:101,16,0,0
BRDA:101,16,1,0
BRDA:104,17,0,0
BRDA:104,17,1,0
BRDA:105,18,0,0
BRDA:105,18,1,0
BRF:38
BRH:0
end_of_record
TN:
SF:app/infrastructure/user/mappers/userMapper.ts
FN:18,(anonymous_0)
FN:33,(anonymous_1)
FN:43,(anonymous_2)
FN:53,(anonymous_3)
FN:70,(anonymous_4)
FNF:5
FNH:0
FNDA:0,(anonymous_0)
FNDA:0,(anonymous_1)
FNDA:0,(anonymous_2)
FNDA:0,(anonymous_3)
FNDA:0,(anonymous_4)
DA:17,1
DA:19,0
DA:25,0
DA:34,0
DA:35,0
DA:44,0
DA:45,0
DA:46,0
DA:47,0
DA:48,0
DA:49,0
DA:50,0
DA:54,0
DA:55,0
DA:57,0
DA:58,0
DA:59,0
DA:61,0
DA:62,0
DA:63,0
DA:67,0
DA:76,0
DA:77,0
DA:78,0
DA:80,0
DA:81,0
DA:82,0
DA:83,0
DA:86,0
LF:29
LH:1
BRDA:46,0,0,0
BRDA:46,0,1,0
BRDA:47,1,0,0
BRDA:47,1,1,0
BRDA:48,2,0,0
BRDA:48,2,1,0
BRDA:49,3,0,0
BRDA:49,3,1,0
BRDA:55,4,0,0
BRDA:55,4,1,0
BRDA:57,5,0,0
BRDA:57,5,1,0
BRDA:58,6,0,0
BRDA:58,6,1,0
BRDA:59,7,0,0
BRDA:59,7,1,0
BRDA:61,8,0,0
BRDA:61,8,1,0
BRDA:77,9,0,0
BRDA:77,9,1,0
BRDA:78,10,0,0
BRDA:78,10,1,0
BRDA:81,11,0,0
BRDA:81,11,1,0
BRDA:82,12,0,0
BRDA:82,12,1,0
BRF:26
BRH:0
end_of_record
TN:
SF:app/infrastructure/user/models/Student.ts
FNF:0
FNH:0
DA:11,3
LF:1
LH:1
BRF:0
BRH:0
end_of_record
TN:
SF:app/infrastructure/user/models/Teacher.ts
FNF:0
FNH:0
DA:13,3
LF:1
LH:1
BRF:0
BRH:0
end_of_record
TN:
SF:app/infrastructure/user/models/User.ts
FNF:0
FNH:0
DA:6,3
DA:17,3
LF:2
LH:2
BRF:0
BRH:0
end_of_record
TN:
SF:app/infrastructure/user/models/index.ts
FNF:0
FNH:0
DA:5,3
DA:12,3
DA:19,3
DA:26,3
LF:4
LH:4
BRF:0
BRH:0
end_of_record
TN:
SF:app/infrastructure/user/repositories/StudentRepository.ts
FN:20,(anonymous_0)
FN:30,(anonymous_1)
FN:34,(anonymous_2)
FN:47,(anonymous_3)
FN:64,(anonymous_4)
FN:72,(anonymous_5)
FN:90,(anonymous_6)
FN:108,(anonymous_7)
FN:113,(anonymous_8)
FNF:9
FNH:9
FNDA:13,(anonymous_0)
FNDA:1,(anonymous_1)
FNDA:2,(anonymous_2)
FNDA:3,(anonymous_3)
FNDA:2,(anonymous_4)
FNDA:2,(anonymous_5)
FNDA:2,(anonymous_6)
FNDA:1,(anonymous_7)
FNDA:1,(anonymous_8)
DA:21,13
DA:31,0
DA:35,2
DA:36,2
DA:37,2
DA:40,1
DA:41,1
DA:43,1
DA:52,3
DA:53,3
DA:54,3
DA:55,2
DA:56,1
DA:57,1
DA:59,1
DA:65,2
DA:69,2
DA:73,2
DA:74,2
DA:78,2
DA:91,2
DA:92,2
DA:96,2
DA:109,1
DA:110,1
DA:114,1
LF:26
LH:25
BRDA:55,0,0,1
BRDA:55,0,1,1
BRDA:69,1,0,1
BRDA:69,1,1,1
BRDA:74,2,0,1
BRDA:74,2,1,1
BRDA:92,3,0,1
BRDA:92,3,1,1
BRF:8
BRH:8
end_of_record
TN:
SF:app/infrastructure/user/repositories/TeacherRepository.ts
FN:20,(anonymous_0)
FN:30,(anonymous_1)
FN:34,(anonymous_2)
FN:47,(anonymous_3)
FN:63,(anonymous_4)
FN:71,(anonymous_5)
FN:89,(anonymous_6)
FN:107,(anonymous_7)
FN:112,(anonymous_8)
FNF:9
FNH:9
FNDA:13,(anonymous_0)
FNDA:1,(anonymous_1)
FNDA:2,(anonymous_2)
FNDA:3,(anonymous_3)
FNDA:2,(anonymous_4)
FNDA:2,(anonymous_5)
FNDA:2,(anonymous_6)
FNDA:1,(anonymous_7)
FNDA:1,(anonymous_8)
DA:21,13
DA:31,0
DA:35,2
DA:36,2
DA:37,2
DA:40,1
DA:41,1
DA:43,1
DA:52,3
DA:53,3
DA:54,3
DA:55,2
DA:56,1
DA:57,1
DA:59,1
DA:64,2
DA:68,2
DA:72,2
DA:73,2
DA:77,2
DA:90,2
DA:91,2
DA:95,2
DA:108,1
DA:109,1
DA:113,1
LF:26
LH:25
BRDA:55,0,0,1
BRDA:55,0,1,1
BRDA:68,1,0,1
BRDA:68,1,1,1
BRDA:73,2,0,1
BRDA:73,2,1,1
BRDA:91,3,0,1
BRDA:91,3,1,1
BRF:8
BRH:8
end_of_record
TN:
SF:app/infrastructure/user/repositories/UserRepository.ts
FN:22,(anonymous_0)
FN:32,(anonymous_1)
FN:36,(anonymous_2)
FN:49,(anonymous_3)
FN:62,(anonymous_4)
FN:70,(anonymous_5)
FN:98,(anonymous_6)
FNF:7
FNH:7
FNDA:9,(anonymous_0)
FNDA:1,(anonymous_1)
FNDA:1,(anonymous_2)
FNDA:1,(anonymous_3)
FNDA:1,(anonymous_4)
FNDA:3,(anonymous_5)
FNDA:3,(anonymous_6)
DA:23,9
DA:33,0
DA:37,1
DA:38,1
DA:50,1
DA:51,1
DA:66,1
DA:67,1
DA:71,3
DA:72,3
DA:76,2
DA:77,1
DA:85,1
DA:94,1
DA:99,3
DA:100,3
DA:107,2
DA:109,1
LF:18
LH:17
BRDA:76,0,0,1
BRDA:76,0,1,1
BRF:2
BRH:2
end_of_record
TN:
SF:app/shared/UoW/IUnitOfWork.ts
FNF:0
FNH:0
LF:0
LH:0
BRF:0
BRH:0
end_of_record
TN:
SF:app/shared/UoW/SequelizeUnitOfWork.ts
FN:6,(anonymous_0)
FN:11,(anonymous_1)
FNF:2
FNH:0
FNDA:0,(anonymous_0)
FNDA:0,(anonymous_1)
DA:7,0
DA:8,0
DA:12,0
DA:13,0
DA:14,0
DA:15,0
DA:16,0
DA:17,0
DA:19,0
DA:20,0
LF:10
LH:0
BRF:0
BRH:0
end_of_record
TN:
SF:app/shared/domain/base_repository.ts
FN:18,(anonymous_0)
FN:32,(anonymous_1)
FN:36,(anonymous_2)
FN:53,(anonymous_3)
FN:65,(anonymous_4)
FN:74,(anonymous_5)
FN:77,(anonymous_6)
FN:83,(anonymous_7)
FN:92,(anonymous_8)
FN:98,(anonymous_9)
FN:110,(anonymous_10)
FN:119,(anonymous_11)
FN:131,(anonymous_12)
FN:139,(anonymous_13)
FNF:14
FNH:3
FNDA:114,(anonymous_0)
FNDA:87,(anonymous_1)
FNDA:0,(anonymous_2)
FNDA:0,(anonymous_3)
FNDA:0,(anonymous_4)
FNDA:0,(anonymous_5)
FNDA:0,(anonymous_6)
FNDA:0,(anonymous_7)
FNDA:0,(anonymous_8)
FNDA:0,(anonymous_9)
FNDA:1,(anonymous_10)
FNDA:0,(anonymous_11)
FNDA:0,(anonymous_12)
FNDA:0,(anonymous_13)
DA:25,114
DA:26,114
DA:27,114
DA:28,114
DA:29,114
DA:33,87
DA:37,0
DA:38,0
DA:43,0
DA:44,0
DA:46,0
DA:47,0
DA:49,0
DA:54,0
DA:55,0
DA:56,0
DA:59,0
DA:61,0
DA:66,0
DA:67,0
DA:68,0
DA:70,0
DA:75,0
DA:76,0
DA:77,0
DA:79,0
DA:87,0
DA:88,0
DA:92,0
DA:94,0
DA:99,0
DA:100,0
DA:101,0
DA:102,0
DA:103,0
DA:104,0
DA:106,0
DA:111,1
DA:112,1
DA:113,1
DA:115,0
DA:120,0
DA:121,0
DA:125,0
DA:127,0
DA:132,0
DA:133,0
DA:135,0
DA:140,0
DA:141,0
DA:143,0
DA:153,0
DA:159,0
DA:160,0
DA:166,0
DA:167,0
DA:173,0
DA:180,0
DA:183,0
LF:59
LH:9
BRDA:33,0,0,87
BRDA:33,0,1,87
BRDA:43,1,0,0
BRDA:43,1,1,0
BRDA:46,2,0,0
BRDA:46,2,1,0
BRDA:47,3,0,0
BRDA:47,3,1,0
BRDA:68,4,0,0
BRDA:68,4,1,0
BRDA:74,5,0,0
BRDA:84,6,0,0
BRDA:102,7,0,0
BRDA:102,7,1,0
BRDA:133,8,0,0
BRDA:133,8,1,0
BRDA:141,9,0,0
BRDA:141,9,1,0
BRDA:143,10,0,0
BRDA:143,10,1,0
BRDA:144,11,0,0
BRDA:144,11,1,0
BRDA:144,11,2,0
BRDA:144,11,3,0
BRDA:144,11,4,0
BRDA:144,11,5,0
BRDA:144,11,6,0
BRDA:144,11,7,0
BRDA:159,12,0,0
BRDA:159,12,1,0
BRDA:166,13,0,0
BRDA:166,13,1,0
BRDA:166,14,0,0
BRDA:166,14,1,0
BRDA:173,15,0,0
BRDA:173,15,1,0
BRDA:174,16,0,0
BRDA:174,16,1,0
BRDA:174,16,2,0
BRDA:174,16,3,0
BRDA:174,16,4,0
BRDA:184,17,0,0
BRDA:184,17,1,0
BRF:43
BRH:2
end_of_record
TN:
SF:app/shared/domain/base_response.ts
FN:3,(anonymous_0)
FN:10,(anonymous_1)
FN:26,(anonymous_2)
FN:40,(anonymous_3)
FN:51,(anonymous_4)
FN:67,(anonymous_5)
FNF:6
FNH:0
FNDA:0,(anonymous_0)
FNDA:0,(anonymous_1)
FNDA:0,(anonymous_2)
FNDA:0,(anonymous_3)
FNDA:0,(anonymous_4)
FNDA:0,(anonymous_5)
DA:4,0
DA:5,0
DA:12,0
DA:13,0
DA:14,0
DA:15,0
DA:17,0
DA:27,0
DA:28,0
DA:29,0
DA:30,0
DA:34,0
DA:41,0
DA:45,0
DA:52,0
DA:56,0
DA:68,0
DA:69,0
DA:73,0
LF:19
LH:0
BRDA:4,0,0,0
BRDA:5,1,0,0
BRDA:12,2,0,0
BRDA:13,3,0,0
BRDA:14,4,0,0
BRDA:31,5,0,0
BRDA:32,6,0,0
BRDA:41,7,0,0
BRDA:42,8,0,0
BRDA:43,9,0,0
BRDA:53,10,0,0
BRDA:54,11,0,0
BRDA:70,12,0,0
BRDA:71,13,0,0
BRF:14
BRH:0
end_of_record
TN:
SF:app/shared/domain/base_service.ts
FN:9,(anonymous_0)
FN:14,(anonymous_1)
FN:18,(anonymous_2)
FN:22,(anonymous_3)
FN:29,(anonymous_4)
FN:44,(anonymous_5)
FN:59,(anonymous_6)
FNF:7
FNH:4
FNDA:84,(anonymous_0)
FNDA:8,(anonymous_1)
FNDA:4,(anonymous_2)
FNDA:1,(anonymous_3)
FNDA:0,(anonymous_4)
FNDA:0,(anonymous_5)
FNDA:0,(anonymous_6)
DA:10,84
DA:11,84
DA:15,8
DA:19,4
DA:23,1
DA:34,0
DA:40,0
DA:41,0
DA:49,0
DA:55,0
DA:56,0
DA:64,0
DA:70,0
DA:71,0
LF:14
LH:5
BRDA:36,0,0,0
BRDA:36,0,1,0
BRDA:37,1,0,0
BRDA:37,1,1,0
BRDA:51,2,0,0
BRDA:51,2,1,0
BRDA:52,3,0,0
BRDA:52,3,1,0
BRDA:66,4,0,0
BRDA:66,4,1,0
BRDA:67,5,0,0
BRDA:67,5,1,0
BRF:12
BRH:0
end_of_record
TN:
SF:app/shared/domain/base_use_case.ts
FN:8,(anonymous_0)
FN:14,(anonymous_1)
FN:17,(anonymous_2)
FN:20,(anonymous_3)
FN:26,(anonymous_4)
FN:29,(anonymous_5)
FN:32,(anonymous_6)
FN:38,(anonymous_7)
FN:52,(anonymous_8)
FN:59,(anonymous_9)
FN:76,(anonymous_10)
FN:83,(anonymous_11)
FNF:12
FNH:0
FNDA:0,(anonymous_0)
FNDA:0,(anonymous_1)
FNDA:0,(anonymous_2)
FNDA:0,(anonymous_3)
FNDA:0,(anonymous_4)
FNDA:0,(anonymous_5)
FNDA:0,(anonymous_6)
FNDA:0,(anonymous_7)
FNDA:0,(anonymous_8)
FNDA:0,(anonymous_9)
FNDA:0,(anonymous_10)
FNDA:0,(anonymous_11)
DA:5,0
DA:9,0
DA:15,0
DA:18,0
DA:21,0
DA:27,0
DA:30,0
DA:33,0
DA:39,0
DA:40,0
DA:42,0
DA:60,0
DA:61,0
DA:62,0
DA:63,0
DA:64,0
DA:65,0
DA:67,0
DA:68,0
DA:84,0
DA:85,0
DA:86,0
DA:87,0
DA:88,0
DA:89,0
DA:91,0
DA:92,0
LF:27
LH:0
BRDA:39,0,0,0
BRDA:39,0,1,0
BRDA:44,1,0,0
BRDA:44,1,1,0
BRF:4
BRH:0
end_of_record
TN:
SF:app/shared/enums/httpStatusEnum.ts
FN:1,(anonymous_0)
FNF:1
FNH:1
FNDA:22,(anonymous_0)
DA:1,22
DA:2,22
DA:3,22
DA:4,22
DA:5,22
DA:6,22
DA:7,22
DA:8,22
LF:8
LH:8
BRDA:1,0,0,22
BRDA:1,0,1,22
BRF:2
BRH:2
end_of_record
TN:
SF:app/shared/enums/rolesEnum.ts
FN:1,(anonymous_0)
FNF:1
FNH:1
FNDA:5,(anonymous_0)
DA:1,5
DA:2,5
DA:3,5
DA:4,5
DA:5,5
DA:6,5
LF:6
LH:6
BRDA:1,0,0,5
BRDA:1,0,1,5
BRF:2
BRH:2
end_of_record
TN:
SF:app/shared/exceptions/appError.ts
FN:17,(anonymous_0)
FN:35,(anonymous_1)
FNF:2
FNH:1
FNDA:8,(anonymous_0)
FNDA:0,(anonymous_1)
DA:24,8
DA:26,8
DA:28,8
DA:29,8
DA:30,8
DA:31,8
DA:32,8
DA:36,0
LF:8
LH:7
BRDA:19,0,0,8
BRDA:20,1,0,8
BRDA:21,2,0,8
BRDA:29,3,0,8
BRDA:29,3,1,8
BRDA:30,4,0,8
BRDA:30,4,1,0
BRDA:31,5,0,8
BRDA:31,5,1,8
BRF:9
BRH:8
end_of_record
TN:
SF:app/shared/exceptions/domainErrors.ts
FN:5,(anonymous_0)
FN:13,(anonymous_1)
FN:20,(anonymous_2)
FN:28,(anonymous_3)
FN:34,(anonymous_4)
FN:40,(anonymous_5)
FN:45,(anonymous_6)
FN:50,(anonymous_7)
FN:57,(anonymous_8)
FN:64,(anonymous_9)
FN:71,(anonymous_10)
FNF:11
FNH:5
FNDA:0,(anonymous_0)
FNDA:1,(anonymous_1)
FNDA:0,(anonymous_2)
FNDA:4,(anonymous_3)
FNDA:1,(anonymous_4)
FNDA:0,(anonymous_5)
FNDA:0,(anonymous_6)
FNDA:0,(anonymous_7)
FNDA:1,(anonymous_8)
FNDA:1,(anonymous_9)
FNDA:0,(anonymous_10)
DA:6,0
DA:14,1
DA:21,0
DA:29,4
DA:35,1
DA:41,0
DA:46,0
DA:51,0
DA:58,1
DA:65,1
DA:72,0
LF:11
LH:5
BRF:0
BRH:0
end_of_record
TN:
SF:app/shared/types/http/AuthenticatedRequest.ts
FNF:0
FNH:0
LF:0
LH:0
BRF:0
BRH:0
end_of_record
