TN:
SF:app/app.ts
FN:23,(anonymous_0)
FN:28,(anonymous_1)
FN:34,(anonymous_2)
FN:39,(anonymous_3)
FN:44,(anonymous_4)
FNF:5
FNH:0
FNDA:0,(anonymous_0)
FNDA:0,(anonymous_1)
FNDA:0,(anonymous_2)
FNDA:0,(anonymous_3)
FNDA:0,(anonymous_4)
DA:16,0
DA:17,0
DA:19,0
DA:20,0
DA:21,0
DA:22,0
DA:23,0
DA:24,0
DA:25,0
DA:26,0
DA:28,0
DA:29,0
DA:30,0
DA:31,0
DA:33,0
DA:34,0
DA:35,0
DA:39,0
DA:40,0
DA:41,0
DA:44,0
DA:45,0
LF:22
LH:0
BRF:0
BRH:0
end_of_record
TN:
SF:app/core/config/jwt.ts
FN:21,get_jwt_config
FN:26,(anonymous_1)
FNF:2
FNH:0
FNDA:0,get_jwt_config
FNDA:0,(anonymous_1)
DA:5,0
DA:19,0
DA:22,0
DA:24,0
DA:25,0
DA:26,0
DA:27,0
DA:30,0
DA:32,0
DA:38,0
LF:10
LH:0
BRDA:22,0,0,0
BRDA:22,0,1,0
BRDA:25,1,0,0
BRDA:25,1,1,0
BRF:4
BRH:0
end_of_record
TN:
SF:app/core/dependencies/dependencies.ts
FN:9,get_logger
FNF:1
FNH:1
FNDA:29,get_logger
DA:6,1
DA:7,1
DA:10,29
LF:3
LH:3
BRF:0
BRH:0
end_of_record
TN:
SF:app/core/dependencies/exam-application/examAssignment.ts
FN:32,makeExamAssignmentRepository
FN:38,makeExamRegradeRepository
FN:45,makeExamAssignmentService
FN:71,makeCreateExamAssignmentCommand
FN:77,makeSendExamToEvaluatorCommand
FN:83,makeRequestExamRegradeCommand
FN:89,makeCalculateExamGradeCommand
FN:96,makeListStudentExamsQuery
FN:102,makeListEvaluatorExamsQuery
FNF:9
FNH:0
FNDA:0,makeExamAssignmentRepository
FNDA:0,makeExamRegradeRepository
FNDA:0,makeExamAssignmentService
FNDA:0,makeCreateExamAssignmentCommand
FNDA:0,makeSendExamToEvaluatorCommand
FNDA:0,makeRequestExamRegradeCommand
FNDA:0,makeCalculateExamGradeCommand
FNDA:0,makeListStudentExamsQuery
FNDA:0,makeListEvaluatorExamsQuery
DA:21,0
DA:22,0
DA:23,0
DA:24,0
DA:25,0
DA:26,0
DA:27,0
DA:28,0
DA:29,0
DA:33,0
DA:34,0
DA:35,0
DA:39,0
DA:40,0
DA:41,0
DA:46,0
DA:48,0
DA:49,0
DA:50,0
DA:51,0
DA:52,0
DA:53,0
DA:54,0
DA:55,0
DA:57,0
DA:67,0
DA:72,0
DA:73,0
DA:74,0
DA:78,0
DA:79,0
DA:80,0
DA:84,0
DA:85,0
DA:86,0
DA:90,0
DA:91,0
DA:92,0
DA:97,0
DA:98,0
DA:99,0
DA:103,0
DA:104,0
DA:105,0
LF:44
LH:0
BRDA:33,0,0,0
BRDA:33,0,1,0
BRDA:39,1,0,0
BRDA:39,1,1,0
BRDA:46,2,0,0
BRDA:46,2,1,0
BRDA:72,3,0,0
BRDA:72,3,1,0
BRDA:78,4,0,0
BRDA:78,4,1,0
BRDA:84,5,0,0
BRDA:84,5,1,0
BRDA:90,6,0,0
BRDA:90,6,1,0
BRDA:97,7,0,0
BRDA:97,7,1,0
BRDA:103,8,0,0
BRDA:103,8,1,0
BRF:18
BRH:0
end_of_record
TN:
SF:app/core/dependencies/exam-application/examDependencies.ts
FN:34,makeExamRepository
FN:40,makeExamQuestionRepository
FN:46,makeQuestionRepository
FN:52,makeExamService
FN:62,makeListExamsQuery
FN:68,makeGetExamByIdQuery
FN:74,makeCreateManualExamCommand
FN:80,makeCreateAutomaticExamCommand
FN:86,makeUpdateExamCommand
FN:92,makeDeleteExamCommand
FN:98,makeRequestExamReviewCommand
FN:104,makeAcceptExamCommand
FN:110,makeRejectExamCommand
FNF:13
FNH:0
FNDA:0,makeExamRepository
FNDA:0,makeExamQuestionRepository
FNDA:0,makeQuestionRepository
FNDA:0,makeExamService
FNDA:0,makeListExamsQuery
FNDA:0,makeGetExamByIdQuery
FNDA:0,makeCreateManualExamCommand
FNDA:0,makeCreateAutomaticExamCommand
FNDA:0,makeUpdateExamCommand
FNDA:0,makeDeleteExamCommand
FNDA:0,makeRequestExamReviewCommand
FNDA:0,makeAcceptExamCommand
FNDA:0,makeRejectExamCommand
DA:18,0
DA:19,0
DA:20,0
DA:21,0
DA:23,0
DA:24,0
DA:26,0
DA:27,0
DA:28,0
DA:29,0
DA:30,0
DA:31,0
DA:32,0
DA:35,0
DA:36,0
DA:37,0
DA:41,0
DA:42,0
DA:43,0
DA:47,0
DA:48,0
DA:49,0
DA:53,0
DA:54,0
DA:59,0
DA:63,0
DA:64,0
DA:65,0
DA:69,0
DA:70,0
DA:71,0
DA:75,0
DA:76,0
DA:77,0
DA:81,0
DA:82,0
DA:83,0
DA:87,0
DA:88,0
DA:89,0
DA:93,0
DA:94,0
DA:95,0
DA:99,0
DA:100,0
DA:101,0
DA:105,0
DA:106,0
DA:107,0
DA:111,0
DA:112,0
DA:113,0
LF:52
LH:0
BRDA:35,0,0,0
BRDA:35,0,1,0
BRDA:41,1,0,0
BRDA:41,1,1,0
BRDA:47,2,0,0
BRDA:47,2,1,0
BRDA:53,3,0,0
BRDA:53,3,1,0
BRDA:63,4,0,0
BRDA:63,4,1,0
BRDA:69,5,0,0
BRDA:69,5,1,0
BRDA:75,6,0,0
BRDA:75,6,1,0
BRDA:81,7,0,0
BRDA:81,7,1,0
BRDA:87,8,0,0
BRDA:87,8,1,0
BRDA:93,9,0,0
BRDA:93,9,1,0
BRDA:99,10,0,0
BRDA:99,10,1,0
BRDA:105,11,0,0
BRDA:105,11,1,0
BRDA:111,12,0,0
BRDA:111,12,1,0
BRF:26
BRH:0
end_of_record
TN:
SF:app/core/dependencies/exam-application/examResponses.ts
FN:19,makeExamResponseRepository
FN:26,makeExamResponseService
FN:46,makeCreateExamResponseCommand
FN:52,makeUpdateExamResponseCommand
FN:58,makeGetExamResponseByIndexQuery
FNF:5
FNH:0
FNDA:0,makeExamResponseRepository
FNDA:0,makeExamResponseService
FNDA:0,makeCreateExamResponseCommand
FNDA:0,makeUpdateExamResponseCommand
FNDA:0,makeGetExamResponseByIndexQuery
DA:12,0
DA:13,0
DA:14,0
DA:15,0
DA:16,0
DA:20,0
DA:21,0
DA:22,0
DA:27,0
DA:29,0
DA:30,0
DA:31,0
DA:32,0
DA:33,0
DA:35,0
DA:42,0
DA:47,0
DA:48,0
DA:49,0
DA:53,0
DA:54,0
DA:55,0
DA:59,0
DA:60,0
DA:61,0
LF:25
LH:0
BRDA:20,0,0,0
BRDA:20,0,1,0
BRDA:27,1,0,0
BRDA:27,1,1,0
BRDA:47,2,0,0
BRDA:47,2,1,0
BRDA:53,3,0,0
BRDA:53,3,1,0
BRDA:59,4,0,0
BRDA:59,4,1,0
BRF:10
BRH:0
end_of_record
TN:
SF:app/core/dependencies/question-bank/questionDependencies.ts
FN:13,makeQuestionRepository
FN:17,getSubtopicRepo
FN:21,getSubjectRepo
FN:25,getService
FN:33,(anonymous_4)
FN:34,(anonymous_5)
FN:35,(anonymous_6)
FN:36,(anonymous_7)
FN:37,(anonymous_8)
FNF:9
FNH:0
FNDA:0,makeQuestionRepository
FNDA:0,getSubtopicRepo
FNDA:0,getSubjectRepo
FNDA:0,getService
FNDA:0,(anonymous_4)
FNDA:0,(anonymous_5)
FNDA:0,(anonymous_6)
FNDA:0,(anonymous_7)
FNDA:0,(anonymous_8)
DA:14,0
DA:18,0
DA:22,0
DA:26,0
DA:33,0
DA:34,0
DA:35,0
DA:36,0
DA:37,0
LF:9
LH:0
BRF:0
BRH:0
end_of_record
TN:
SF:app/core/dependencies/question-bank/questionTypeDependencies.ts
FN:21,makeQuestionTypeRepository
FN:28,makeQuestionTypeService
FN:37,makeListQuestionTypesQuery
FN:43,makeGetQuestionTypeByIdQuery
FN:50,makeCreateQuestionTypeCommand
FN:56,makeUpdateQuestionTypeCommand
FN:62,makeDeleteQuestionTypeCommand
FNF:7
FNH:0
FNDA:0,makeQuestionTypeRepository
FNDA:0,makeQuestionTypeService
FNDA:0,makeListQuestionTypesQuery
FNDA:0,makeGetQuestionTypeByIdQuery
FNDA:0,makeCreateQuestionTypeCommand
FNDA:0,makeUpdateQuestionTypeCommand
FNDA:0,makeDeleteQuestionTypeCommand
DA:12,0
DA:13,0
DA:14,0
DA:15,0
DA:16,0
DA:17,0
DA:18,0
DA:22,0
DA:23,0
DA:24,0
DA:29,0
DA:30,0
DA:33,0
DA:38,0
DA:39,0
DA:40,0
DA:44,0
DA:45,0
DA:46,0
DA:51,0
DA:52,0
DA:53,0
DA:57,0
DA:58,0
DA:59,0
DA:63,0
DA:64,0
DA:65,0
LF:28
LH:0
BRDA:22,0,0,0
BRDA:22,0,1,0
BRDA:29,1,0,0
BRDA:29,1,1,0
BRDA:38,2,0,0
BRDA:38,2,1,0
BRDA:44,3,0,0
BRDA:44,3,1,0
BRDA:51,4,0,0
BRDA:51,4,1,0
BRDA:57,5,0,0
BRDA:57,5,1,0
BRDA:63,6,0,0
BRDA:63,6,1,0
BRF:14
BRH:0
end_of_record
TN:
SF:app/core/dependencies/question-bank/subjectDependencies.ts
FN:10,getRepo
FN:13,getService
FN:17,(anonymous_2)
FN:18,(anonymous_3)
FN:19,(anonymous_4)
FN:20,(anonymous_5)
FN:21,(anonymous_6)
FNF:7
FNH:0
FNDA:0,getRepo
FNDA:0,getService
FNDA:0,(anonymous_2)
FNDA:0,(anonymous_3)
FNDA:0,(anonymous_4)
FNDA:0,(anonymous_5)
FNDA:0,(anonymous_6)
DA:11,0
DA:14,0
DA:17,0
DA:18,0
DA:19,0
DA:20,0
DA:21,0
LF:7
LH:0
BRF:0
BRH:0
end_of_record
TN:
SF:app/core/dependencies/question-bank/subtopicDependencies.ts
FN:9,getRepo
FN:12,getService
FN:16,(anonymous_2)
FN:17,(anonymous_3)
FN:18,(anonymous_4)
FN:19,(anonymous_5)
FNF:6
FNH:0
FNDA:0,getRepo
FNDA:0,getService
FNDA:0,(anonymous_2)
FNDA:0,(anonymous_3)
FNDA:0,(anonymous_4)
FNDA:0,(anonymous_5)
DA:10,0
DA:13,0
DA:16,0
DA:17,0
DA:18,0
DA:19,0
LF:6
LH:0
BRF:0
BRH:0
end_of_record
TN:
SF:app/core/dependencies/question-bank/topicDependencies.ts
FN:13,getTopicRepo
FN:16,getSubjectRepo
FN:19,getService
FN:23,(anonymous_3)
FN:24,(anonymous_4)
FN:25,(anonymous_5)
FN:26,(anonymous_6)
FN:27,(anonymous_7)
FN:28,(anonymous_8)
FN:29,(anonymous_9)
FNF:10
FNH:0
FNDA:0,getTopicRepo
FNDA:0,getSubjectRepo
FNDA:0,getService
FNDA:0,(anonymous_3)
FNDA:0,(anonymous_4)
FNDA:0,(anonymous_5)
FNDA:0,(anonymous_6)
FNDA:0,(anonymous_7)
FNDA:0,(anonymous_8)
FNDA:0,(anonymous_9)
DA:14,0
DA:17,0
DA:20,0
DA:23,0
DA:24,0
DA:25,0
DA:26,0
DA:27,0
DA:28,0
DA:29,0
LF:10
LH:0
BRF:0
BRH:0
end_of_record
TN:
SF:app/core/dependencies/user/studentDependencies.ts
FN:28,makeStudentService
FN:37,makeStudentUoW
FN:40,(anonymous_2)
FN:52,makeCreateStudentCommand
FN:58,makeUpdateStudentCommand
FN:64,makeDeleteStudentCommand
FN:70,makeListStudentsQuery
FN:76,makeGetStudentByIdQuery
FNF:8
FNH:0
FNDA:0,makeStudentService
FNDA:0,makeStudentUoW
FNDA:0,(anonymous_2)
FNDA:0,makeCreateStudentCommand
FNDA:0,makeUpdateStudentCommand
FNDA:0,makeDeleteStudentCommand
FNDA:0,makeListStudentsQuery
FNDA:0,makeGetStudentByIdQuery
DA:20,0
DA:21,0
DA:22,0
DA:23,0
DA:24,0
DA:25,0
DA:26,0
DA:29,0
DA:30,0
DA:34,0
DA:38,0
DA:40,0
DA:41,0
DA:42,0
DA:46,0
DA:49,0
DA:53,0
DA:54,0
DA:55,0
DA:59,0
DA:60,0
DA:61,0
DA:65,0
DA:66,0
DA:67,0
DA:71,0
DA:72,0
DA:73,0
DA:77,0
DA:78,0
DA:79,0
LF:31
LH:0
BRDA:29,0,0,0
BRDA:29,0,1,0
BRDA:38,1,0,0
BRDA:38,1,1,0
BRDA:53,2,0,0
BRDA:53,2,1,0
BRDA:59,3,0,0
BRDA:59,3,1,0
BRDA:65,4,0,0
BRDA:65,4,1,0
BRDA:71,5,0,0
BRDA:71,5,1,0
BRDA:77,6,0,0
BRDA:77,6,1,0
BRF:14
BRH:0
end_of_record
TN:
SF:app/core/dependencies/user/teacherDependencies.ts
FN:29,makeTeacherService
FN:39,makeTeacherUoW
FN:42,(anonymous_2)
FN:56,makeCreateTeacherCommand
FN:62,makeUpdateTeacherCommand
FN:68,makeDeleteTeacherCommand
FN:74,makeListTeachersQuery
FN:80,makeGetTeacherByIdQuery
FNF:8
FNH:0
FNDA:0,makeTeacherService
FNDA:0,makeTeacherUoW
FNDA:0,(anonymous_2)
FNDA:0,makeCreateTeacherCommand
FNDA:0,makeUpdateTeacherCommand
FNDA:0,makeDeleteTeacherCommand
FNDA:0,makeListTeachersQuery
FNDA:0,makeGetTeacherByIdQuery
DA:21,0
DA:22,0
DA:23,0
DA:24,0
DA:25,0
DA:26,0
DA:27,0
DA:30,0
DA:31,0
DA:36,0
DA:40,0
DA:42,0
DA:43,0
DA:44,0
DA:45,0
DA:50,0
DA:53,0
DA:57,0
DA:58,0
DA:59,0
DA:63,0
DA:64,0
DA:65,0
DA:69,0
DA:70,0
DA:71,0
DA:75,0
DA:76,0
DA:77,0
DA:81,0
DA:82,0
DA:83,0
LF:32
LH:0
BRDA:30,0,0,0
BRDA:30,0,1,0
BRDA:40,1,0,0
BRDA:40,1,1,0
BRDA:57,2,0,0
BRDA:57,2,1,0
BRDA:63,3,0,0
BRDA:63,3,1,0
BRDA:69,4,0,0
BRDA:69,4,1,0
BRDA:75,5,0,0
BRDA:75,5,1,0
BRDA:81,6,0,0
BRDA:81,6,1,0
BRF:14
BRH:0
end_of_record
TN:
SF:app/core/dependencies/user/userDependencies.ts
FN:21,makeUserRepository
FN:28,makeUserService
FN:37,makeListUsersQuery
FN:43,makeGetUserByIdQuery
FN:50,makeCreateUserCommand
FN:56,makeUpdateUserCommand
FN:62,makeDeleteUserCommand
FN:68,makeLoginCommand
FNF:8
FNH:0
FNDA:0,makeUserRepository
FNDA:0,makeUserService
FNDA:0,makeListUsersQuery
FNDA:0,makeGetUserByIdQuery
FNDA:0,makeCreateUserCommand
FNDA:0,makeUpdateUserCommand
FNDA:0,makeDeleteUserCommand
FNDA:0,makeLoginCommand
DA:11,0
DA:12,0
DA:13,0
DA:14,0
DA:15,0
DA:16,0
DA:17,0
DA:18,0
DA:22,0
DA:23,0
DA:24,0
DA:29,0
DA:30,0
DA:33,0
DA:38,0
DA:39,0
DA:40,0
DA:44,0
DA:45,0
DA:46,0
DA:51,0
DA:52,0
DA:53,0
DA:57,0
DA:58,0
DA:59,0
DA:63,0
DA:64,0
DA:65,0
DA:69,0
DA:70,0
DA:71,0
LF:32
LH:0
BRDA:22,0,0,0
BRDA:22,0,1,0
BRDA:29,1,0,0
BRDA:29,1,1,0
BRDA:38,2,0,0
BRDA:38,2,1,0
BRDA:44,3,0,0
BRDA:44,3,1,0
BRDA:51,4,0,0
BRDA:51,4,1,0
BRDA:57,5,0,0
BRDA:57,5,1,0
BRDA:63,6,0,0
BRDA:63,6,1,0
BRDA:69,7,0,0
BRDA:69,7,1,0
BRF:16
BRH:0
end_of_record
TN:
SF:app/core/logging/logger.ts
FN:14,(anonymous_0)
FN:21,(anonymous_1)
FN:35,(anonymous_2)
FN:58,(anonymous_3)
FN:72,(anonymous_4)
FN:77,(anonymous_5)
FNF:6
FNH:5
FNDA:1,(anonymous_0)
FNDA:1,(anonymous_1)
FNDA:1,(anonymous_2)
FNDA:1,(anonymous_3)
FNDA:1,(anonymous_4)
FNDA:0,(anonymous_5)
DA:6,1
DA:15,1
DA:16,1
DA:17,1
DA:18,1
DA:22,1
DA:36,1
DA:59,1
DA:73,1
DA:78,0
DA:84,0
LF:11
LH:9
BRF:0
BRH:0
end_of_record
TN:
SF:app/core/logging/enums/sensitiveKeys.ts
FN:1,(anonymous_0)
FNF:1
FNH:0
FNDA:0,(anonymous_0)
DA:1,0
DA:2,0
DA:3,0
DA:4,0
DA:5,0
LF:5
LH:0
BRDA:1,0,0,0
BRDA:1,0,1,0
BRF:2
BRH:0
end_of_record
TN:
SF:app/core/logging/helpers/formatHttpLoggerResponse.ts
FN:6,(anonymous_0)
FNF:1
FNH:0
FNDA:0,(anonymous_0)
DA:6,0
DA:12,0
DA:13,0
DA:15,0
LF:4
LH:0
BRF:0
BRH:0
end_of_record
TN:
SF:app/core/logging/helpers/sensitiveInfoExcluder.ts
FN:3,sanitize
FN:7,(anonymous_1)
FN:25,excludeSensitiveInfoInData
FNF:3
FNH:0
FNDA:0,sanitize
FNDA:0,(anonymous_1)
FNDA:0,excludeSensitiveInfoInData
DA:1,0
DA:4,0
DA:6,0
DA:7,0
DA:10,0
DA:11,0
DA:12,0
DA:13,0
DA:14,0
DA:16,0
DA:19,0
DA:22,0
DA:26,0
LF:13
LH:0
BRDA:4,0,0,0
BRDA:4,0,1,0
BRDA:4,1,0,0
BRDA:4,1,1,0
BRDA:6,2,0,0
BRDA:6,2,1,0
BRDA:10,3,0,0
BRDA:10,3,1,0
BRDA:13,4,0,0
BRDA:13,4,1,0
BRF:10
BRH:0
end_of_record
TN:
SF:app/core/logging/helpers/timeStampFormat.ts
FNF:0
FNH:0
DA:1,1
LF:1
LH:1
BRF:0
BRH:0
end_of_record
TN:
SF:app/core/middlewares/authenticate.ts
FN:17,authenticate
FNF:1
FNH:0
FNDA:0,authenticate
DA:11,0
DA:18,0
DA:19,0
DA:20,0
DA:21,0
DA:27,0
DA:32,0
DA:33,0
DA:39,0
DA:44,0
DA:46,0
DA:48,0
DA:49,0
DA:51,0
LF:14
LH:0
BRDA:20,0,0,0
BRDA:20,0,1,0
BRDA:32,1,0,0
BRDA:32,1,1,0
BRDA:32,2,0,0
BRDA:32,2,1,0
BRDA:32,2,2,0
BRDA:41,3,0,0
BRDA:41,3,1,0
BRDA:48,4,0,0
BRDA:48,4,1,0
BRDA:48,5,0,0
BRDA:48,5,1,0
BRF:13
BRH:0
end_of_record
TN:
SF:app/core/middlewares/authorize.ts
FN:8,getAppError
FN:17,requireRoles
FN:18,(anonymous_2)
FN:26,(anonymous_3)
FN:34,requireAllRoles
FN:35,(anonymous_5)
FN:41,(anonymous_6)
FNF:7
FNH:0
FNDA:0,getAppError
FNDA:0,requireRoles
FNDA:0,(anonymous_2)
FNDA:0,(anonymous_3)
FNDA:0,requireAllRoles
FNDA:0,(anonymous_5)
FNDA:0,(anonymous_6)
DA:9,0
DA:18,0
DA:19,0
DA:20,0
DA:21,0
DA:24,0
DA:26,0
DA:27,0
DA:29,0
DA:35,0
DA:36,0
DA:37,0
DA:39,0
DA:41,0
DA:42,0
DA:44,0
LF:16
LH:0
BRDA:20,0,0,0
BRDA:20,0,1,0
BRDA:24,1,0,0
BRDA:24,1,1,0
BRDA:27,2,0,0
BRDA:27,2,1,0
BRDA:37,3,0,0
BRDA:37,3,1,0
BRDA:39,4,0,0
BRDA:39,4,1,0
BRDA:42,5,0,0
BRDA:42,5,1,0
BRF:12
BRH:0
end_of_record
TN:
SF:app/core/middlewares/errorHandler.ts
FN:9,errorHandler
FNF:1
FNH:0
FNDA:0,errorHandler
DA:10,0
DA:11,0
DA:12,0
DA:21,0
DA:28,0
DA:31,0
DA:37,0
DA:44,0
DA:45,0
LF:9
LH:0
BRDA:11,0,0,0
BRDA:11,0,1,0
BRDA:32,1,0,0
BRDA:32,1,1,0
BRDA:33,2,0,0
BRDA:33,2,1,0
BRDA:39,3,0,0
BRDA:39,3,1,0
BRF:8
BRH:0
end_of_record
TN:
SF:app/core/middlewares/requestValidator.ts
FN:9,(anonymous_0)
FN:12,(anonymous_1)
FN:20,(anonymous_2)
FN:39,withValidatedBody
FN:47,(anonymous_4)
FN:49,(anonymous_5)
FNF:6
FNH:0
FNDA:0,(anonymous_0)
FNDA:0,(anonymous_1)
FNDA:0,(anonymous_2)
FNDA:0,withValidatedBody
FNDA:0,(anonymous_4)
FNDA:0,(anonymous_5)
DA:9,0
DA:12,0
DA:13,0
DA:15,0
DA:16,0
DA:20,0
DA:28,0
DA:29,0
DA:47,0
DA:49,0
DA:50,0
DA:51,0
DA:52,0
DA:54,0
LF:14
LH:0
BRDA:15,0,0,0
BRDA:15,0,1,0
BRDA:50,1,0,0
BRDA:50,1,1,0
BRF:4
BRH:0
end_of_record
TN:
SF:app/core/middlewares/responseInterceptor.ts
FN:9,(anonymous_0)
FN:17,(anonymous_1)
FNF:2
FNH:0
FNDA:0,(anonymous_0)
FNDA:0,(anonymous_1)
DA:9,0
DA:10,0
DA:12,0
DA:13,0
DA:15,0
DA:17,0
DA:18,0
DA:19,0
DA:20,0
DA:25,0
DA:30,0
DA:32,0
DA:35,0
LF:13
LH:0
BRDA:18,0,0,0
BRDA:18,0,1,0
BRDA:19,1,0,0
BRDA:19,1,1,0
BRF:4
BRH:0
end_of_record
TN:
SF:app/core/middlewares/responseValidator.ts
FN:6,validate_response
FN:7,(anonymous_1)
FN:11,(anonymous_2)
FNF:3
FNH:0
FNDA:0,validate_response
FNDA:0,(anonymous_1)
FNDA:0,(anonymous_2)
DA:7,0
DA:8,0
DA:9,0
DA:11,0
DA:12,0
DA:13,0
DA:16,0
DA:17,0
DA:18,0
DA:19,0
DA:21,0
DA:22,0
DA:26,0
DA:27,0
DA:29,0
DA:30,0
DA:31,0
DA:36,0
DA:37,0
DA:39,0
DA:42,0
LF:21
LH:0
BRDA:12,0,0,0
BRDA:12,0,1,0
BRDA:17,1,0,0
BRDA:17,1,1,0
BRDA:26,2,0,0
BRDA:26,2,1,0
BRDA:26,3,0,0
BRDA:26,3,1,0
BRDA:29,4,0,0
BRDA:29,4,1,0
BRDA:33,5,0,0
BRDA:33,5,1,0
BRF:12
BRH:0
end_of_record
TN:
SF:app/core/middlewares/helpers/getAccessToken.ts
FN:3,getAccessToken
FNF:1
FNH:0
FNDA:0,getAccessToken
DA:4,0
DA:5,0
DA:6,0
DA:9,0
LF:4
LH:0
BRDA:5,0,0,0
BRDA:5,0,1,0
BRDA:5,1,0,0
BRDA:5,1,1,0
BRF:4
BRH:0
end_of_record
TN:
SF:app/core/security/hasher.ts
FN:10,getHasher
FN:18,(anonymous_1)
FN:26,(anonymous_2)
FNF:3
FNH:0
FNDA:0,getHasher
FNDA:0,(anonymous_1)
FNDA:0,(anonymous_2)
DA:8,0
DA:11,0
DA:13,0
DA:14,0
DA:15,0
DA:17,0
DA:19,0
DA:27,0
DA:28,0
DA:30,0
DA:35,0
LF:11
LH:0
BRDA:11,0,0,0
BRDA:11,0,1,0
BRDA:13,1,0,0
BRDA:13,1,1,0
BRDA:14,2,0,0
BRDA:14,2,1,0
BRDA:15,3,0,0
BRDA:15,3,1,0
BRF:8
BRH:0
end_of_record
TN:
SF:app/database/database.ts
FN:22,waitForDb
FN:36,(anonymous_1)
FN:42,(anonymous_2)
FN:56,(anonymous_3)
FN:69,(anonymous_4)
FNF:5
FNH:0
FNDA:0,waitForDb
FNDA:0,(anonymous_1)
FNDA:0,(anonymous_2)
FNDA:0,(anonymous_3)
FNDA:0,(anonymous_4)
DA:8,0
DA:9,0
DA:11,0
DA:18,0
DA:19,0
DA:23,0
DA:24,0
DA:25,0
DA:31,0
DA:32,0
DA:34,0
DA:35,0
DA:36,0
DA:39,0
DA:42,0
DA:43,0
DA:44,0
DA:45,0
DA:46,0
DA:49,0
DA:56,0
DA:57,0
DA:58,0
DA:59,0
DA:60,0
DA:61,0
DA:62,0
DA:64,0
DA:65,0
DA:69,0
DA:70,0
DA:71,0
DA:72,0
DA:74,0
LF:34
LH:0
BRDA:22,0,0,0
BRDA:22,1,0,0
BRDA:34,2,0,0
BRDA:34,2,1,0
BRF:4
BRH:0
end_of_record
TN:
SF:app/database/init.ts
FN:16,(anonymous_0)
FNF:1
FNH:0
FNDA:0,(anonymous_0)
DA:16,0
DA:18,0
DA:19,0
DA:20,0
DA:21,0
DA:22,0
DA:23,0
DA:24,0
DA:25,0
DA:26,0
DA:28,0
DA:29,0
DA:30,0
DA:32,0
DA:33,0
DA:35,0
DA:36,0
DA:37,0
LF:18
LH:0
BRF:0
BRH:0
end_of_record
TN:
SF:app/database/models.ts
FN:47,getModels
FN:73,getUserModels
FNF:2
FNH:0
FNDA:0,getModels
FNDA:0,getUserModels
DA:44,0
DA:45,0
DA:48,0
DA:49,0
DA:71,0
DA:74,0
DA:75,0
DA:76,0
DA:77,0
LF:9
LH:0
BRDA:48,0,0,0
BRDA:48,0,1,0
BRDA:74,1,0,0
BRDA:74,1,1,0
BRF:4
BRH:0
end_of_record
TN:
SF:app/database/seed.ts
FN:584,seed
FN:675,(anonymous_1)
FN:785,(anonymous_2)
FNF:3
FNH:0
FNDA:0,seed
FNDA:0,(anonymous_1)
FNDA:0,(anonymous_2)
DA:42,0
DA:66,0
DA:73,0
DA:585,0
DA:586,0
DA:588,0
DA:589,0
DA:590,0
DA:591,0
DA:592,0
DA:594,0
DA:605,0
DA:606,0
DA:607,0
DA:618,0
DA:619,0
DA:620,0
DA:623,0
DA:634,0
DA:637,0
DA:638,0
DA:649,0
DA:650,0
DA:651,0
DA:654,0
DA:665,0
DA:666,0
DA:673,0
DA:674,0
DA:676,0
DA:677,0
DA:682,0
DA:684,0
DA:685,0
DA:686,0
DA:687,0
DA:690,0
DA:700,0
DA:704,0
DA:708,0
DA:711,0
DA:717,0
DA:719,0
DA:720,0
DA:726,0
DA:732,0
DA:733,0
DA:739,0
DA:740,0
DA:741,0
DA:742,0
DA:745,0
DA:755,0
DA:764,0
DA:765,0
DA:767,0
DA:773,0
DA:780,0
DA:781,0
DA:782,0
DA:783,0
DA:784,0
DA:785,0
DA:786,0
DA:791,0
DA:792,0
DA:793,0
DA:795,0
DA:799,0
LF:69
LH:0
BRDA:618,0,0,0
BRDA:618,0,1,0
BRDA:649,1,0,0
BRDA:649,1,1,0
BRDA:686,2,0,0
BRDA:686,2,1,0
BRDA:700,3,0,0
BRDA:700,3,1,0
BRDA:701,4,0,0
BRDA:701,4,1,0
BRDA:741,5,0,0
BRDA:741,5,1,0
BRDA:751,6,0,0
BRDA:751,6,1,0
BRDA:752,7,0,0
BRDA:752,7,1,0
BRDA:764,8,0,0
BRDA:764,8,1,0
BRF:18
BRH:0
end_of_record
TN:
SF:app/docs/swagger.ts
FNF:0
FNH:0
DA:3,0
DA:5,0
DA:19,0
DA:30,0
DA:40,0
DA:85,0
DA:98,0
DA:109,0
DA:120,0
DA:148,0
DA:177,0
DA:191,0
DA:226,0
DA:238,0
DA:283,0
DA:318,0
DA:386,0
DA:399,0
DA:449,0
DA:473,0
DA:485,0
DA:507,0
DA:515,0
DA:1114,0
DA:1119,0
LF:25
LH:0
BRF:0
BRH:0
end_of_record
TN:
SF:app/domains/exam-application/main.ts
FNF:0
FNH:0
LF:0
LH:0
BRF:0
BRH:0
end_of_record
TN:
SF:app/domains/exam-application/api/controllers/examAssignmentsControllers.ts
FN:20,createExamAssignment
FN:43,listStudentExams
FN:65,sendExamToEvaluator
FN:89,listEvaluatorExams
FNF:4
FNH:0
FNDA:0,createExamAssignment
FNDA:0,listStudentExams
FNDA:0,sendExamToEvaluator
FNDA:0,listEvaluatorExams
DA:25,0
DA:26,0
DA:27,0
DA:28,0
DA:29,0
DA:31,0
DA:36,0
DA:37,0
DA:39,0
DA:48,0
DA:49,0
DA:50,0
DA:51,0
DA:53,0
DA:59,0
DA:61,0
DA:70,0
DA:71,0
DA:72,0
DA:73,0
DA:76,0
DA:77,0
DA:82,0
DA:83,0
DA:85,0
DA:94,0
DA:95,0
DA:96,0
DA:97,0
DA:100,0
DA:107,0
DA:109,0
LF:32
LH:0
BRDA:28,0,0,0
BRDA:28,0,1,0
BRDA:50,1,0,0
BRDA:50,1,1,0
BRDA:72,2,0,0
BRDA:72,2,1,0
BRDA:96,3,0,0
BRDA:96,3,1,0
BRF:8
BRH:0
end_of_record
TN:
SF:app/domains/exam-application/api/controllers/examRegradeController.ts
FN:8,requestExamRegrade
FNF:1
FNH:0
FNDA:0,requestExamRegrade
DA:13,0
DA:14,0
DA:15,0
DA:16,0
DA:19,0
DA:24,0
DA:26,0
DA:28,0
LF:8
LH:0
BRDA:15,0,0,0
BRDA:15,0,1,0
BRF:2
BRH:0
end_of_record
TN:
SF:app/domains/exam-application/api/controllers/examResponseControllers.ts
FN:20,createExamResponse
FN:44,updateExamResponse
FN:70,getExamResponseByIndex
FN:95,calculateExamGrade
FNF:4
FNH:0
FNDA:0,createExamResponse
FNDA:0,updateExamResponse
FNDA:0,getExamResponseByIndex
FNDA:0,calculateExamGrade
DA:25,0
DA:26,0
DA:27,0
DA:28,0
DA:31,0
DA:36,0
DA:38,0
DA:40,0
DA:49,0
DA:50,0
DA:51,0
DA:52,0
DA:55,0
DA:56,0
DA:62,0
DA:64,0
DA:66,0
DA:75,0
DA:76,0
DA:77,0
DA:78,0
DA:81,0
DA:82,0
DA:87,0
DA:89,0
DA:91,0
DA:100,0
DA:101,0
DA:102,0
DA:103,0
DA:106,0
DA:107,0
DA:112,0
DA:113,0
DA:115,0
LF:35
LH:0
BRDA:27,0,0,0
BRDA:27,0,1,0
BRDA:51,1,0,0
BRDA:51,1,1,0
BRDA:77,2,0,0
BRDA:77,2,1,0
BRDA:102,3,0,0
BRDA:102,3,1,0
BRF:8
BRH:0
end_of_record
TN:
SF:app/domains/exam-application/api/routes/examAssignmentRoutes.ts
FNF:0
FNH:0
DA:13,0
DA:110,0
DA:192,0
DA:229,0
DA:276,0
LF:5
LH:0
BRF:0
BRH:0
end_of_record
TN:
SF:app/domains/exam-application/api/routes/examRegradeRoutes.ts
FNF:0
FNH:0
DA:8,0
DA:76,0
LF:2
LH:0
BRF:0
BRH:0
end_of_record
TN:
SF:app/domains/exam-application/api/routes/examResponseRoutes.ts
FNF:0
FNH:0
DA:13,0
DA:58,0
DA:95,0
DA:144,0
DA:187,0
LF:5
LH:0
BRF:0
BRH:0
end_of_record
TN:
SF:app/domains/exam-application/api/swaggerSchemas/examAssignmentSchemas.ts
FNF:0
FNH:0
LF:0
LH:0
BRF:0
BRH:0
end_of_record
TN:
SF:app/domains/exam-application/application/commands/calculateExamGradeCommand.ts
FN:13,(anonymous_0)
FN:17,(anonymous_1)
FNF:2
FNH:0
FNDA:0,(anonymous_0)
FNDA:0,(anonymous_1)
DA:13,0
DA:14,0
DA:20,0
DA:21,0
LF:4
LH:0
BRF:0
BRH:0
end_of_record
TN:
SF:app/domains/exam-application/application/commands/createExamAssignmentCommand.ts
FN:13,(anonymous_0)
FN:17,(anonymous_1)
FNF:2
FNH:0
FNDA:0,(anonymous_0)
FNDA:0,(anonymous_1)
DA:13,0
DA:14,0
DA:20,0
DA:27,0
LF:4
LH:0
BRF:0
BRH:0
end_of_record
TN:
SF:app/domains/exam-application/application/commands/createExamResponseCommand.ts
FN:13,(anonymous_0)
FN:17,(anonymous_1)
FNF:2
FNH:0
FNDA:0,(anonymous_0)
FNDA:0,(anonymous_1)
DA:13,0
DA:14,0
DA:20,0
DA:21,0
LF:4
LH:0
BRF:0
BRH:0
end_of_record
TN:
SF:app/domains/exam-application/application/commands/requestExamRegradeCommand.ts
FN:13,(anonymous_0)
FN:17,(anonymous_1)
FNF:2
FNH:0
FNDA:0,(anonymous_0)
FNDA:0,(anonymous_1)
DA:13,0
DA:14,0
DA:20,0
DA:21,0
LF:4
LH:0
BRF:0
BRH:0
end_of_record
TN:
SF:app/domains/exam-application/application/commands/sendExamToEvaluatorCommand.ts
FN:13,(anonymous_0)
FN:17,(anonymous_1)
FNF:2
FNH:0
FNDA:0,(anonymous_0)
FNDA:0,(anonymous_1)
DA:13,0
DA:14,0
DA:20,0
DA:21,0
LF:4
LH:0
BRF:0
BRH:0
end_of_record
TN:
SF:app/domains/exam-application/application/commands/updateExamResponseCommand.ts
FN:13,(anonymous_0)
FN:17,(anonymous_1)
FNF:2
FNH:0
FNDA:0,(anonymous_0)
FNDA:0,(anonymous_1)
DA:13,0
DA:14,0
DA:20,0
DA:21,0
LF:4
LH:0
BRF:0
BRH:0
end_of_record
TN:
SF:app/domains/exam-application/application/queries/getExamResponseByIndexQuery.ts
FN:13,(anonymous_0)
FN:17,(anonymous_1)
FNF:2
FNH:0
FNDA:0,(anonymous_0)
FNDA:0,(anonymous_1)
DA:13,0
DA:14,0
DA:20,0
DA:21,0
LF:4
LH:0
BRF:0
BRH:0
end_of_record
TN:
SF:app/domains/exam-application/application/queries/listEvaluatorExamsQuery.ts
FN:13,(anonymous_0)
FN:17,(anonymous_1)
FNF:2
FNH:0
FNDA:0,(anonymous_0)
FNDA:0,(anonymous_1)
DA:13,0
DA:14,0
DA:20,0
DA:21,0
DA:22,0
DA:24,0
DA:30,0
LF:7
LH:0
BRDA:20,0,0,0
BRDA:20,0,1,0
BRDA:21,1,0,0
BRDA:21,1,1,0
BRF:4
BRH:0
end_of_record
TN:
SF:app/domains/exam-application/application/queries/listStudentExamsQuery.ts
FN:13,(anonymous_0)
FN:17,(anonymous_1)
FNF:2
FNH:0
FNDA:0,(anonymous_0)
FNDA:0,(anonymous_1)
DA:13,0
DA:14,0
DA:20,0
DA:21,0
DA:22,0
DA:24,0
DA:33,0
LF:7
LH:0
BRDA:20,0,0,0
BRDA:20,0,1,0
BRDA:21,1,0,0
BRDA:21,1,1,0
BRF:4
BRH:0
end_of_record
TN:
SF:app/domains/exam-application/domain/ports/IExamAssignmentRepository.ts
FNF:0
FNH:0
LF:0
LH:0
BRF:0
BRH:0
end_of_record
TN:
SF:app/domains/exam-application/domain/ports/IExamRegradeRepository.ts
FNF:0
FNH:0
LF:0
LH:0
BRF:0
BRH:0
end_of_record
TN:
SF:app/domains/exam-application/domain/ports/IExamResponseRepository.ts
FNF:0
FNH:0
LF:0
LH:0
BRF:0
BRH:0
end_of_record
TN:
SF:app/domains/exam-application/domain/services/examAssigmentService.ts
FN:51,(anonymous_0)
FN:72,(anonymous_1)
FN:99,(anonymous_2)
FN:99,(anonymous_3)
FN:123,(anonymous_4)
FN:137,(anonymous_5)
FN:172,(anonymous_6)
FN:186,(anonymous_7)
FN:196,(anonymous_8)
FN:214,(anonymous_9)
FN:227,(anonymous_10)
FN:278,(anonymous_11)
FN:328,(anonymous_12)
FN:353,(anonymous_13)
FN:407,(anonymous_14)
FN:421,(anonymous_15)
FN:422,(anonymous_16)
FN:456,(anonymous_17)
FN:515,(anonymous_18)
FN:531,(anonymous_19)
FN:544,(anonymous_20)
FN:591,(anonymous_21)
FN:606,(anonymous_22)
FNF:23
FNH:0
FNDA:0,(anonymous_0)
FNDA:0,(anonymous_1)
FNDA:0,(anonymous_2)
FNDA:0,(anonymous_3)
FNDA:0,(anonymous_4)
FNDA:0,(anonymous_5)
FNDA:0,(anonymous_6)
FNDA:0,(anonymous_7)
FNDA:0,(anonymous_8)
FNDA:0,(anonymous_9)
FNDA:0,(anonymous_10)
FNDA:0,(anonymous_11)
FNDA:0,(anonymous_12)
FNDA:0,(anonymous_13)
FNDA:0,(anonymous_14)
FNDA:0,(anonymous_15)
FNDA:0,(anonymous_16)
FNDA:0,(anonymous_17)
FNDA:0,(anonymous_18)
FNDA:0,(anonymous_19)
FNDA:0,(anonymous_20)
FNDA:0,(anonymous_21)
FNDA:0,(anonymous_22)
DA:61,0
DA:62,0
DA:63,0
DA:64,0
DA:65,0
DA:66,0
DA:67,0
DA:68,0
DA:69,0
DA:79,0
DA:80,0
DA:81,0
DA:83,0
DA:86,0
DA:89,0
DA:90,0
DA:92,0
DA:93,0
DA:98,0
DA:99,0
DA:101,0
DA:102,0
DA:109,0
DA:118,0
DA:121,0
DA:123,0
DA:129,0
DA:130,0
DA:132,0
DA:133,0
DA:141,0
DA:143,0
DA:144,0
DA:145,0
DA:147,0
DA:149,0
DA:154,0
DA:155,0
DA:156,0
DA:161,0
DA:162,0
DA:163,0
DA:164,0
DA:169,0
DA:173,0
DA:174,0
DA:177,0
DA:193,0
DA:196,0
DA:197,0
DA:206,0
DA:207,0
DA:209,0
DA:210,0
DA:215,0
DA:216,0
DA:217,0
DA:218,0
DA:220,0
DA:221,0
DA:235,0
DA:236,0
DA:238,0
DA:240,0
DA:246,0
DA:247,0
DA:248,0
DA:253,0
DA:256,0
DA:259,0
DA:270,0
DA:271,0
DA:273,0
DA:274,0
DA:281,0
DA:282,0
DA:284,0
DA:285,0
DA:286,0
DA:291,0
DA:292,0
DA:297,0
DA:302,0
DA:303,0
DA:308,0
DA:313,0
DA:314,0
DA:315,0
DA:320,0
DA:321,0
DA:323,0
DA:324,0
DA:329,0
DA:330,0
DA:332,0
DA:333,0
DA:334,0
DA:336,0
DA:345,0
DA:346,0
DA:348,0
DA:349,0
DA:356,0
DA:357,0
DA:359,0
DA:360,0
DA:361,0
DA:362,0
DA:363,0
DA:368,0
DA:372,0
DA:373,0
DA:378,0
DA:379,0
DA:384,0
DA:389,0
DA:390,0
DA:395,0
DA:396,0
DA:397,0
DA:406,0
DA:407,0
DA:410,0
DA:411,0
DA:415,0
DA:417,0
DA:421,0
DA:422,0
DA:423,0
DA:424,0
DA:425,0
DA:427,0
DA:428,0
DA:432,0
DA:435,0
DA:437,0
DA:442,0
DA:443,0
DA:451,0
DA:452,0
DA:457,0
DA:458,0
DA:460,0
DA:461,0
DA:462,0
DA:467,0
DA:468,0
DA:473,0
DA:474,0
DA:479,0
DA:483,0
DA:484,0
DA:489,0
DA:490,0
DA:491,0
DA:496,0
DA:498,0
DA:507,0
DA:508,0
DA:510,0
DA:511,0
DA:520,0
DA:522,0
DA:524,0
DA:525,0
DA:532,0
DA:533,0
DA:535,0
DA:536,0
DA:537,0
DA:538,0
DA:539,0
DA:548,0
DA:549,0
DA:552,0
DA:557,0
DA:560,0
DA:561,0
DA:564,0
DA:565,0
DA:568,0
DA:573,0
DA:574,0
DA:577,0
DA:578,0
DA:579,0
DA:582,0
DA:584,0
DA:585,0
DA:588,0
DA:592,0
DA:597,0
DA:598,0
DA:599,0
DA:603,0
DA:607,0
DA:612,0
DA:613,0
DA:614,0
DA:618,0
LF:200
LH:0
BRDA:92,0,0,0
BRDA:92,0,1,0
BRDA:101,1,0,0
BRDA:101,1,1,0
BRDA:144,2,0,0
BRDA:144,2,1,0
BRDA:155,3,0,0
BRDA:155,3,1,0
BRDA:163,4,0,0
BRDA:163,4,1,0
BRDA:173,5,0,0
BRDA:173,5,1,0
BRDA:217,6,0,0
BRDA:217,6,1,0
BRDA:220,7,0,0
BRDA:220,7,1,0
BRDA:247,8,0,0
BRDA:247,8,1,0
BRDA:291,9,0,0
BRDA:291,9,1,0
BRDA:302,10,0,0
BRDA:302,10,1,0
BRDA:314,11,0,0
BRDA:314,11,1,0
BRDA:362,12,0,0
BRDA:362,12,1,0
BRDA:372,13,0,0
BRDA:372,13,1,0
BRDA:378,14,0,0
BRDA:378,14,1,0
BRDA:389,15,0,0
BRDA:389,15,1,0
BRDA:396,16,0,0
BRDA:396,16,1,0
BRDA:410,17,0,0
BRDA:410,17,1,0
BRDA:424,18,0,0
BRDA:424,18,1,0
BRDA:427,19,0,0
BRDA:427,19,1,0
BRDA:427,19,2,0
BRDA:467,20,0,0
BRDA:467,20,1,0
BRDA:473,21,0,0
BRDA:473,21,1,0
BRDA:483,22,0,0
BRDA:483,22,1,0
BRDA:490,23,0,0
BRDA:490,23,1,0
BRDA:502,24,0,0
BRDA:502,24,1,0
BRDA:522,25,0,0
BRDA:522,25,1,0
BRDA:524,26,0,0
BRDA:524,26,1,0
BRDA:533,27,0,0
BRDA:533,27,1,0
BRDA:538,28,0,0
BRDA:538,28,1,0
BRDA:538,29,0,0
BRDA:538,29,1,0
BRDA:548,30,0,0
BRDA:548,30,1,0
BRDA:552,31,0,0
BRDA:552,31,1,0
BRDA:553,32,0,0
BRDA:553,32,1,0
BRDA:553,32,2,0
BRDA:560,33,0,0
BRDA:560,33,1,0
BRDA:564,34,0,0
BRDA:564,34,1,0
BRDA:573,35,0,0
BRDA:573,35,1,0
BRDA:577,36,0,0
BRDA:577,36,1,0
BRDA:578,37,0,0
BRDA:578,37,1,0
BRDA:584,38,0,0
BRDA:584,38,1,0
BRDA:598,39,0,0
BRDA:598,39,1,0
BRDA:613,40,0,0
BRDA:613,40,1,0
BRF:84
BRH:0
end_of_record
TN:
SF:app/domains/exam-application/domain/services/examResponseService.ts
FN:36,(anonymous_0)
FN:51,(anonymous_1)
FN:76,(anonymous_2)
FN:109,(anonymous_3)
FN:141,(anonymous_4)
FN:147,(anonymous_5)
FN:147,(anonymous_6)
FN:151,(anonymous_7)
FN:169,(anonymous_8)
FN:185,(anonymous_9)
FN:197,(anonymous_10)
FN:208,(anonymous_11)
FNF:12
FNH:0
FNDA:0,(anonymous_0)
FNDA:0,(anonymous_1)
FNDA:0,(anonymous_2)
FNDA:0,(anonymous_3)
FNDA:0,(anonymous_4)
FNDA:0,(anonymous_5)
FNDA:0,(anonymous_6)
FNDA:0,(anonymous_7)
FNDA:0,(anonymous_8)
FNDA:0,(anonymous_9)
FNDA:0,(anonymous_10)
FNDA:0,(anonymous_11)
DA:43,0
DA:44,0
DA:45,0
DA:46,0
DA:47,0
DA:48,0
DA:52,0
DA:53,0
DA:55,0
DA:56,0
DA:57,0
DA:59,0
DA:60,0
DA:62,0
DA:72,0
DA:73,0
DA:77,0
DA:78,0
DA:80,0
DA:81,0
DA:82,0
DA:83,0
DA:85,0
DA:86,0
DA:89,0
DA:90,0
DA:92,0
DA:95,0
DA:97,0
DA:105,0
DA:106,0
DA:112,0
DA:113,0
DA:115,0
DA:116,0
DA:118,0
DA:122,0
DA:123,0
DA:126,0
DA:131,0
DA:132,0
DA:137,0
DA:138,0
DA:145,0
DA:146,0
DA:147,0
DA:150,0
DA:151,0
DA:154,0
DA:155,0
DA:156,0
DA:157,0
DA:159,0
DA:163,0
DA:166,0
DA:172,0
DA:173,0
DA:174,0
DA:177,0
DA:178,0
DA:179,0
DA:182,0
DA:186,0
DA:190,0
DA:191,0
DA:192,0
DA:194,0
DA:198,0
DA:202,0
DA:203,0
DA:205,0
DA:209,0
DA:210,0
DA:211,0
LF:74
LH:0
BRDA:66,0,0,0
BRDA:66,0,1,0
BRDA:67,1,0,0
BRDA:67,1,1,0
BRDA:82,2,0,0
BRDA:82,2,1,0
BRDA:85,3,0,0
BRDA:85,3,1,0
BRDA:99,4,0,0
BRDA:99,4,1,0
BRDA:100,5,0,0
BRDA:100,5,1,0
BRDA:122,6,0,0
BRDA:122,6,1,0
BRDA:131,7,0,0
BRDA:131,7,1,0
BRDA:145,8,0,0
BRDA:145,8,1,0
BRDA:145,9,0,0
BRDA:145,9,1,0
BRDA:150,10,0,0
BRDA:150,10,1,0
BRDA:156,11,0,0
BRDA:156,11,1,0
BRDA:173,12,0,0
BRDA:173,12,1,0
BRDA:178,13,0,0
BRDA:178,13,1,0
BRDA:191,14,0,0
BRDA:191,14,1,0
BRDA:202,15,0,0
BRDA:202,15,1,0
BRDA:210,16,0,0
BRDA:210,16,1,0
BRF:34
BRH:0
end_of_record
TN:
SF:app/domains/exam-application/entities/enums/AssignedExamStatus.ts
FN:1,(anonymous_0)
FNF:1
FNH:0
FNDA:0,(anonymous_0)
DA:1,0
DA:2,0
DA:3,0
DA:4,0
DA:5,0
DA:6,0
DA:7,0
DA:8,0
LF:8
LH:0
BRDA:1,0,0,0
BRDA:1,0,1,0
BRF:2
BRH:0
end_of_record
TN:
SF:app/domains/exam-application/entities/enums/ExamRegradeStatus.ts
FN:1,(anonymous_0)
FNF:1
FNH:0
FNDA:0,(anonymous_0)
DA:1,0
DA:2,0
DA:3,0
DA:4,0
DA:5,0
LF:5
LH:0
BRDA:1,0,0,0
BRDA:1,0,1,0
BRF:2
BRH:0
end_of_record
TN:
SF:app/domains/exam-application/entities/enums/ExamStatusEnum.ts
FN:1,(anonymous_0)
FNF:1
FNH:0
FNDA:0,(anonymous_0)
DA:1,0
DA:2,0
DA:3,0
DA:4,0
DA:5,0
DA:6,0
LF:6
LH:0
BRDA:1,0,0,0
BRDA:1,0,1,0
BRF:2
BRH:0
end_of_record
TN:
SF:app/domains/exam-application/schemas/examAssignmentSchema.ts
FN:22,(anonymous_0)
FNF:1
FNH:0
FNDA:0,(anonymous_0)
DA:7,0
DA:16,0
DA:22,0
DA:29,0
DA:38,0
DA:47,0
DA:56,0
DA:69,0
DA:82,0
DA:94,0
DA:107,0
LF:11
LH:0
BRF:0
BRH:0
end_of_record
TN:
SF:app/domains/exam-application/schemas/examRegradeSchema.ts
FN:12,(anonymous_0)
FNF:1
FNH:0
FNDA:0,(anonymous_0)
DA:6,0
DA:12,0
DA:21,0
DA:28,0
DA:37,0
LF:5
LH:0
BRF:0
BRH:0
end_of_record
TN:
SF:app/domains/exam-application/schemas/examResponseSchema.ts
FN:15,(anonymous_0)
FNF:1
FNH:0
FNDA:0,(anonymous_0)
DA:3,0
DA:10,0
DA:15,0
DA:22,0
DA:32,0
DA:42,0
DA:50,0
DA:59,0
DA:68,0
LF:9
LH:0
BRF:0
BRH:0
end_of_record
TN:
SF:app/domains/exam-generation/main.ts
FNF:0
FNH:0
DA:6,0
DA:9,0
DA:10,0
LF:3
LH:0
BRF:0
BRH:0
end_of_record
TN:
SF:app/domains/exam-generation/api/controllers/examController.ts
FN:30,ensureCurrentUserId
FN:41,normalizeQuestionTypeCounts
FN:42,(anonymous_2)
FN:48,normalizeDifficultyCounts
FN:56,(anonymous_4)
FN:62,normalizeSubtopicDistribution
FN:64,(anonymous_6)
FN:70,listExams
FN:80,getExamById
FN:90,createManualExam
FN:109,createAutomaticExam
FN:134,updateExam
FN:145,requestExamReview
FN:164,acceptExam
FN:180,rejectExam
FN:196,deleteExam
FNF:16
FNH:0
FNDA:0,ensureCurrentUserId
FNDA:0,normalizeQuestionTypeCounts
FNDA:0,(anonymous_2)
FNDA:0,normalizeDifficultyCounts
FNDA:0,(anonymous_4)
FNDA:0,normalizeSubtopicDistribution
FNDA:0,(anonymous_6)
FNDA:0,listExams
FNDA:0,getExamById
FNDA:0,createManualExam
FNDA:0,createAutomaticExam
FNDA:0,updateExam
FNDA:0,requestExamReview
FNDA:0,acceptExam
FNDA:0,rejectExam
FNDA:0,deleteExam
DA:31,0
DA:32,0
DA:33,0
DA:35,0
DA:42,0
DA:51,0
DA:56,0
DA:57,0
DA:59,0
DA:63,0
DA:64,0
DA:71,0
DA:72,0
DA:73,0
DA:74,0
DA:76,0
DA:81,0
DA:82,0
DA:83,0
DA:84,0
DA:86,0
DA:95,0
DA:96,0
DA:97,0
DA:98,0
DA:102,0
DA:103,0
DA:105,0
DA:114,0
DA:115,0
DA:116,0
DA:117,0
DA:127,0
DA:128,0
DA:130,0
DA:135,0
DA:136,0
DA:137,0
DA:138,0
DA:139,0
DA:141,0
DA:150,0
DA:151,0
DA:152,0
DA:153,0
DA:157,0
DA:158,0
DA:160,0
DA:165,0
DA:166,0
DA:167,0
DA:168,0
DA:173,0
DA:174,0
DA:176,0
DA:181,0
DA:182,0
DA:183,0
DA:184,0
DA:189,0
DA:190,0
DA:192,0
DA:197,0
DA:198,0
DA:199,0
DA:200,0
DA:202,0
LF:67
LH:0
BRDA:32,0,0,0
BRDA:32,0,1,0
BRDA:63,1,0,0
BRDA:63,1,1,0
BRF:4
BRH:0
end_of_record
TN:
SF:app/domains/exam-generation/api/routes/examRoutes.ts
FNF:0
FNH:0
DA:15,0
DA:70,0
DA:93,0
DA:116,0
DA:178,0
DA:179,0
DA:180,0
DA:204,0
DA:234,0
DA:264,0
LF:10
LH:0
BRF:0
BRH:0
end_of_record
TN:
SF:app/domains/exam-generation/application/commands/AcceptExamCommand.ts
FN:9,(anonymous_0)
FN:13,(anonymous_1)
FNF:2
FNH:0
FNDA:0,(anonymous_0)
FNDA:0,(anonymous_1)
DA:9,0
DA:10,0
DA:14,0
DA:15,0
LF:4
LH:0
BRF:0
BRH:0
end_of_record
TN:
SF:app/domains/exam-generation/application/commands/CreateAutomaticExamCommand.ts
FN:10,(anonymous_0)
FN:14,(anonymous_1)
FNF:2
FNH:0
FNDA:0,(anonymous_0)
FNDA:0,(anonymous_1)
DA:10,0
DA:11,0
DA:17,0
DA:18,0
LF:4
LH:0
BRF:0
BRH:0
end_of_record
TN:
SF:app/domains/exam-generation/application/commands/CreateManualExamCommand.ts
FN:10,(anonymous_0)
FN:14,(anonymous_1)
FNF:2
FNH:0
FNDA:0,(anonymous_0)
FNDA:0,(anonymous_1)
DA:10,0
DA:11,0
DA:17,0
DA:18,0
LF:4
LH:0
BRF:0
BRH:0
end_of_record
TN:
SF:app/domains/exam-generation/application/commands/DeleteExamCommand.ts
FN:6,(anonymous_0)
FN:10,(anonymous_1)
FNF:2
FNH:0
FNDA:0,(anonymous_0)
FNDA:0,(anonymous_1)
DA:6,0
DA:7,0
DA:11,0
LF:3
LH:0
BRF:0
BRH:0
end_of_record
TN:
SF:app/domains/exam-generation/application/commands/RejectExamCommand.ts
FN:9,(anonymous_0)
FN:13,(anonymous_1)
FNF:2
FNH:0
FNDA:0,(anonymous_0)
FNDA:0,(anonymous_1)
DA:9,0
DA:10,0
DA:14,0
DA:15,0
LF:4
LH:0
BRF:0
BRH:0
end_of_record
TN:
SF:app/domains/exam-generation/application/commands/RequestExamReviewCommand.ts
FN:15,(anonymous_0)
FN:19,(anonymous_1)
FNF:2
FNH:0
FNDA:0,(anonymous_0)
FNDA:0,(anonymous_1)
DA:15,0
DA:16,0
DA:20,0
DA:21,0
LF:4
LH:0
BRF:0
BRH:0
end_of_record
TN:
SF:app/domains/exam-generation/application/commands/UpdateExamCommand.ts
FN:12,(anonymous_0)
FN:16,(anonymous_1)
FNF:2
FNH:0
FNDA:0,(anonymous_0)
FNDA:0,(anonymous_1)
DA:12,0
DA:13,0
DA:17,0
DA:18,0
LF:4
LH:0
BRF:0
BRH:0
end_of_record
TN:
SF:app/domains/exam-generation/application/queries/GetExamByIdQuery.ts
FN:8,(anonymous_0)
FN:12,(anonymous_1)
FNF:2
FNH:0
FNDA:0,(anonymous_0)
FNDA:0,(anonymous_1)
DA:8,0
DA:9,0
DA:15,0
DA:16,0
DA:17,0
DA:19,0
LF:6
LH:0
BRDA:16,0,0,0
BRDA:16,0,1,0
BRF:2
BRH:0
end_of_record
TN:
SF:app/domains/exam-generation/application/queries/ListExamsQuery.ts
FN:7,(anonymous_0)
FN:11,(anonymous_1)
FNF:2
FNH:0
FNDA:0,(anonymous_0)
FNDA:0,(anonymous_1)
DA:7,0
DA:8,0
DA:14,0
DA:15,0
DA:16,0
DA:17,0
LF:6
LH:0
BRDA:14,0,0,0
BRDA:14,0,1,0
BRDA:15,1,0,0
BRDA:15,1,1,0
BRF:4
BRH:0
end_of_record
TN:
SF:app/domains/exam-generation/domain/ports/IExamQuestionRepository.ts
FNF:0
FNH:0
LF:0
LH:0
BRF:0
BRH:0
end_of_record
TN:
SF:app/domains/exam-generation/domain/ports/IExamRepository.ts
FNF:0
FNH:0
LF:0
LH:0
BRF:0
BRH:0
end_of_record
TN:
SF:app/domains/exam-generation/domain/ports/IQuestionRepository.ts
FNF:0
FNH:0
LF:0
LH:0
BRF:0
BRH:0
end_of_record
TN:
SF:app/domains/exam-generation/domain/services/examService.ts
FN:42,(anonymous_0)
FN:46,(anonymous_1)
FN:63,(anonymous_2)
FN:70,(anonymous_3)
FN:111,(anonymous_4)
FN:114,(anonymous_5)
FN:129,(anonymous_6)
FN:137,(anonymous_7)
FN:144,(anonymous_8)
FN:151,(anonymous_9)
FN:158,(anonymous_10)
FN:167,(anonymous_11)
FN:180,(anonymous_12)
FN:195,(anonymous_13)
FN:202,(anonymous_14)
FN:211,(anonymous_15)
FN:246,(anonymous_16)
FN:257,(anonymous_17)
FN:269,(anonymous_18)
FN:282,(anonymous_19)
FN:291,(anonymous_20)
FN:301,(anonymous_21)
FN:307,(anonymous_22)
FN:318,(anonymous_23)
FN:354,(anonymous_24)
FN:363,(anonymous_25)
FN:372,(anonymous_26)
FN:393,(anonymous_27)
FN:407,(anonymous_28)
FN:426,(anonymous_29)
FN:438,(anonymous_30)
FN:469,(anonymous_31)
FN:488,(anonymous_32)
FN:500,(anonymous_33)
FN:519,(anonymous_34)
FN:527,(anonymous_35)
FN:568,(anonymous_36)
FN:596,(anonymous_37)
FNF:38
FNH:0
FNDA:0,(anonymous_0)
FNDA:0,(anonymous_1)
FNDA:0,(anonymous_2)
FNDA:0,(anonymous_3)
FNDA:0,(anonymous_4)
FNDA:0,(anonymous_5)
FNDA:0,(anonymous_6)
FNDA:0,(anonymous_7)
FNDA:0,(anonymous_8)
FNDA:0,(anonymous_9)
FNDA:0,(anonymous_10)
FNDA:0,(anonymous_11)
FNDA:0,(anonymous_12)
FNDA:0,(anonymous_13)
FNDA:0,(anonymous_14)
FNDA:0,(anonymous_15)
FNDA:0,(anonymous_16)
FNDA:0,(anonymous_17)
FNDA:0,(anonymous_18)
FNDA:0,(anonymous_19)
FNDA:0,(anonymous_20)
FNDA:0,(anonymous_21)
FNDA:0,(anonymous_22)
FNDA:0,(anonymous_23)
FNDA:0,(anonymous_24)
FNDA:0,(anonymous_25)
FNDA:0,(anonymous_26)
FNDA:0,(anonymous_27)
FNDA:0,(anonymous_28)
FNDA:0,(anonymous_29)
FNDA:0,(anonymous_30)
FNDA:0,(anonymous_31)
FNDA:0,(anonymous_32)
FNDA:0,(anonymous_33)
FNDA:0,(anonymous_34)
FNDA:0,(anonymous_35)
FNDA:0,(anonymous_36)
FNDA:0,(anonymous_37)
DA:42,0
DA:43,0
DA:47,0
DA:59,0
DA:60,0
DA:64,0
DA:65,0
DA:66,0
DA:67,0
DA:75,0
DA:76,0
DA:85,0
DA:86,0
DA:87,0
DA:88,0
DA:89,0
DA:93,0
DA:94,0
DA:102,0
DA:103,0
DA:107,0
DA:108,0
DA:111,0
DA:115,0
DA:116,0
DA:117,0
DA:118,0
DA:119,0
DA:121,0
DA:122,0
DA:123,0
DA:124,0
DA:126,0
DA:130,0
DA:131,0
DA:137,0
DA:139,0
DA:140,0
DA:141,0
DA:145,0
DA:150,0
DA:151,0
DA:154,0
DA:155,0
DA:157,0
DA:158,0
DA:161,0
DA:162,0
DA:163,0
DA:164,0
DA:172,0
DA:184,0
DA:201,0
DA:202,0
DA:203,0
DA:204,0
DA:210,0
DA:211,0
DA:212,0
DA:213,0
DA:214,0
DA:222,0
DA:224,0
DA:225,0
DA:226,0
DA:227,0
DA:228,0
DA:229,0
DA:230,0
DA:231,0
DA:232,0
DA:233,0
DA:236,0
DA:237,0
DA:245,0
DA:246,0
DA:249,0
DA:250,0
DA:257,0
DA:258,0
DA:259,0
DA:266,0
DA:273,0
DA:274,0
DA:275,0
DA:279,0
DA:283,0
DA:284,0
DA:285,0
DA:286,0
DA:288,0
DA:292,0
DA:293,0
DA:294,0
DA:298,0
DA:302,0
DA:303,0
DA:304,0
DA:308,0
DA:309,0
DA:310,0
DA:315,0
DA:323,0
DA:324,0
DA:325,0
DA:334,0
DA:335,0
DA:336,0
DA:340,0
DA:341,0
DA:342,0
DA:351,0
DA:355,0
DA:356,0
DA:357,0
DA:362,0
DA:363,0
DA:367,0
DA:368,0
DA:369,0
DA:372,0
DA:375,0
DA:388,0
DA:390,0
DA:396,0
DA:397,0
DA:398,0
DA:404,0
DA:405,0
DA:406,0
DA:407,0
DA:409,0
DA:410,0
DA:419,0
DA:420,0
DA:421,0
DA:426,0
DA:427,0
DA:430,0
DA:431,0
DA:437,0
DA:438,0
DA:451,0
DA:452,0
DA:454,0
DA:470,0
DA:472,0
DA:477,0
DA:478,0
DA:479,0
DA:480,0
DA:481,0
DA:482,0
DA:487,0
DA:488,0
DA:491,0
DA:492,0
DA:493,0
DA:495,0
DA:496,0
DA:500,0
DA:503,0
DA:504,0
DA:507,0
DA:508,0
DA:509,0
DA:512,0
DA:513,0
DA:516,0
DA:520,0
DA:521,0
DA:522,0
DA:524,0
DA:528,0
DA:529,0
DA:530,0
DA:535,0
DA:536,0
DA:545,0
DA:546,0
DA:555,0
DA:560,0
DA:565,0
DA:573,0
DA:574,0
DA:575,0
DA:584,0
DA:585,0
DA:589,0
DA:590,0
DA:592,0
DA:593,0
DA:601,0
DA:602,0
DA:603,0
DA:612,0
DA:613,0
DA:617,0
DA:618,0
DA:620,0
DA:621,0
LF:201
LH:0
BRDA:65,0,0,0
BRDA:65,0,1,0
BRDA:75,1,0,0
BRDA:75,1,1,0
BRDA:88,2,0,0
BRDA:88,2,1,0
BRDA:93,3,0,0
BRDA:93,3,1,0
BRDA:102,4,0,0
BRDA:102,4,1,0
BRDA:115,5,0,0
BRDA:115,5,1,0
BRDA:118,6,0,0
BRDA:118,6,1,0
BRDA:118,6,2,0
BRDA:119,7,0,0
BRDA:119,7,1,0
BRDA:130,8,0,0
BRDA:130,8,1,0
BRDA:137,9,0,0
BRDA:137,9,1,0
BRDA:139,10,0,0
BRDA:139,10,1,0
BRDA:140,11,0,0
BRDA:140,11,1,0
BRDA:154,12,0,0
BRDA:154,12,1,0
BRDA:162,13,0,0
BRDA:162,13,1,0
BRDA:163,14,0,0
BRDA:163,14,1,0
BRDA:190,15,0,0
BRDA:190,15,1,0
BRDA:191,16,0,0
BRDA:191,16,1,0
BRDA:203,17,0,0
BRDA:203,17,1,0
BRDA:206,18,0,0
BRDA:206,18,1,0
BRDA:213,19,0,0
BRDA:213,19,1,0
BRDA:227,20,0,0
BRDA:227,20,1,0
BRDA:228,21,0,0
BRDA:228,21,1,0
BRDA:229,22,0,0
BRDA:229,22,1,0
BRDA:236,23,0,0
BRDA:236,23,1,0
BRDA:249,24,0,0
BRDA:249,24,1,0
BRDA:258,25,0,0
BRDA:258,25,1,0
BRDA:274,26,0,0
BRDA:274,26,1,0
BRDA:293,27,0,0
BRDA:293,27,1,0
BRDA:309,28,0,0
BRDA:309,28,1,0
BRDA:324,29,0,0
BRDA:324,29,1,0
BRDA:335,30,0,0
BRDA:335,30,1,0
BRDA:341,31,0,0
BRDA:341,31,1,0
BRDA:420,32,0,0
BRDA:420,32,1,0
BRDA:430,33,0,0
BRDA:430,33,1,0
BRDA:447,34,0,0
BRDA:447,34,1,0
BRDA:448,35,0,0
BRDA:448,35,1,0
BRDA:477,36,0,0
BRDA:477,36,1,0
BRDA:478,37,0,0
BRDA:478,37,1,0
BRDA:480,38,0,0
BRDA:480,38,1,0
BRDA:492,39,0,0
BRDA:492,39,1,0
BRDA:495,40,0,0
BRDA:495,40,1,0
BRDA:508,41,0,0
BRDA:508,41,1,0
BRDA:512,42,0,0
BRDA:512,42,1,0
BRDA:521,43,0,0
BRDA:521,43,1,0
BRDA:529,44,0,0
BRDA:529,44,1,0
BRDA:535,45,0,0
BRDA:535,45,1,0
BRDA:545,46,0,0
BRDA:545,46,1,0
BRDA:574,47,0,0
BRDA:574,47,1,0
BRDA:589,48,0,0
BRDA:589,48,1,0
BRDA:602,49,0,0
BRDA:602,49,1,0
BRDA:617,50,0,0
BRDA:617,50,1,0
BRF:103
BRH:0
end_of_record
TN:
SF:app/domains/exam-generation/entities/helpers/isApprovedExamStatus.ts
FN:3,isApprovedExamStatus
FNF:1
FNH:0
FNDA:0,isApprovedExamStatus
DA:4,0
LF:1
LH:0
BRDA:4,0,0,0
BRDA:4,0,1,0
BRF:2
BRH:0
end_of_record
TN:
SF:app/domains/exam-generation/schemas/examSchema.ts
FN:6,(anonymous_0)
FN:38,(anonymous_1)
FN:131,(anonymous_2)
FN:132,(anonymous_3)
FN:140,(anonymous_4)
FN:141,(anonymous_5)
FN:192,(anonymous_6)
FN:254,(anonymous_7)
FNF:8
FNH:0
FNDA:0,(anonymous_0)
FNDA:0,(anonymous_1)
FNDA:0,(anonymous_2)
FNDA:0,(anonymous_3)
FNDA:0,(anonymous_4)
FNDA:0,(anonymous_5)
FNDA:0,(anonymous_6)
FNDA:0,(anonymous_7)
DA:6,0
DA:8,0
DA:14,0
DA:22,0
DA:29,0
DA:38,0
DA:42,0
DA:50,0
DA:60,0
DA:66,0
DA:77,0
DA:88,0
DA:97,0
DA:109,0
DA:132,0
DA:141,0
DA:150,0
DA:157,0
DA:169,0
DA:185,0
DA:192,0
DA:196,0
DA:204,0
DA:206,0
DA:213,0
DA:226,0
DA:241,0
DA:254,0
DA:258,0
DA:277,0
LF:30
LH:0
BRF:0
BRH:0
end_of_record
TN:
SF:app/domains/question-bank/main.ts
FNF:0
FNH:0
DA:10,0
DA:15,0
DA:16,0
DA:17,0
DA:18,0
DA:19,0
DA:20,0
LF:7
LH:0
BRF:0
BRH:0
end_of_record
TN:
SF:app/domains/question-bank/api/controllers/questionController.ts
FN:18,listQuestions
FN:32,getQuestionById
FN:50,createQuestion
FN:64,updateQuestion
FN:83,deleteQuestion
FNF:5
FNH:0
FNDA:0,listQuestions
FNDA:0,getQuestionById
FNDA:0,createQuestion
FNDA:0,updateQuestion
FNDA:0,deleteQuestion
DA:19,0
DA:20,0
DA:21,0
DA:22,0
DA:23,0
DA:25,0
DA:26,0
DA:28,0
DA:37,0
DA:38,0
DA:39,0
DA:40,0
DA:41,0
DA:43,0
DA:44,0
DA:46,0
DA:51,0
DA:52,0
DA:53,0
DA:54,0
DA:55,0
DA:57,0
DA:58,0
DA:60,0
DA:65,0
DA:66,0
DA:67,0
DA:68,0
DA:69,0
DA:70,0
DA:72,0
DA:77,0
DA:79,0
DA:84,0
DA:85,0
DA:86,0
DA:87,0
DA:88,0
DA:90,0
DA:91,0
DA:93,0
LF:41
LH:0
BRDA:22,0,0,0
BRDA:22,0,1,0
BRDA:40,1,0,0
BRDA:40,1,1,0
BRDA:54,2,0,0
BRDA:54,2,1,0
BRDA:69,3,0,0
BRDA:69,3,1,0
BRDA:87,4,0,0
BRDA:87,4,1,0
BRF:10
BRH:0
end_of_record
TN:
SF:app/domains/question-bank/api/controllers/questionTypeController.ts
FN:18,listQuestionTypes
FN:28,getQuestionTypeById
FN:38,createQuestionType
FN:48,updateQuestionType
FN:59,deleteQuestionType
FNF:5
FNH:0
FNDA:0,listQuestionTypes
FNDA:0,getQuestionTypeById
FNDA:0,createQuestionType
FNDA:0,updateQuestionType
FNDA:0,deleteQuestionType
DA:19,0
DA:20,0
DA:21,0
DA:22,0
DA:24,0
DA:29,0
DA:30,0
DA:31,0
DA:32,0
DA:34,0
DA:39,0
DA:40,0
DA:41,0
DA:42,0
DA:44,0
DA:49,0
DA:50,0
DA:51,0
DA:52,0
DA:53,0
DA:55,0
DA:60,0
DA:61,0
DA:62,0
DA:63,0
DA:65,0
LF:26
LH:0
BRF:0
BRH:0
end_of_record
TN:
SF:app/domains/question-bank/api/controllers/subjectController.ts
FN:17,listSubjects
FN:27,getSubjectById
FN:37,createSubject
FN:48,updateSubject
FN:59,deleteSubject
FNF:5
FNH:0
FNDA:0,listSubjects
FNDA:0,getSubjectById
FNDA:0,createSubject
FNDA:0,updateSubject
FNDA:0,deleteSubject
DA:18,0
DA:19,0
DA:20,0
DA:21,0
DA:23,0
DA:28,0
DA:29,0
DA:30,0
DA:31,0
DA:33,0
DA:38,0
DA:39,0
DA:41,0
DA:42,0
DA:44,0
DA:49,0
DA:50,0
DA:51,0
DA:52,0
DA:53,0
DA:55,0
DA:60,0
DA:61,0
DA:62,0
DA:63,0
DA:65,0
LF:26
LH:0
BRF:0
BRH:0
end_of_record
TN:
SF:app/domains/question-bank/api/controllers/subtopicController.ts
FN:15,listSubtopics
FN:25,getSubtopicById
FN:35,createSubtopic
FN:45,deleteSubtopic
FNF:4
FNH:0
FNDA:0,listSubtopics
FNDA:0,getSubtopicById
FNDA:0,createSubtopic
FNDA:0,deleteSubtopic
DA:16,0
DA:17,0
DA:18,0
DA:19,0
DA:21,0
DA:26,0
DA:27,0
DA:28,0
DA:29,0
DA:31,0
DA:36,0
DA:37,0
DA:38,0
DA:39,0
DA:41,0
DA:46,0
DA:47,0
DA:48,0
DA:49,0
DA:51,0
LF:20
LH:0
BRF:0
BRH:0
end_of_record
TN:
SF:app/domains/question-bank/api/controllers/topicController.ts
FN:19,listTopics
FN:29,getTopicById
FN:39,createTopic
FN:49,createSubjectTopic
FN:59,deleteSubjectTopic
FN:69,updateTopic
FN:80,deleteTopic
FNF:7
FNH:0
FNDA:0,listTopics
FNDA:0,getTopicById
FNDA:0,createTopic
FNDA:0,createSubjectTopic
FNDA:0,deleteSubjectTopic
FNDA:0,updateTopic
FNDA:0,deleteTopic
DA:20,0
DA:21,0
DA:22,0
DA:23,0
DA:25,0
DA:30,0
DA:31,0
DA:32,0
DA:33,0
DA:35,0
DA:40,0
DA:41,0
DA:42,0
DA:43,0
DA:45,0
DA:50,0
DA:51,0
DA:52,0
DA:53,0
DA:55,0
DA:60,0
DA:61,0
DA:62,0
DA:63,0
DA:65,0
DA:70,0
DA:71,0
DA:72,0
DA:73,0
DA:74,0
DA:76,0
DA:81,0
DA:82,0
DA:83,0
DA:84,0
DA:86,0
LF:36
LH:0
BRF:0
BRH:0
end_of_record
TN:
SF:app/domains/question-bank/api/routes/questionRoutes.ts
FNF:0
FNH:0
DA:11,0
DA:92,0
DA:93,0
DA:158,0
DA:159,0
DA:160,0
LF:6
LH:0
BRF:0
BRH:0
end_of_record
TN:
SF:app/domains/question-bank/api/routes/questionTypeRoutes.ts
FNF:0
FNH:0
DA:12,0
DA:57,0
DA:58,0
DA:120,0
DA:121,0
DA:122,0
LF:6
LH:0
BRF:0
BRH:0
end_of_record
TN:
SF:app/domains/question-bank/api/routes/subjectRoutes.ts
FNF:0
FNH:0
DA:12,0
DA:96,0
DA:97,0
DA:161,0
DA:162,0
DA:163,0
LF:6
LH:0
BRF:0
BRH:0
end_of_record
TN:
SF:app/domains/question-bank/api/routes/subtopicRoutes.ts
FNF:0
FNH:0
DA:10,0
DA:75,0
DA:76,0
DA:111,0
DA:112,0
LF:5
LH:0
BRF:0
BRH:0
end_of_record
TN:
SF:app/domains/question-bank/api/routes/topicRoutes.ts
FNF:0
FNH:0
DA:13,0
DA:77,0
DA:78,0
DA:107,0
DA:128,0
DA:189,0
DA:190,0
DA:191,0
LF:8
LH:0
BRF:0
BRH:0
end_of_record
TN:
SF:app/domains/question-bank/application/commands/CreateQuestionCommand.ts
FN:15,(anonymous_0)
FN:19,(anonymous_1)
FNF:2
FNH:0
FNDA:0,(anonymous_0)
FNDA:0,(anonymous_1)
DA:15,0
DA:16,0
DA:22,0
DA:23,0
LF:4
LH:0
BRF:0
BRH:0
end_of_record
TN:
SF:app/domains/question-bank/application/commands/CreateQuestionTypeCommand.ts
FN:14,(anonymous_0)
FN:18,(anonymous_1)
FNF:2
FNH:0
FNDA:0,(anonymous_0)
FNDA:0,(anonymous_1)
DA:14,0
DA:15,0
DA:21,0
DA:22,0
LF:4
LH:0
BRF:0
BRH:0
end_of_record
TN:
SF:app/domains/question-bank/application/commands/CreateSubjectCommand.ts
FN:9,(anonymous_0)
FN:12,(anonymous_1)
FNF:2
FNH:0
FNDA:0,(anonymous_0)
FNDA:0,(anonymous_1)
DA:9,0
DA:10,0
DA:13,0
DA:14,0
LF:4
LH:0
BRF:0
BRH:0
end_of_record
TN:
SF:app/domains/question-bank/application/commands/CreateSubjectTopicCommand.ts
FN:11,(anonymous_0)
FN:14,(anonymous_1)
FNF:2
FNH:0
FNDA:0,(anonymous_0)
FNDA:0,(anonymous_1)
DA:11,0
DA:12,0
DA:15,0
DA:16,0
LF:4
LH:0
BRF:0
BRH:0
end_of_record
TN:
SF:app/domains/question-bank/application/commands/CreateSubtopicCommand.ts
FN:7,(anonymous_0)
FN:10,(anonymous_1)
FNF:2
FNH:0
FNDA:0,(anonymous_0)
FNDA:0,(anonymous_1)
DA:7,0
DA:8,0
DA:11,0
DA:12,0
LF:4
LH:0
BRF:0
BRH:0
end_of_record
TN:
SF:app/domains/question-bank/application/commands/CreateTopicCommand.ts
FN:10,(anonymous_0)
FN:13,(anonymous_1)
FNF:2
FNH:0
FNDA:0,(anonymous_0)
FNDA:0,(anonymous_1)
DA:10,0
DA:11,0
DA:14,0
DA:15,0
LF:4
LH:0
BRF:0
BRH:0
end_of_record
TN:
SF:app/domains/question-bank/application/commands/DeleteQuestionCommand.ts
FN:10,(anonymous_0)
FN:14,(anonymous_1)
FNF:2
FNH:0
FNDA:0,(anonymous_0)
FNDA:0,(anonymous_1)
DA:10,0
DA:11,0
DA:15,0
LF:3
LH:0
BRF:0
BRH:0
end_of_record
TN:
SF:app/domains/question-bank/application/commands/DeleteQuestionTypeCommand.ts
FN:11,(anonymous_0)
FN:15,(anonymous_1)
FNF:2
FNH:0
FNDA:0,(anonymous_0)
FNDA:0,(anonymous_1)
DA:11,0
DA:12,0
DA:16,0
DA:17,0
DA:18,0
LF:5
LH:0
BRDA:17,0,0,0
BRDA:17,0,1,0
BRF:2
BRH:0
end_of_record
TN:
SF:app/domains/question-bank/application/commands/DeleteSubjectCommand.ts
FN:7,(anonymous_0)
FN:10,(anonymous_1)
FNF:2
FNH:0
FNDA:0,(anonymous_0)
FNDA:0,(anonymous_1)
DA:7,0
DA:8,0
DA:11,0
DA:12,0
LF:4
LH:0
BRDA:12,0,0,0
BRDA:12,0,1,0
BRF:2
BRH:0
end_of_record
TN:
SF:app/domains/question-bank/application/commands/DeleteSubjectTopicCommand.ts
FN:7,(anonymous_0)
FN:10,(anonymous_1)
FNF:2
FNH:0
FNDA:0,(anonymous_0)
FNDA:0,(anonymous_1)
DA:7,0
DA:8,0
DA:11,0
DA:12,0
LF:4
LH:0
BRDA:12,0,0,0
BRDA:12,0,1,0
BRF:2
BRH:0
end_of_record
TN:
SF:app/domains/question-bank/application/commands/DeleteSubtopicCommand.ts
FN:7,(anonymous_0)
FN:10,(anonymous_1)
FNF:2
FNH:0
FNDA:0,(anonymous_0)
FNDA:0,(anonymous_1)
DA:7,0
DA:8,0
DA:11,0
DA:12,0
LF:4
LH:0
BRDA:12,0,0,0
BRDA:12,0,1,0
BRF:2
BRH:0
end_of_record
TN:
SF:app/domains/question-bank/application/commands/DeleteTopicCommand.ts
FN:7,(anonymous_0)
FN:10,(anonymous_1)
FNF:2
FNH:0
FNDA:0,(anonymous_0)
FNDA:0,(anonymous_1)
DA:7,0
DA:8,0
DA:11,0
DA:12,0
LF:4
LH:0
BRDA:12,0,0,0
BRDA:12,0,1,0
BRF:2
BRH:0
end_of_record
TN:
SF:app/domains/question-bank/application/commands/UpdateQuestionCommand.ts
FN:16,(anonymous_0)
FN:20,(anonymous_1)
FNF:2
FNH:0
FNDA:0,(anonymous_0)
FNDA:0,(anonymous_1)
DA:16,0
DA:17,0
DA:23,0
DA:24,0
LF:4
LH:0
BRF:0
BRH:0
end_of_record
TN:
SF:app/domains/question-bank/application/commands/UpdateQuestionTypeCommand.ts
FN:20,(anonymous_0)
FN:24,(anonymous_1)
FNF:2
FNH:0
FNDA:0,(anonymous_0)
FNDA:0,(anonymous_1)
DA:20,0
DA:21,0
DA:27,0
DA:28,0
DA:29,0
DA:31,0
LF:6
LH:0
BRDA:28,0,0,0
BRDA:28,0,1,0
BRF:2
BRH:0
end_of_record
TN:
SF:app/domains/question-bank/application/commands/UpdateSubjectCommand.ts
FN:13,(anonymous_0)
FN:16,(anonymous_1)
FNF:2
FNH:0
FNDA:0,(anonymous_0)
FNDA:0,(anonymous_1)
DA:13,0
DA:14,0
DA:17,0
DA:18,0
DA:19,0
LF:5
LH:0
BRDA:18,0,0,0
BRDA:18,0,1,0
BRF:2
BRH:0
end_of_record
TN:
SF:app/domains/question-bank/application/commands/UpdateTopicCommand.ts
FN:9,(anonymous_0)
FN:12,(anonymous_1)
FNF:2
FNH:0
FNDA:0,(anonymous_0)
FNDA:0,(anonymous_1)
DA:9,0
DA:10,0
DA:13,0
DA:14,0
DA:15,0
LF:5
LH:0
BRDA:14,0,0,0
BRDA:14,0,1,0
BRF:2
BRH:0
end_of_record
TN:
SF:app/domains/question-bank/application/queries/GetQuestionByIdQuery.ts
FN:13,(anonymous_0)
FN:17,(anonymous_1)
FNF:2
FNH:0
FNDA:0,(anonymous_0)
FNDA:0,(anonymous_1)
DA:13,0
DA:14,0
DA:20,0
DA:21,0
DA:22,0
DA:24,0
LF:6
LH:0
BRDA:21,0,0,0
BRDA:21,0,1,0
BRF:2
BRH:0
end_of_record
TN:
SF:app/domains/question-bank/application/queries/GetQuestionTypeByIdQuery.ts
FN:12,(anonymous_0)
FN:16,(anonymous_1)
FNF:2
FNH:0
FNDA:0,(anonymous_0)
FNDA:0,(anonymous_1)
DA:12,0
DA:13,0
DA:19,0
DA:20,0
DA:21,0
LF:5
LH:0
BRDA:20,0,0,0
BRDA:20,0,1,0
BRF:2
BRH:0
end_of_record
TN:
SF:app/domains/question-bank/application/queries/GetSubjectByIdQuery.ts
FN:11,(anonymous_0)
FN:15,(anonymous_1)
FNF:2
FNH:0
FNDA:0,(anonymous_0)
FNDA:0,(anonymous_1)
DA:11,0
DA:12,0
DA:18,0
DA:19,0
DA:20,0
LF:5
LH:0
BRDA:19,0,0,0
BRDA:19,0,1,0
BRF:2
BRH:0
end_of_record
TN:
SF:app/domains/question-bank/application/queries/GetSubtopicByIdQuery.ts
FN:9,(anonymous_0)
FN:12,(anonymous_1)
FNF:2
FNH:0
FNDA:0,(anonymous_0)
FNDA:0,(anonymous_1)
DA:9,0
DA:10,0
DA:13,0
DA:14,0
DA:15,0
LF:5
LH:0
BRDA:14,0,0,0
BRDA:14,0,1,0
BRF:2
BRH:0
end_of_record
TN:
SF:app/domains/question-bank/application/queries/GetTopicByIdQuery.ts
FN:9,(anonymous_0)
FN:12,(anonymous_1)
FNF:2
FNH:0
FNDA:0,(anonymous_0)
FNDA:0,(anonymous_1)
DA:9,0
DA:10,0
DA:13,0
DA:14,0
DA:15,0
LF:5
LH:0
BRDA:14,0,0,0
BRDA:14,0,1,0
BRF:2
BRH:0
end_of_record
TN:
SF:app/domains/question-bank/application/queries/ListQuestionTypesQuery.ts
FN:11,(anonymous_0)
FN:15,(anonymous_1)
FNF:2
FNH:0
FNDA:0,(anonymous_0)
FNDA:0,(anonymous_1)
DA:11,0
DA:12,0
DA:18,0
DA:19,0
DA:20,0
DA:21,0
LF:6
LH:0
BRDA:18,0,0,0
BRDA:18,0,1,0
BRDA:19,1,0,0
BRDA:19,1,1,0
BRF:4
BRH:0
end_of_record
TN:
SF:app/domains/question-bank/application/queries/ListQuestionsQuery.ts
FN:12,(anonymous_0)
FN:16,(anonymous_1)
FNF:2
FNH:0
FNDA:0,(anonymous_0)
FNDA:0,(anonymous_1)
DA:12,0
DA:13,0
DA:19,0
DA:20,0
DA:21,0
DA:22,0
LF:6
LH:0
BRDA:19,0,0,0
BRDA:19,0,1,0
BRDA:20,1,0,0
BRDA:20,1,1,0
BRF:4
BRH:0
end_of_record
TN:
SF:app/domains/question-bank/application/queries/ListSubjectsQuery.ts
FN:7,(anonymous_0)
FN:11,(anonymous_1)
FNF:2
FNH:0
FNDA:0,(anonymous_0)
FNDA:0,(anonymous_1)
DA:7,0
DA:8,0
DA:14,0
DA:15,0
DA:17,0
DA:18,0
LF:6
LH:0
BRDA:14,0,0,0
BRDA:14,0,1,0
BRDA:15,1,0,0
BRDA:15,1,1,0
BRF:4
BRH:0
end_of_record
TN:
SF:app/domains/question-bank/application/queries/ListSubtopicsQuery.ts
FN:7,(anonymous_0)
FN:10,(anonymous_1)
FNF:2
FNH:0
FNDA:0,(anonymous_0)
FNDA:0,(anonymous_1)
DA:7,0
DA:8,0
DA:11,0
DA:12,0
DA:13,0
DA:14,0
LF:6
LH:0
BRDA:11,0,0,0
BRDA:11,0,1,0
BRDA:12,1,0,0
BRDA:12,1,1,0
BRF:4
BRH:0
end_of_record
TN:
SF:app/domains/question-bank/application/queries/ListTopicsQuery.ts
FN:7,(anonymous_0)
FN:10,(anonymous_1)
FNF:2
FNH:0
FNDA:0,(anonymous_0)
FNDA:0,(anonymous_1)
DA:7,0
DA:8,0
DA:11,0
DA:12,0
DA:13,0
DA:14,0
LF:6
LH:0
BRDA:11,0,0,0
BRDA:11,0,1,0
BRDA:12,1,0,0
BRDA:12,1,1,0
BRF:4
BRH:0
end_of_record
TN:
SF:app/domains/question-bank/domain/ports/IQuestionRepository.ts
FNF:0
FNH:0
LF:0
LH:0
BRF:0
BRH:0
end_of_record
TN:
SF:app/domains/question-bank/domain/ports/IQuestionTypeRepository.ts
FNF:0
FNH:0
LF:0
LH:0
BRF:0
BRH:0
end_of_record
TN:
SF:app/domains/question-bank/domain/ports/ISubjectRepository.ts
FNF:0
FNH:0
LF:0
LH:0
BRF:0
BRH:0
end_of_record
TN:
SF:app/domains/question-bank/domain/ports/ISubtopicRepository.ts
FNF:0
FNH:0
LF:0
LH:0
BRF:0
BRH:0
end_of_record
TN:
SF:app/domains/question-bank/domain/ports/ITopicRepository.ts
FNF:0
FNH:0
LF:0
LH:0
BRF:0
BRH:0
end_of_record
TN:
SF:app/domains/question-bank/domain/services/questionService.ts
FN:47,(anonymous_0)
FN:54,(anonymous_1)
FN:60,(anonymous_2)
FN:72,(anonymous_3)
FN:83,(anonymous_4)
FN:84,(anonymous_5)
FN:87,(anonymous_6)
FN:89,(anonymous_7)
FN:90,(anonymous_8)
FN:93,(anonymous_9)
FN:109,(anonymous_10)
FN:120,(anonymous_11)
FN:130,(anonymous_12)
FN:145,(anonymous_13)
FN:146,(anonymous_14)
FN:159,(anonymous_15)
FN:172,(anonymous_16)
FN:180,(anonymous_17)
FN:189,(anonymous_18)
FN:196,(anonymous_19)
FN:219,(anonymous_20)
FN:252,(anonymous_21)
FN:305,(anonymous_22)
FN:337,(anonymous_23)
FN:350,(anonymous_24)
FN:470,(anonymous_25)
FNF:26
FNH:24
FNDA:29,(anonymous_0)
FNDA:13,(anonymous_1)
FNDA:7,(anonymous_2)
FNDA:6,(anonymous_3)
FNDA:5,(anonymous_4)
FNDA:5,(anonymous_5)
FNDA:6,(anonymous_6)
FNDA:5,(anonymous_7)
FNDA:5,(anonymous_8)
FNDA:3,(anonymous_9)
FNDA:1,(anonymous_10)
FNDA:2,(anonymous_11)
FNDA:2,(anonymous_12)
FNDA:0,(anonymous_13)
FNDA:0,(anonymous_14)
FNDA:2,(anonymous_15)
FNDA:2,(anonymous_16)
FNDA:2,(anonymous_17)
FNDA:2,(anonymous_18)
FNDA:11,(anonymous_19)
FNDA:6,(anonymous_20)
FNDA:6,(anonymous_21)
FNDA:3,(anonymous_22)
FNDA:3,(anonymous_23)
FNDA:5,(anonymous_24)
FNDA:3,(anonymous_25)
DA:48,29
DA:49,29
DA:50,29
DA:51,29
DA:55,13
DA:61,7
DA:62,7
DA:63,1
DA:68,6
DA:69,6
DA:76,6
DA:77,6
DA:78,1
DA:80,5
DA:82,5
DA:83,5
DA:84,5
DA:88,6
DA:89,6
DA:90,6
DA:97,3
DA:99,3
DA:100,2
DA:101,2
DA:102,1
DA:108,1
DA:109,1
DA:110,1
DA:111,1
DA:117,0
DA:125,2
DA:128,2
DA:129,2
DA:130,2
DA:132,2
DA:133,1
DA:139,1
DA:142,1
DA:143,1
DA:144,0
DA:145,0
DA:146,0
DA:149,1
DA:150,0
DA:156,1
DA:163,2
DA:164,2
DA:165,2
DA:167,1
DA:170,1
DA:172,1
DA:173,2
DA:174,2
DA:177,1
DA:179,1
DA:180,1
DA:181,2
DA:182,2
DA:184,1
DA:190,2
DA:191,2
DA:202,11
DA:203,1
DA:204,1
DA:209,0
DA:212,10
DA:213,6
DA:214,1
DA:219,6
DA:220,5
DA:221,1
DA:227,4
DA:230,4
DA:231,4
DA:232,1
DA:237,3
DA:238,3
DA:239,3
DA:240,1
DA:256,6
DA:257,6
DA:259,6
DA:261,6
DA:267,3
DA:271,3
DA:272,1
DA:279,2
DA:280,2
DA:281,1
DA:285,1
DA:289,1
DA:291,1
DA:301,6
DA:302,1
DA:309,3
DA:313,3
DA:315,2
DA:316,1
DA:319,1
DA:320,3
DA:321,3
DA:333,3
DA:334,1
DA:338,3
DA:339,3
DA:340,2
DA:341,2
DA:342,1
DA:347,1
DA:355,5
DA:356,5
DA:358,5
DA:359,5
DA:360,1
DA:363,4
DA:365,4
DA:368,4
DA:369,5
DA:370,5
DA:371,5
DA:373,5
DA:375,5
DA:380,5
DA:381,1
DA:386,1
DA:387,0
DA:394,1
DA:397,1
DA:398,1
DA:399,0
DA:403,1
DA:407,1
DA:410,1
DA:420,1
DA:422,1
DA:423,1
DA:427,3
DA:432,3
DA:433,1
DA:440,2
DA:441,2
DA:442,0
DA:446,2
DA:450,2
DA:452,2
DA:461,5
DA:462,2
DA:463,1
DA:467,1
DA:471,3
DA:472,3
DA:474,3
DA:475,3
DA:476,1
DA:479,2
DA:481,2
DA:482,2
DA:483,1
DA:485,1
LF:159
LH:150
BRDA:62,0,0,1
BRDA:62,0,1,6
BRDA:77,1,0,1
BRDA:77,1,1,5
BRDA:101,2,0,1
BRDA:101,2,1,1
BRDA:110,3,0,1
BRDA:110,3,1,0
BRDA:132,4,0,1
BRDA:132,4,1,1
BRDA:143,5,0,0
BRDA:143,5,1,1
BRDA:149,6,0,0
BRDA:149,6,1,1
BRDA:149,7,0,1
BRDA:149,7,1,0
BRDA:165,8,0,1
BRDA:165,8,1,1
BRDA:170,9,0,0
BRDA:170,9,1,1
BRDA:177,10,0,0
BRDA:177,10,1,1
BRDA:202,11,0,1
BRDA:202,11,1,10
BRDA:203,12,0,1
BRDA:203,12,1,0
BRDA:203,13,0,1
BRDA:203,13,1,1
BRDA:212,14,0,6
BRDA:212,14,1,4
BRDA:213,15,0,1
BRDA:213,15,1,5
BRDA:213,16,0,6
BRDA:213,16,1,6
BRDA:220,17,0,1
BRDA:220,17,1,4
BRDA:230,18,0,4
BRDA:230,18,1,0
BRDA:231,19,0,1
BRDA:231,19,1,3
BRDA:231,20,0,4
BRDA:231,20,1,4
BRDA:237,21,0,3
BRDA:237,21,1,0
BRDA:237,22,0,3
BRDA:237,22,1,3
BRDA:239,23,0,1
BRDA:239,23,1,2
BRDA:239,24,0,3
BRDA:239,24,1,2
BRDA:271,25,0,1
BRDA:271,25,1,2
BRDA:280,26,0,1
BRDA:280,26,1,1
BRDA:297,27,0,1
BRDA:297,27,1,0
BRDA:298,28,0,6
BRDA:298,28,1,1
BRDA:313,29,0,1
BRDA:313,29,1,2
BRDA:315,30,0,1
BRDA:315,30,1,1
BRDA:315,31,0,2
BRDA:315,31,1,1
BRDA:319,32,0,1
BRDA:319,32,1,0
BRDA:320,33,0,3
BRDA:320,33,1,0
BRDA:327,34,0,0
BRDA:327,34,1,1
BRDA:339,35,0,1
BRDA:339,35,1,2
BRDA:341,36,0,1
BRDA:341,36,1,1
BRDA:359,37,0,1
BRDA:359,37,1,4
BRDA:368,38,0,4
BRDA:368,38,1,0
BRDA:369,39,0,5
BRDA:369,39,1,3
BRDA:370,40,0,5
BRDA:370,40,1,4
BRDA:371,41,0,5
BRDA:371,41,1,4
BRDA:373,42,0,0
BRDA:373,42,1,4
BRDA:373,43,0,5
BRDA:373,43,1,0
BRDA:375,44,0,0
BRDA:375,44,1,4
BRDA:375,45,0,5
BRDA:375,45,1,0
BRDA:380,46,0,1
BRDA:380,46,1,4
BRDA:386,47,0,0
BRDA:386,47,1,1
BRDA:398,48,0,0
BRDA:398,48,1,1
BRDA:416,49,0,1
BRDA:416,49,1,0
BRDA:417,50,0,1
BRDA:417,50,1,1
BRDA:432,51,0,1
BRDA:432,51,1,2
BRDA:441,52,0,0
BRDA:441,52,1,2
BRDA:456,53,0,2
BRDA:456,53,1,0
BRDA:462,54,0,1
BRDA:462,54,1,1
BRDA:475,55,0,1
BRDA:475,55,1,2
BRDA:482,56,0,1
BRDA:482,56,1,1
BRF:114
BRH:91
end_of_record
TN:
SF:app/domains/question-bank/domain/services/questionTypeService.ts
FN:23,(anonymous_0)
FN:28,(anonymous_1)
FN:41,(anonymous_2)
FN:60,(anonymous_3)
FN:82,(anonymous_4)
FN:86,(anonymous_5)
FNF:6
FNH:0
FNDA:0,(anonymous_0)
FNDA:0,(anonymous_1)
FNDA:0,(anonymous_2)
FNDA:0,(anonymous_3)
FNDA:0,(anonymous_4)
FNDA:0,(anonymous_5)
DA:24,0
DA:25,0
DA:29,0
DA:31,0
DA:32,0
DA:33,0
DA:36,0
DA:37,0
DA:38,0
DA:44,0
DA:45,0
DA:46,0
DA:48,0
DA:56,0
DA:57,0
DA:64,0
DA:65,0
DA:67,0
DA:69,0
DA:70,0
DA:71,0
DA:72,0
DA:73,0
DA:76,0
DA:79,0
DA:83,0
DA:87,0
LF:27
LH:0
BRDA:32,0,0,0
BRDA:32,0,1,0
BRDA:44,1,0,0
BRDA:44,1,1,0
BRDA:45,2,0,0
BRDA:45,2,1,0
BRDA:65,3,0,0
BRDA:65,3,1,0
BRDA:69,4,0,0
BRDA:69,4,1,0
BRDA:70,5,0,0
BRDA:70,5,1,0
BRDA:72,6,0,0
BRDA:72,6,1,0
BRF:14
BRH:0
end_of_record
TN:
SF:app/domains/question-bank/domain/services/subjectService.ts
FN:15,(anonymous_0)
FN:19,(anonymous_1)
FN:23,(anonymous_2)
FN:35,(anonymous_3)
FN:43,(anonymous_4)
FN:66,(anonymous_5)
FN:89,(anonymous_6)
FN:93,(anonymous_7)
FN:96,(anonymous_8)
FNF:9
FNH:0
FNDA:0,(anonymous_0)
FNDA:0,(anonymous_1)
FNDA:0,(anonymous_2)
FNDA:0,(anonymous_3)
FNDA:0,(anonymous_4)
FNDA:0,(anonymous_5)
FNDA:0,(anonymous_6)
FNDA:0,(anonymous_7)
FNDA:0,(anonymous_8)
DA:16,0
DA:20,0
DA:24,0
DA:25,0
DA:26,0
DA:27,0
DA:28,0
DA:29,0
DA:30,0
DA:31,0
DA:32,0
DA:36,0
DA:37,0
DA:38,0
DA:39,0
DA:40,0
DA:46,0
DA:47,0
DA:49,0
DA:63,0
DA:64,0
DA:70,0
DA:71,0
DA:72,0
DA:73,0
DA:74,0
DA:75,0
DA:76,0
DA:77,0
DA:79,0
DA:81,0
DA:82,0
DA:83,0
DA:84,0
DA:85,0
DA:86,0
DA:90,0
DA:94,0
DA:97,0
LF:39
LH:0
BRDA:27,0,0,0
BRDA:27,0,1,0
BRDA:31,1,0,0
BRDA:31,1,1,0
BRDA:36,2,0,0
BRDA:36,2,1,0
BRDA:37,3,0,0
BRDA:37,3,1,0
BRDA:46,4,0,0
BRDA:46,4,1,0
BRDA:47,5,0,0
BRDA:47,5,1,0
BRDA:58,6,0,0
BRDA:58,6,1,0
BRDA:59,7,0,0
BRDA:59,7,1,0
BRDA:71,8,0,0
BRDA:71,8,1,0
BRDA:73,9,0,0
BRDA:73,9,1,0
BRDA:75,10,0,0
BRDA:75,10,1,0
BRDA:77,11,0,0
BRDA:77,11,1,0
BRDA:81,12,0,0
BRDA:81,12,1,0
BRDA:83,13,0,0
BRDA:83,13,1,0
BRDA:85,14,0,0
BRDA:85,14,1,0
BRF:30
BRH:0
end_of_record
TN:
SF:app/domains/question-bank/domain/services/subtopicService.ts
FN:12,(anonymous_0)
FN:14,(anonymous_1)
FN:18,(anonymous_2)
FN:35,(anonymous_3)
FN:49,(anonymous_4)
FN:53,(anonymous_5)
FNF:6
FNH:0
FNDA:0,(anonymous_0)
FNDA:0,(anonymous_1)
FNDA:0,(anonymous_2)
FNDA:0,(anonymous_3)
FNDA:0,(anonymous_4)
FNDA:0,(anonymous_5)
DA:12,0
DA:15,0
DA:19,0
DA:21,0
DA:22,0
DA:24,0
DA:25,0
DA:26,0
DA:28,0
DA:32,0
DA:38,0
DA:39,0
DA:40,0
DA:45,0
DA:46,0
DA:50,0
DA:54,0
LF:17
LH:0
BRDA:22,0,0,0
BRDA:22,0,1,0
BRDA:26,1,0,0
BRDA:26,1,1,0
BRDA:38,2,0,0
BRDA:38,2,1,0
BRDA:39,3,0,0
BRDA:39,3,1,0
BRF:8
BRH:0
end_of_record
TN:
SF:app/domains/question-bank/domain/services/topicService.ts
FN:25,(anonymous_0)
FN:31,(anonymous_1)
FN:35,(anonymous_2)
FN:46,(anonymous_3)
FN:57,(anonymous_4)
FN:69,(anonymous_5)
FN:96,(anonymous_6)
FN:100,(anonymous_7)
FN:103,(anonymous_8)
FNF:9
FNH:0
FNDA:0,(anonymous_0)
FNDA:0,(anonymous_1)
FNDA:0,(anonymous_2)
FNDA:0,(anonymous_3)
FNDA:0,(anonymous_4)
FNDA:0,(anonymous_5)
FNDA:0,(anonymous_6)
FNDA:0,(anonymous_7)
FNDA:0,(anonymous_8)
DA:26,0
DA:27,0
DA:28,0
DA:32,0
DA:36,0
DA:37,0
DA:38,0
DA:40,0
DA:43,0
DA:47,0
DA:50,0
DA:51,0
DA:52,0
DA:54,0
DA:58,0
DA:59,0
DA:60,0
DA:65,0
DA:66,0
DA:70,0
DA:71,0
DA:72,0
DA:75,0
DA:76,0
DA:77,0
DA:80,0
DA:81,0
DA:82,0
DA:87,0
DA:89,0
DA:90,0
DA:91,0
DA:93,0
DA:97,0
DA:101,0
DA:104,0
LF:36
LH:0
BRDA:38,0,0,0
BRDA:38,0,1,0
BRDA:48,1,0,0
BRDA:48,1,1,0
BRDA:50,2,0,0
BRDA:50,2,1,0
BRDA:52,3,0,0
BRDA:52,3,1,0
BRDA:58,4,0,0
BRDA:58,4,1,0
BRDA:59,5,0,0
BRDA:59,5,1,0
BRDA:71,6,0,0
BRDA:71,6,1,0
BRDA:76,7,0,0
BRDA:76,7,1,0
BRDA:81,8,0,0
BRDA:81,8,1,0
BRDA:90,9,0,0
BRDA:90,9,1,0
BRF:20
BRH:0
end_of_record
TN:
SF:app/domains/question-bank/entities/enums/DifficultyLevels.ts
FN:1,(anonymous_0)
FNF:1
FNH:1
FNDA:1,(anonymous_0)
DA:1,1
DA:2,1
DA:3,1
DA:4,1
LF:4
LH:4
BRDA:1,0,0,1
BRDA:1,0,1,1
BRF:2
BRH:2
end_of_record
TN:
SF:app/domains/question-bank/entities/enums/QuestionType.ts
FN:1,(anonymous_0)
FNF:1
FNH:1
FNDA:1,(anonymous_0)
DA:1,1
DA:2,1
DA:3,1
DA:4,1
LF:4
LH:4
BRDA:1,0,0,1
BRDA:1,0,1,1
BRF:2
BRH:2
end_of_record
TN:
SF:app/domains/question-bank/schemas/questionSchema.ts
FN:48,(anonymous_0)
FN:61,(anonymous_1)
FN:66,(anonymous_2)
FN:81,(anonymous_3)
FN:87,(anonymous_4)
FN:93,(anonymous_5)
FN:105,(anonymous_6)
FN:144,(anonymous_7)
FNF:8
FNH:0
FNDA:0,(anonymous_0)
FNDA:0,(anonymous_1)
FNDA:0,(anonymous_2)
FNDA:0,(anonymous_3)
FNDA:0,(anonymous_4)
FNDA:0,(anonymous_5)
FNDA:0,(anonymous_6)
FNDA:0,(anonymous_7)
DA:6,0
DA:15,0
DA:44,0
DA:48,0
DA:54,0
DA:61,0
DA:66,0
DA:74,0
DA:81,0
DA:87,0
DA:93,0
DA:101,0
DA:105,0
DA:121,0
DA:133,0
DA:144,0
LF:16
LH:0
BRF:0
BRH:0
end_of_record
TN:
SF:app/domains/question-bank/schemas/questionTypeSchema.ts
FN:24,(anonymous_0)
FN:40,(anonymous_1)
FNF:2
FNH:0
FNDA:0,(anonymous_0)
FNDA:0,(anonymous_1)
DA:6,0
DA:13,0
DA:19,0
DA:24,0
DA:29,0
DA:35,0
DA:40,0
DA:45,0
DA:53,0
LF:9
LH:0
BRF:0
BRH:0
end_of_record
TN:
SF:app/domains/question-bank/schemas/subjectSchema.ts
FN:15,(anonymous_0)
FN:19,(anonymous_1)
FN:28,(anonymous_2)
FN:33,(anonymous_3)
FN:38,(anonymous_4)
FN:58,(anonymous_5)
FN:75,(anonymous_6)
FN:80,(anonymous_7)
FN:85,(anonymous_8)
FNF:9
FNH:0
FNDA:0,(anonymous_0)
FNDA:0,(anonymous_1)
FNDA:0,(anonymous_2)
FNDA:0,(anonymous_3)
FNDA:0,(anonymous_4)
FNDA:0,(anonymous_5)
FNDA:0,(anonymous_6)
FNDA:0,(anonymous_7)
FNDA:0,(anonymous_8)
DA:4,0
DA:11,0
DA:15,0
DA:19,0
DA:24,0
DA:28,0
DA:33,0
DA:38,0
DA:41,0
DA:50,0
DA:58,0
DA:61,0
DA:71,0
DA:75,0
DA:80,0
DA:85,0
DA:98,0
DA:105,0
DA:116,0
LF:19
LH:0
BRF:0
BRH:0
end_of_record
TN:
SF:app/domains/question-bank/schemas/subjectTopicSchema.ts
FNF:0
FNH:0
DA:3,0
LF:1
LH:0
BRF:0
BRH:0
end_of_record
TN:
SF:app/domains/question-bank/schemas/subtopicSchema.ts
FN:16,(anonymous_0)
FN:37,(anonymous_1)
FNF:2
FNH:0
FNDA:0,(anonymous_0)
FNDA:0,(anonymous_1)
DA:4,0
DA:11,0
DA:16,0
DA:22,0
DA:33,0
DA:37,0
DA:48,0
LF:7
LH:0
BRF:0
BRH:0
end_of_record
TN:
SF:app/domains/question-bank/schemas/topicSchema.ts
FN:40,(anonymous_0)
FN:50,(anonymous_1)
FN:64,(anonymous_2)
FNF:3
FNH:0
FNDA:0,(anonymous_0)
FNDA:0,(anonymous_1)
FNDA:0,(anonymous_2)
DA:4,0
DA:11,0
DA:36,0
DA:40,0
DA:45,0
DA:50,0
DA:60,0
DA:64,0
DA:75,0
DA:81,0
LF:10
LH:0
BRF:0
BRH:0
end_of_record
TN:
SF:app/domains/user/main.ts
FNF:0
FNH:0
DA:9,0
DA:12,0
DA:15,0
DA:16,0
DA:17,0
DA:18,0
LF:6
LH:0
BRF:0
BRH:0
end_of_record
TN:
SF:app/domains/user/api/controllers/loginController.ts
FN:8,login
FNF:1
FNH:0
FNDA:0,login
DA:9,0
DA:10,0
DA:11,0
DA:13,0
LF:4
LH:0
BRF:0
BRH:0
end_of_record
TN:
SF:app/domains/user/api/controllers/studentController.ts
FN:17,listStudent
FN:27,getStudentById
FN:37,createStudent
FN:47,updateStudent
FN:58,deleteStudent
FNF:5
FNH:0
FNDA:0,listStudent
FNDA:0,getStudentById
FNDA:0,createStudent
FNDA:0,updateStudent
FNDA:0,deleteStudent
DA:18,0
DA:19,0
DA:20,0
DA:21,0
DA:23,0
DA:28,0
DA:29,0
DA:30,0
DA:31,0
DA:33,0
DA:38,0
DA:39,0
DA:40,0
DA:41,0
DA:43,0
DA:48,0
DA:49,0
DA:50,0
DA:51,0
DA:52,0
DA:54,0
DA:59,0
DA:60,0
DA:61,0
DA:62,0
DA:64,0
LF:26
LH:0
BRF:0
BRH:0
end_of_record
TN:
SF:app/domains/user/api/controllers/teacherController.ts
FN:17,listTeachers
FN:27,getTeacherById
FN:37,createTeacher
FN:47,updateTeacher
FN:58,deleteTeacher
FNF:5
FNH:0
FNDA:0,listTeachers
FNDA:0,getTeacherById
FNDA:0,createTeacher
FNDA:0,updateTeacher
FNDA:0,deleteTeacher
DA:18,0
DA:19,0
DA:20,0
DA:21,0
DA:23,0
DA:28,0
DA:29,0
DA:30,0
DA:31,0
DA:33,0
DA:38,0
DA:39,0
DA:40,0
DA:41,0
DA:43,0
DA:48,0
DA:49,0
DA:50,0
DA:51,0
DA:52,0
DA:54,0
DA:59,0
DA:60,0
DA:61,0
DA:62,0
DA:64,0
LF:26
LH:0
BRF:0
BRH:0
end_of_record
TN:
SF:app/domains/user/api/controllers/userController.ts
FN:20,listUsers
FN:30,getUserById
FN:40,createUser
FN:50,updateUser
FN:61,deleteUser
FN:71,getCurrentUser
FNF:6
FNH:0
FNDA:0,listUsers
FNDA:0,getUserById
FNDA:0,createUser
FNDA:0,updateUser
FNDA:0,deleteUser
FNDA:0,getCurrentUser
DA:21,0
DA:22,0
DA:23,0
DA:24,0
DA:26,0
DA:31,0
DA:32,0
DA:33,0
DA:34,0
DA:36,0
DA:41,0
DA:42,0
DA:43,0
DA:44,0
DA:46,0
DA:51,0
DA:52,0
DA:53,0
DA:54,0
DA:55,0
DA:57,0
DA:62,0
DA:63,0
DA:64,0
DA:65,0
DA:67,0
DA:72,0
DA:73,0
DA:75,0
DA:76,0
DA:82,0
DA:83,0
DA:85,0
LF:33
LH:0
BRDA:75,0,0,0
BRDA:75,0,1,0
BRF:2
BRH:0
end_of_record
TN:
SF:app/domains/user/api/routes/loginRoutes.ts
FNF:0
FNH:0
DA:7,0
DA:33,0
LF:2
LH:0
BRF:0
BRH:0
end_of_record
TN:
SF:app/domains/user/api/routes/studentRoutes.ts
FNF:0
FNH:0
DA:11,0
DA:80,0
DA:81,0
DA:144,0
DA:145,0
DA:146,0
LF:6
LH:0
BRF:0
BRH:0
end_of_record
TN:
SF:app/domains/user/api/routes/teacherRoutes.ts
FNF:0
FNH:0
DA:11,0
DA:87,0
DA:88,0
DA:151,0
DA:152,0
DA:153,0
LF:6
LH:0
BRF:0
BRH:0
end_of_record
TN:
SF:app/domains/user/api/routes/userRoutes.ts
FNF:0
FNH:0
DA:12,0
DA:74,0
DA:75,0
DA:92,0
DA:155,0
DA:156,0
DA:157,0
LF:7
LH:0
BRF:0
BRH:0
end_of_record
TN:
SF:app/domains/user/application/commands/createStudentCommand.ts
FN:19,(anonymous_0)
FN:23,(anonymous_1)
FN:26,(anonymous_2)
FNF:3
FNH:0
FNDA:0,(anonymous_0)
FNDA:0,(anonymous_1)
FNDA:0,(anonymous_2)
DA:19,0
DA:20,0
DA:26,0
DA:27,0
DA:33,0
DA:39,0
DA:41,0
LF:7
LH:0
BRF:0
BRH:0
end_of_record
TN:
SF:app/domains/user/application/commands/createTeacherCommand.ts
FN:19,(anonymous_0)
FN:23,(anonymous_1)
FN:26,(anonymous_2)
FNF:3
FNH:0
FNDA:0,(anonymous_0)
FNDA:0,(anonymous_1)
FNDA:0,(anonymous_2)
DA:19,0
DA:20,0
DA:26,0
DA:27,0
DA:35,0
DA:36,0
DA:38,0
DA:47,0
LF:8
LH:0
BRDA:35,0,0,0
BRDA:35,0,1,0
BRDA:36,1,0,0
BRDA:36,1,1,0
BRDA:43,2,0,0
BRDA:43,2,1,0
BRDA:44,3,0,0
BRDA:44,3,1,0
BRF:8
BRH:0
end_of_record
TN:
SF:app/domains/user/application/commands/createUser.ts
FN:10,(anonymous_0)
FN:14,(anonymous_1)
FNF:2
FNH:0
FNDA:0,(anonymous_0)
FNDA:0,(anonymous_1)
DA:10,0
DA:11,0
DA:17,0
DA:18,0
LF:4
LH:0
BRF:0
BRH:0
end_of_record
TN:
SF:app/domains/user/application/commands/deleteStudentCommand.ts
FN:8,(anonymous_0)
FN:12,(anonymous_1)
FN:13,(anonymous_2)
FNF:3
FNH:0
FNDA:0,(anonymous_0)
FNDA:0,(anonymous_1)
FNDA:0,(anonymous_2)
DA:8,0
DA:9,0
DA:13,0
DA:14,0
DA:15,0
DA:16,0
DA:19,0
DA:20,0
DA:21,0
LF:9
LH:0
BRDA:15,0,0,0
BRDA:15,0,1,0
BRDA:20,1,0,0
BRDA:20,1,1,0
BRF:4
BRH:0
end_of_record
TN:
SF:app/domains/user/application/commands/deleteTeacherCommand.ts
FN:8,(anonymous_0)
FN:12,(anonymous_1)
FN:13,(anonymous_2)
FNF:3
FNH:0
FNDA:0,(anonymous_0)
FNDA:0,(anonymous_1)
FNDA:0,(anonymous_2)
DA:8,0
DA:9,0
DA:13,0
DA:14,0
DA:15,0
DA:16,0
DA:19,0
DA:20,0
DA:21,0
LF:9
LH:0
BRDA:15,0,0,0
BRDA:15,0,1,0
BRDA:20,1,0,0
BRDA:20,1,1,0
BRF:4
BRH:0
end_of_record
TN:
SF:app/domains/user/application/commands/deleteUser.ts
FN:7,(anonymous_0)
FN:11,(anonymous_1)
FNF:2
FNH:0
FNDA:0,(anonymous_0)
FNDA:0,(anonymous_1)
DA:7,0
DA:8,0
DA:12,0
DA:13,0
DA:14,0
LF:5
LH:0
BRDA:13,0,0,0
BRDA:13,0,1,0
BRF:2
BRH:0
end_of_record
TN:
SF:app/domains/user/application/commands/loginCommand.ts
FN:10,(anonymous_0)
FN:14,(anonymous_1)
FNF:2
FNH:0
FNDA:0,(anonymous_0)
FNDA:0,(anonymous_1)
DA:10,0
DA:11,0
DA:17,0
DA:18,0
LF:4
LH:0
BRF:0
BRH:0
end_of_record
TN:
SF:app/domains/user/application/commands/updateStudentCommand.ts
FN:18,(anonymous_0)
FN:22,(anonymous_1)
FN:25,(anonymous_2)
FNF:3
FNH:0
FNDA:0,(anonymous_0)
FNDA:0,(anonymous_1)
FNDA:0,(anonymous_2)
DA:18,0
DA:19,0
DA:25,0
DA:26,0
DA:27,0
DA:28,0
DA:31,0
DA:32,0
DA:33,0
DA:40,0
DA:42,0
DA:43,0
DA:44,0
DA:45,0
DA:47,0
DA:48,0
DA:51,0
DA:52,0
DA:55,0
DA:56,0
DA:58,0
LF:21
LH:0
BRDA:27,0,0,0
BRDA:27,0,1,0
BRDA:32,1,0,0
BRDA:32,1,1,0
BRDA:33,2,0,0
BRDA:33,2,1,0
BRDA:42,3,0,0
BRDA:42,3,1,0
BRDA:43,4,0,0
BRDA:43,4,1,0
BRDA:44,5,0,0
BRDA:44,5,1,0
BRDA:45,6,0,0
BRDA:45,6,1,0
BRDA:47,7,0,0
BRDA:47,7,1,0
BRDA:51,8,0,0
BRDA:51,8,1,0
BRF:18
BRH:0
end_of_record
TN:
SF:app/domains/user/application/commands/updateTeacherCommand.ts
FN:18,(anonymous_0)
FN:22,(anonymous_1)
FN:25,(anonymous_2)
FNF:3
FNH:0
FNDA:0,(anonymous_0)
FNDA:0,(anonymous_1)
FNDA:0,(anonymous_2)
DA:18,0
DA:19,0
DA:25,0
DA:26,0
DA:27,0
DA:28,0
DA:36,0
DA:38,0
DA:39,0
DA:40,0
DA:41,0
DA:43,0
DA:44,0
DA:53,0
DA:55,0
DA:57,0
DA:61,0
DA:62,0
DA:66,0
DA:68,0
DA:69,0
DA:72,0
DA:73,0
DA:75,0
DA:76,0
DA:79,0
DA:80,0
DA:82,0
LF:28
LH:0
BRDA:27,0,0,0
BRDA:27,0,1,0
BRDA:38,1,0,0
BRDA:38,1,1,0
BRDA:39,2,0,0
BRDA:39,2,1,0
BRDA:40,3,0,0
BRDA:40,3,1,0
BRDA:41,4,0,0
BRDA:41,4,1,0
BRDA:43,5,0,0
BRDA:43,5,1,0
BRDA:55,6,0,0
BRDA:55,6,1,0
BRDA:57,7,0,0
BRDA:57,7,1,0
BRDA:58,8,0,0
BRDA:58,8,1,0
BRDA:61,9,0,0
BRDA:61,9,1,0
BRDA:66,10,0,0
BRDA:66,10,1,0
BRDA:67,11,0,0
BRDA:67,11,1,0
BRDA:68,12,0,0
BRDA:68,12,1,0
BRDA:72,13,0,0
BRDA:72,13,1,0
BRDA:75,14,0,0
BRDA:75,14,1,0
BRF:30
BRH:0
end_of_record
TN:
SF:app/domains/user/application/commands/updateUser.ts
FN:13,(anonymous_0)
FN:17,(anonymous_1)
FNF:2
FNH:0
FNDA:0,(anonymous_0)
FNDA:0,(anonymous_1)
DA:13,0
DA:14,0
DA:20,0
DA:21,0
DA:22,0
DA:24,0
LF:6
LH:0
BRDA:21,0,0,0
BRDA:21,0,1,0
BRF:2
BRH:0
end_of_record
TN:
SF:app/domains/user/application/queries/GetStudentByIdQuery.ts
FN:11,(anonymous_0)
FN:15,(anonymous_1)
FNF:2
FNH:0
FNDA:0,(anonymous_0)
FNDA:0,(anonymous_1)
DA:11,0
DA:12,0
DA:18,0
DA:19,0
DA:20,0
DA:22,0
LF:6
LH:0
BRDA:19,0,0,0
BRDA:19,0,1,0
BRF:2
BRH:0
end_of_record
TN:
SF:app/domains/user/application/queries/GetTeacherByIdQuery.ts
FN:11,(anonymous_0)
FN:15,(anonymous_1)
FNF:2
FNH:0
FNDA:0,(anonymous_0)
FNDA:0,(anonymous_1)
DA:11,0
DA:12,0
DA:18,0
DA:19,0
DA:20,0
DA:22,0
LF:6
LH:0
BRDA:19,0,0,0
BRDA:19,0,1,0
BRF:2
BRH:0
end_of_record
TN:
SF:app/domains/user/application/queries/GetUserByIdQuery.ts
FN:8,(anonymous_0)
FN:12,(anonymous_1)
FNF:2
FNH:0
FNDA:0,(anonymous_0)
FNDA:0,(anonymous_1)
DA:8,0
DA:9,0
DA:15,0
DA:16,0
DA:17,0
LF:5
LH:0
BRDA:16,0,0,0
BRDA:16,0,1,0
BRF:2
BRH:0
end_of_record
TN:
SF:app/domains/user/application/queries/ListStudentsQuery.ts
FN:7,(anonymous_0)
FN:11,(anonymous_1)
FNF:2
FNH:0
FNDA:0,(anonymous_0)
FNDA:0,(anonymous_1)
DA:7,0
DA:8,0
DA:14,0
DA:15,0
DA:16,0
DA:17,0
LF:6
LH:0
BRDA:14,0,0,0
BRDA:14,0,1,0
BRDA:15,1,0,0
BRDA:15,1,1,0
BRF:4
BRH:0
end_of_record
TN:
SF:app/domains/user/application/queries/ListTeachersQuery.ts
FN:7,(anonymous_0)
FN:11,(anonymous_1)
FNF:2
FNH:0
FNDA:0,(anonymous_0)
FNDA:0,(anonymous_1)
DA:7,0
DA:8,0
DA:14,0
DA:15,0
DA:16,0
DA:17,0
LF:6
LH:0
BRDA:14,0,0,0
BRDA:14,0,1,0
BRDA:15,1,0,0
BRDA:15,1,1,0
BRF:4
BRH:0
end_of_record
TN:
SF:app/domains/user/application/queries/ListUserQuery.ts
FN:7,(anonymous_0)
FN:11,(anonymous_1)
FNF:2
FNH:0
FNDA:0,(anonymous_0)
FNDA:0,(anonymous_1)
DA:7,0
DA:8,0
DA:12,0
DA:13,0
DA:14,0
DA:15,0
LF:6
LH:0
BRDA:12,0,0,0
BRDA:12,0,1,0
BRDA:13,1,0,0
BRDA:13,1,1,0
BRF:4
BRH:0
end_of_record
TN:
SF:app/domains/user/domain/ports/IStudentRepository.ts
FNF:0
FNH:0
LF:0
LH:0
BRF:0
BRH:0
end_of_record
TN:
SF:app/domains/user/domain/ports/ITeacherRepository.ts
FNF:0
FNH:0
LF:0
LH:0
BRF:0
BRH:0
end_of_record
TN:
SF:app/domains/user/domain/ports/ITeacherSubjectLinkRepository.ts
FNF:0
FNH:0
LF:0
LH:0
BRF:0
BRH:0
end_of_record
TN:
SF:app/domains/user/domain/ports/IUserRepository.ts
FNF:0
FNH:0
LF:0
LH:0
BRF:0
BRH:0
end_of_record
TN:
SF:app/domains/user/domain/services/studentService.ts
FN:13,(anonymous_0)
FN:17,(anonymous_1)
FN:50,(anonymous_2)
FN:54,(anonymous_3)
FN:75,(anonymous_4)
FN:83,(anonymous_5)
FNF:6
FNH:0
FNDA:0,(anonymous_0)
FNDA:0,(anonymous_1)
FNDA:0,(anonymous_2)
FNDA:0,(anonymous_3)
FNDA:0,(anonymous_4)
FNDA:0,(anonymous_5)
DA:13,0
DA:14,0
DA:22,0
DA:23,0
DA:24,0
DA:30,0
DA:31,0
DA:32,0
DA:41,0
DA:47,0
DA:51,0
DA:55,0
DA:56,0
DA:57,0
DA:58,0
DA:70,0
DA:71,0
DA:79,0
DA:80,0
DA:84,0
LF:20
LH:0
BRDA:23,0,0,0
BRDA:23,0,1,0
BRDA:31,1,0,0
BRDA:31,1,1,0
BRDA:55,2,0,0
BRDA:55,2,1,0
BRDA:56,3,0,0
BRDA:56,3,1,0
BRDA:57,4,0,0
BRDA:57,4,1,0
BRF:10
BRH:0
end_of_record
TN:
SF:app/domains/user/domain/services/teacherService.ts
FN:17,(anonymous_0)
FN:21,(anonymous_1)
FN:65,(anonymous_2)
FN:72,(anonymous_3)
FN:93,(anonymous_4)
FN:95,(anonymous_5)
FN:101,(anonymous_6)
FN:141,(anonymous_7)
FN:147,(anonymous_8)
FN:160,(anonymous_9)
FNF:10
FNH:0
FNDA:0,(anonymous_0)
FNDA:0,(anonymous_1)
FNDA:0,(anonymous_2)
FNDA:0,(anonymous_3)
FNDA:0,(anonymous_4)
FNDA:0,(anonymous_5)
FNDA:0,(anonymous_6)
FNDA:0,(anonymous_7)
FNDA:0,(anonymous_8)
FNDA:0,(anonymous_9)
DA:17,0
DA:18,0
DA:29,0
DA:30,0
DA:31,0
DA:37,0
DA:38,0
DA:39,0
DA:49,0
DA:50,0
DA:51,0
DA:53,0
DA:59,0
DA:60,0
DA:61,0
DA:62,0
DA:66,0
DA:67,0
DA:68,0
DA:69,0
DA:73,0
DA:74,0
DA:75,0
DA:77,0
DA:91,0
DA:92,0
DA:93,0
DA:95,0
DA:96,0
DA:98,0
DA:115,0
DA:116,0
DA:117,0
DA:118,0
DA:119,0
DA:120,0
DA:122,0
DA:125,0
DA:127,0
DA:128,0
DA:129,0
DA:132,0
DA:133,0
DA:134,0
DA:137,0
DA:138,0
DA:142,0
DA:143,0
DA:144,0
DA:148,0
DA:149,0
DA:150,0
DA:151,0
DA:152,0
DA:164,0
DA:170,0
LF:56
LH:0
BRDA:30,0,0,0
BRDA:30,0,1,0
BRDA:38,1,0,0
BRDA:38,1,1,0
BRDA:49,2,0,0
BRDA:49,2,1,0
BRDA:50,3,0,0
BRDA:50,3,1,0
BRDA:67,4,0,0
BRDA:67,4,1,0
BRDA:73,5,0,0
BRDA:73,5,1,0
BRDA:74,6,0,0
BRDA:74,6,1,0
BRDA:75,7,0,0
BRDA:75,7,1,0
BRDA:116,8,0,0
BRDA:116,8,1,0
BRDA:117,9,0,0
BRDA:117,9,1,0
BRDA:119,10,0,0
BRDA:119,10,1,0
BRDA:122,11,0,0
BRDA:122,11,1,0
BRDA:125,12,0,0
BRDA:125,12,1,0
BRDA:127,13,0,0
BRDA:127,13,1,0
BRDA:132,14,0,0
BRDA:132,14,1,0
BRDA:149,15,0,0
BRDA:149,15,1,0
BRDA:151,16,0,0
BRDA:151,16,1,0
BRDA:164,17,0,0
BRDA:164,17,1,0
BRF:36
BRH:0
end_of_record
TN:
SF:app/domains/user/domain/services/userService.ts
FN:27,(anonymous_0)
FN:33,(anonymous_1)
FN:37,(anonymous_2)
FN:55,(anonymous_3)
FN:74,(anonymous_4)
FN:103,(anonymous_5)
FN:107,(anonymous_6)
FN:111,(anonymous_7)
FNF:8
FNH:0
FNDA:0,(anonymous_0)
FNDA:0,(anonymous_1)
FNDA:0,(anonymous_2)
FNDA:0,(anonymous_3)
FNDA:0,(anonymous_4)
FNDA:0,(anonymous_5)
FNDA:0,(anonymous_6)
FNDA:0,(anonymous_7)
DA:28,0
DA:29,0
DA:30,0
DA:34,0
DA:38,0
DA:39,0
DA:41,0
DA:42,0
DA:43,0
DA:49,0
DA:50,0
DA:51,0
DA:52,0
DA:56,0
DA:57,0
DA:58,0
DA:59,0
DA:70,0
DA:71,0
DA:78,0
DA:79,0
DA:81,0
DA:83,0
DA:84,0
DA:85,0
DA:86,0
DA:87,0
DA:88,0
DA:89,0
DA:95,0
DA:97,0
DA:98,0
DA:100,0
DA:104,0
DA:108,0
DA:112,0
DA:113,0
DA:114,0
DA:115,0
DA:118,0
DA:119,0
DA:120,0
DA:123,0
DA:124,0
DA:125,0
DA:139,0
LF:46
LH:0
BRDA:30,0,0,0
BRDA:30,0,1,0
BRDA:42,1,0,0
BRDA:42,1,1,0
BRDA:56,2,0,0
BRDA:56,2,1,0
BRDA:57,3,0,0
BRDA:57,3,1,0
BRDA:58,4,0,0
BRDA:58,4,1,0
BRDA:79,5,0,0
BRDA:79,5,1,0
BRDA:83,6,0,0
BRDA:83,6,1,0
BRDA:84,7,0,0
BRDA:84,7,1,0
BRDA:86,8,0,0
BRDA:86,8,1,0
BRDA:88,9,0,0
BRDA:88,9,1,0
BRDA:97,10,0,0
BRDA:97,10,1,0
BRDA:98,11,0,0
BRDA:98,11,1,0
BRDA:114,12,0,0
BRDA:114,12,1,0
BRDA:114,13,0,0
BRDA:114,13,1,0
BRDA:119,14,0,0
BRDA:119,14,1,0
BRF:30
BRH:0
end_of_record
TN:
SF:app/domains/user/schemas/login.ts
FNF:0
FNH:0
DA:3,0
LF:1
LH:0
BRF:0
BRH:0
end_of_record
TN:
SF:app/domains/user/schemas/studentSchema.ts
FN:16,(anonymous_0)
FN:18,(anonymous_1)
FN:29,(anonymous_2)
FN:34,(anonymous_3)
FN:43,(anonymous_4)
FN:62,(anonymous_5)
FN:88,(anonymous_6)
FNF:7
FNH:0
FNDA:0,(anonymous_0)
FNDA:0,(anonymous_1)
FNDA:0,(anonymous_2)
FNDA:0,(anonymous_3)
FNDA:0,(anonymous_4)
FNDA:0,(anonymous_5)
FNDA:0,(anonymous_6)
DA:6,0
DA:12,0
DA:16,0
DA:18,0
DA:25,0
DA:29,0
DA:34,0
DA:43,0
DA:48,0
DA:56,0
DA:62,0
DA:67,0
DA:79,0
DA:88,0
LF:14
LH:0
BRF:0
BRH:0
end_of_record
TN:
SF:app/domains/user/schemas/teacherSchema.ts
FN:5,(anonymous_0)
FN:16,(anonymous_1)
FN:18,(anonymous_2)
FN:21,(anonymous_3)
FN:61,(anonymous_4)
FN:82,(anonymous_5)
FN:113,(anonymous_6)
FNF:7
FNH:0
FNDA:0,(anonymous_0)
FNDA:0,(anonymous_1)
FNDA:0,(anonymous_2)
FNDA:0,(anonymous_3)
FNDA:0,(anonymous_4)
FNDA:0,(anonymous_5)
FNDA:0,(anonymous_6)
DA:5,0
DA:6,0
DA:7,0
DA:8,0
DA:9,0
DA:11,0
DA:14,0
DA:16,0
DA:18,0
DA:19,0
DA:21,0
DA:23,0
DA:24,0
DA:27,0
DA:34,0
DA:48,0
DA:61,0
DA:66,0
DA:75,0
DA:82,0
DA:87,0
DA:105,0
DA:113,0
LF:23
LH:0
BRDA:6,0,0,0
BRDA:6,0,1,0
BRDA:8,1,0,0
BRDA:8,1,1,0
BRDA:8,2,0,0
BRDA:8,2,1,0
BRDA:9,3,0,0
BRDA:9,3,1,0
BRDA:9,4,0,0
BRDA:9,4,1,0
BRF:10
BRH:0
end_of_record
TN:
SF:app/domains/user/schemas/userSchema.ts
FN:17,(anonymous_0)
FN:19,(anonymous_1)
FN:28,(anonymous_2)
FN:33,(anonymous_3)
FN:39,(anonymous_4)
FN:48,(anonymous_5)
FN:50,(anonymous_6)
FN:60,(anonymous_7)
FN:65,(anonymous_8)
FN:71,(anonymous_9)
FN:104,(anonymous_10)
FNF:11
FNH:0
FNDA:0,(anonymous_0)
FNDA:0,(anonymous_1)
FNDA:0,(anonymous_2)
FNDA:0,(anonymous_3)
FNDA:0,(anonymous_4)
FNDA:0,(anonymous_5)
FNDA:0,(anonymous_6)
FNDA:0,(anonymous_7)
FNDA:0,(anonymous_8)
FNDA:0,(anonymous_9)
FNDA:0,(anonymous_10)
DA:6,0
DA:13,0
DA:17,0
DA:19,0
DA:24,0
DA:28,0
DA:33,0
DA:39,0
DA:44,0
DA:48,0
DA:50,0
DA:56,0
DA:60,0
DA:65,0
DA:71,0
DA:76,0
DA:85,0
DA:97,0
DA:104,0
LF:19
LH:0
BRF:0
BRH:0
end_of_record
TN:
SF:app/infrastructure/exam-application/mappers/examAssignmentMapper.ts
FN:29,(anonymous_0)
FN:39,(anonymous_1)
FNF:2
FNH:0
FNDA:0,(anonymous_0)
FNDA:0,(anonymous_1)
DA:28,0
DA:30,0
DA:40,0
DA:42,0
LF:4
LH:0
BRDA:45,0,0,0
BRDA:45,0,1,0
BRDA:46,1,0,0
BRDA:46,1,1,0
BRDA:48,2,0,0
BRDA:48,2,1,0
BRDA:52,3,0,0
BRDA:52,3,1,0
BRDA:52,4,0,0
BRDA:52,4,1,0
BRF:10
BRH:0
end_of_record
TN:
SF:app/infrastructure/exam-application/mappers/examRegradeMapper.ts
FN:17,(anonymous_0)
FNF:1
FNH:0
FNDA:0,(anonymous_0)
DA:16,0
DA:18,0
DA:19,0
LF:3
LH:0
BRDA:28,0,0,0
BRDA:28,0,1,0
BRF:2
BRH:0
end_of_record
TN:
SF:app/infrastructure/exam-application/mappers/examResponseMapper.ts
FN:6,(anonymous_0)
FN:19,(anonymous_1)
FNF:2
FNH:0
FNDA:0,(anonymous_0)
FNDA:0,(anonymous_1)
DA:5,0
DA:7,0
DA:20,0
LF:3
LH:0
BRDA:27,0,0,0
BRDA:27,0,1,0
BRDA:28,1,0,0
BRDA:28,1,1,0
BRF:4
BRH:0
end_of_record
TN:
SF:app/infrastructure/exam-application/models/ExamAssignment.ts
FNF:0
FNH:0
DA:17,0
LF:1
LH:0
BRF:0
BRH:0
end_of_record
TN:
SF:app/infrastructure/exam-application/models/ExamRegrade.ts
FNF:0
FNH:0
DA:18,0
LF:1
LH:0
BRF:0
BRH:0
end_of_record
TN:
SF:app/infrastructure/exam-application/models/ExamResponse.ts
FNF:0
FNH:0
DA:17,0
LF:1
LH:0
BRF:0
BRH:0
end_of_record
TN:
SF:app/infrastructure/exam-application/models/index.ts
FNF:0
FNH:0
DA:8,0
DA:14,0
DA:21,0
DA:27,0
DA:34,0
DA:40,0
DA:48,0
DA:54,0
DA:60,0
DA:67,0
DA:73,0
DA:79,0
DA:87,0
DA:93,0
DA:99,0
DA:106,0
DA:112,0
DA:118,0
LF:18
LH:0
BRF:0
BRH:0
end_of_record
TN:
SF:app/infrastructure/exam-application/repositories/ExamAssignmentRepository.ts
FN:17,(anonymous_0)
FN:22,(anonymous_1)
FN:26,(anonymous_2)
FN:37,(anonymous_3)
FN:73,(anonymous_4)
FN:82,(anonymous_5)
FN:103,(anonymous_6)
FN:120,(anonymous_7)
FN:147,(anonymous_8)
FN:168,(anonymous_9)
FN:178,(anonymous_10)
FN:194,(anonymous_11)
FN:198,(anonymous_12)
FNF:13
FNH:0
FNDA:0,(anonymous_0)
FNDA:0,(anonymous_1)
FNDA:0,(anonymous_2)
FNDA:0,(anonymous_3)
FNDA:0,(anonymous_4)
FNDA:0,(anonymous_5)
FNDA:0,(anonymous_6)
FNDA:0,(anonymous_7)
FNDA:0,(anonymous_8)
FNDA:0,(anonymous_9)
FNDA:0,(anonymous_10)
FNDA:0,(anonymous_11)
FNDA:0,(anonymous_12)
DA:18,0
DA:19,0
DA:23,0
DA:27,0
DA:28,0
DA:29,0
DA:33,0
DA:41,0
DA:42,0
DA:43,0
DA:46,0
DA:47,0
DA:49,0
DA:50,0
DA:52,0
DA:53,0
DA:55,0
DA:56,0
DA:59,0
DA:60,0
DA:62,0
DA:64,0
DA:73,0
DA:74,0
DA:76,0
DA:87,0
DA:88,0
DA:93,0
DA:95,0
DA:97,0
DA:104,0
DA:107,0
DA:108,0
DA:111,0
DA:112,0
DA:114,0
DA:125,0
DA:128,0
DA:129,0
DA:132,0
DA:133,0
DA:141,0
DA:151,0
DA:152,0
DA:153,0
[...]
DA:215,0
DA:225,0
DA:226,0
DA:235,0
DA:237,0
DA:244,0
DA:248,0
DA:249,0
DA:250,0
DA:269,0
DA:276,0
DA:277,0
DA:280,0
DA:284,0
DA:285,0
DA:286,0
DA:291,0
DA:293,0
DA:298,0
DA:299,0
DA:300,0
DA:301,0
DA:302,0
DA:304,0
DA:305,0
DA:307,0
DA:308,0
DA:310,0
DA:311,0
DA:312,0
DA:316,0
DA:317,0
DA:318,0
DA:323,0
DA:324,0
DA:325,0
DA:327,0
DA:328,0
DA:330,0
DA:331,0
DA:335,0
DA:342,0
DA:344,0
LF:107
LH:0
BRDA:51,0,0,0
BRDA:51,0,1,0
BRDA:52,1,0,0
BRDA:52,1,1,0
BRDA:67,2,0,0
BRDA:67,2,1,0
BRDA:68,3,0,0
BRDA:68,3,1,0
BRDA:75,4,0,0
BRDA:75,4,1,0
BRDA:76,5,0,0
BRDA:76,5,1,0
BRDA:77,6,0,0
BRDA:77,6,1,0
BRDA:78,7,0,0
BRDA:78,7,1,0
BRDA:79,8,0,0
BRDA:79,8,1,0
BRDA:80,9,0,0
BRDA:80,9,1,0
BRDA:81,10,0,0
BRDA:81,10,1,0
BRDA:104,11,0,0
BRDA:104,11,1,0
BRDA:107,12,0,0
BRDA:107,12,1,0
BRDA:107,13,0,0
BRDA:107,13,1,0
BRDA:109,14,0,0
BRDA:109,14,1,0
BRDA:112,15,0,0
BRDA:112,15,1,0
BRDA:115,16,0,0
BRDA:115,16,1,0
BRDA:118,17,0,0
BRDA:118,17,1,0
BRDA:122,18,0,0
BRDA:122,18,1,0
BRDA:123,19,0,0
BRDA:123,19,1,0
BRDA:146,20,0,0
BRDA:146,20,1,0
BRDA:163,21,0,0
BRDA:163,21,1,0
BRDA:165,22,0,0
BRDA:165,22,1,0
BRDA:248,23,0,0
BRDA:248,23,1,0
BRDA:248,23,2,0
BRDA:249,24,0,0
BRDA:249,24,1,0
BRDA:249,24,2,0
BRDA:257,25,0,0
BRDA:257,25,1,0
BRDA:258,26,0,0
BRDA:258,26,1,0
BRDA:273,27,0,0
BRDA:273,27,1,0
BRDA:276,28,0,0
BRDA:276,28,1,0
BRDA:276,29,0,0
BRDA:276,29,1,0
BRDA:285,30,0,0
BRDA:285,30,1,0
BRDA:300,31,0,0
BRDA:300,31,1,0
BRDA:301,32,0,0
BRDA:301,32,1,0
BRDA:301,33,0,0
BRDA:301,33,1,0
BRDA:304,34,0,0
BRDA:304,34,1,0
BRDA:304,35,0,0
BRDA:304,35,1,0
BRDA:307,36,0,0
BRDA:307,36,1,0
BRDA:307,37,0,0
BRDA:307,37,1,0
BRDA:310,38,0,0
BRDA:310,38,1,0
BRDA:310,39,0,0
BRDA:310,39,1,0
BRDA:311,40,0,0
BRDA:311,40,1,0
BRDA:316,41,0,0
BRDA:316,41,1,0
BRDA:317,42,0,0
BRDA:317,42,1,0
BRDA:324,43,0,0
BRDA:324,43,1,0
BRDA:327,44,0,0
BRDA:327,44,1,0
BRDA:330,45,0,0
BRDA:330,45,1,0
BRDA:339,46,0,0
BRDA:339,46,1,0
BRF:96
BRH:0
end_of_record
TN:
SF:app/infrastructure/question-bank/repositories/QuestionTypeRepository.ts
FN:21,(anonymous_0)
FN:31,(anonymous_1)
FN:35,(anonymous_2)
FN:48,(anonymous_3)
FN:61,(anonymous_4)
FN:73,(anonymous_5)
FNF:6
FNH:0
FNDA:0,(anonymous_0)
FNDA:0,(anonymous_1)
FNDA:0,(anonymous_2)
FNDA:0,(anonymous_3)
FNDA:0,(anonymous_4)
FNDA:0,(anonymous_5)
DA:22,0
DA:32,0
DA:36,0
DA:37,0
DA:49,0
DA:50,0
DA:62,0
DA:63,0
DA:67,0
DA:69,0
DA:74,0
DA:75,0
DA:79,0
DA:81,0
LF:14
LH:0
BRF:0
BRH:0
end_of_record
TN:
SF:app/infrastructure/question-bank/repositories/subjectRepository.ts
FN:41,(anonymous_0)
FN:51,(anonymous_1)
FN:57,(anonymous_2)
FN:79,(anonymous_3)
FN:95,(anonymous_4)
FN:127,(anonymous_5)
FN:135,(anonymous_6)
FN:143,(anonymous_7)
FN:151,(anonymous_8)
FN:156,(anonymous_9)
FN:164,(anonymous_10)
FN:168,(anonymous_11)
FN:176,(anonymous_12)
FN:192,(anonymous_13)
FNF:14
FNH:0
FNDA:0,(anonymous_0)
FNDA:0,(anonymous_1)
FNDA:0,(anonymous_2)
FNDA:0,(anonymous_3)
FNDA:0,(anonymous_4)
FNDA:0,(anonymous_5)
FNDA:0,(anonymous_6)
FNDA:0,(anonymous_7)
FNDA:0,(anonymous_8)
FNDA:0,(anonymous_9)
FNDA:0,(anonymous_10)
FNDA:0,(anonymous_11)
FNDA:0,(anonymous_12)
FNDA:0,(anonymous_13)
DA:42,0
DA:52,0
DA:62,0
DA:63,0
DA:64,0
DA:67,0
DA:68,0
DA:69,0
DA:74,0
DA:78,0
DA:79,0
DA:82,0
DA:86,0
DA:87,0
DA:88,0
DA:90,0
DA:95,0
DA:96,0
DA:97,0
DA:103,0
DA:111,0
DA:114,0
DA:128,0
DA:129,0
DA:136,0
DA:137,0
DA:147,0
DA:148,0
DA:152,0
DA:153,0
DA:157,0
DA:161,0
DA:165,0
DA:169,0
DA:173,0
DA:177,0
DA:178,0
DA:179,0
DA:180,0
DA:186,0
DA:188,0
DA:196,0
DA:198,0
DA:201,0
DA:202,0
DA:203,0
DA:206,0
DA:207,0
DA:208,0
DA:210,0
DA:213,0
DA:214,0
DA:217,0
DA:223,0
DA:224,0
DA:226,0
DA:228,0
LF:57
LH:0
BRDA:63,0,0,0
BRDA:63,0,1,0
BRDA:67,1,0,0
BRDA:67,1,1,0
BRDA:69,2,0,0
BRDA:69,2,1,0
BRDA:69,2,2,0
BRDA:82,3,0,0
BRDA:82,3,1,0
BRDA:179,4,0,0
BRDA:179,4,1,0
BRDA:207,5,0,0
BRDA:207,5,1,0
BRDA:208,6,0,0
BRDA:208,6,1,0
BRDA:213,7,0,0
BRDA:213,7,1,0
BRDA:214,8,0,0
BRDA:214,8,1,0
BRF:19
BRH:0
end_of_record
TN:
SF:app/infrastructure/question-bank/repositories/subtopicRepository.ts
FN:24,(anonymous_0)
FN:27,(anonymous_1)
FN:28,(anonymous_2)
FN:29,(anonymous_3)
FN:34,(anonymous_4)
FN:46,(anonymous_5)
FN:71,(anonymous_6)
FN:81,(anonymous_7)
FN:94,(anonymous_8)
FN:106,(anonymous_9)
FNF:10
FNH:0
FNDA:0,(anonymous_0)
FNDA:0,(anonymous_1)
FNDA:0,(anonymous_2)
FNDA:0,(anonymous_3)
FNDA:0,(anonymous_4)
FNDA:0,(anonymous_5)
FNDA:0,(anonymous_6)
FNDA:0,(anonymous_7)
FNDA:0,(anonymous_8)
FNDA:0,(anonymous_9)
DA:25,0
DA:27,0
DA:28,0
DA:29,0
DA:35,0
DA:36,0
DA:37,0
DA:38,0
DA:47,0
DA:48,0
DA:49,0
DA:50,0
DA:52,0
DA:53,0
DA:55,0
DA:63,0
DA:64,0
DA:65,0
DA:67,0
DA:72,0
DA:73,0
DA:74,0
DA:75,0
DA:77,0
DA:82,0
DA:83,0
DA:84,0
DA:88,0
DA:90,0
DA:95,0
DA:96,0
DA:100,0
DA:102,0
DA:107,0
DA:108,0
DA:112,0
DA:114,0
LF:37
LH:0
BRDA:37,0,0,0
BRDA:37,0,1,0
BRDA:49,1,0,0
BRDA:49,1,1,0
BRDA:50,2,0,0
BRDA:50,2,1,0
BRDA:52,3,0,0
BRDA:52,3,1,0
BRDA:53,4,0,0
BRDA:53,4,1,0
BRDA:74,5,0,0
BRDA:74,5,1,0
BRF:12
BRH:0
end_of_record
TN:
SF:app/infrastructure/question-bank/repositories/teacherSubjectLinkRepository.ts
FN:23,(anonymous_0)
FN:26,(anonymous_1)
FN:27,(anonymous_2)
FN:28,(anonymous_3)
FN:33,(anonymous_4)
FN:37,(anonymous_5)
FN:46,(anonymous_6)
FN:55,(anonymous_7)
FN:56,(anonymous_8)
FN:59,(anonymous_9)
FN:70,(anonymous_10)
FN:74,(anonymous_11)
FN:82,(anonymous_12)
FN:85,(anonymous_13)
FN:94,(anonymous_14)
FN:117,(anonymous_15)
FN:122,(anonymous_16)
FN:127,(anonymous_17)
FN:155,(anonymous_18)
FNF:19
FNH:0
FNDA:0,(anonymous_0)
FNDA:0,(anonymous_1)
FNDA:0,(anonymous_2)
FNDA:0,(anonymous_3)
FNDA:0,(anonymous_4)
FNDA:0,(anonymous_5)
FNDA:0,(anonymous_6)
FNDA:0,(anonymous_7)
FNDA:0,(anonymous_8)
FNDA:0,(anonymous_9)
FNDA:0,(anonymous_10)
FNDA:0,(anonymous_11)
FNDA:0,(anonymous_12)
FNDA:0,(anonymous_13)
FNDA:0,(anonymous_14)
FNDA:0,(anonymous_15)
FNDA:0,(anonymous_16)
FNDA:0,(anonymous_17)
FNDA:0,(anonymous_18)
DA:24,0
DA:26,0
DA:27,0
DA:28,0
DA:34,0
DA:38,0
DA:47,0
DA:48,0
DA:50,0
DA:55,0
DA:56,0
DA:64,0
DA:65,0
DA:69,0
DA:70,0
DA:72,0
DA:74,0
DA:75,0
DA:76,0
DA:82,0
DA:83,0
DA:84,0
DA:85,0
DA:99,0
DA:100,0
DA:103,0
DA:107,0
DA:109,0
DA:110,0
DA:118,0
DA:119,0
DA:126,0
DA:127,0
DA:128,0
DA:130,0
DA:132,0
DA:137,0
DA:138,0
DA:139,0
DA:140,0
DA:141,0
DA:142,0
DA:144,0
DA:145,0
DA:148,0
DA:152,0
DA:155,0
DA:159,0
DA:160,0
DA:161,0
DA:166,0
DA:167,0
DA:168,0
DA:172,0
DA:173,0
DA:174,0
DA:175,0
DA:176,0
DA:178,0
DA:179,0
DA:180,0
DA:181,0
DA:185,0
LF:63
LH:0
BRDA:48,0,0,0
BRDA:48,0,1,0
BRDA:75,1,0,0
BRDA:75,1,1,0
BRDA:83,2,0,0
BRDA:83,2,1,0
BRDA:103,3,0,0
BRDA:103,3,1,0
BRDA:109,4,0,0
BRDA:109,4,1,0
BRDA:119,5,0,0
BRDA:119,5,1,0
BRDA:128,6,0,0
BRDA:128,6,1,0
BRDA:139,7,0,0
BRDA:139,7,1,0
BRDA:140,8,0,0
BRDA:140,8,1,0
BRDA:141,9,0,0
BRDA:141,9,1,0
BRDA:160,10,0,0
BRDA:160,10,1,0
BRDA:174,11,0,0
BRDA:174,11,1,0
BRDA:175,12,0,0
BRDA:175,12,1,0
BRDA:180,13,0,0
BRDA:180,13,1,0
BRF:28
BRH:0
end_of_record
TN:
SF:app/infrastructure/question-bank/repositories/topicRepository.ts
FN:33,(anonymous_0)
FN:36,(anonymous_1)
FN:37,(anonymous_2)
FN:38,(anonymous_3)
FN:43,(anonymous_4)
FN:52,(anonymous_5)
FN:59,(anonymous_6)
FN:69,(anonymous_7)
FN:84,(anonymous_8)
FN:97,(anonymous_9)
FN:121,(anonymous_10)
FN:131,(anonymous_11)
FN:146,(anonymous_12)
FN:164,(anonymous_13)
FN:181,(anonymous_14)
FNF:15
FNH:0
FNDA:0,(anonymous_0)
FNDA:0,(anonymous_1)
FNDA:0,(anonymous_2)
FNDA:0,(anonymous_3)
FNDA:0,(anonymous_4)
FNDA:0,(anonymous_5)
FNDA:0,(anonymous_6)
FNDA:0,(anonymous_7)
FNDA:0,(anonymous_8)
FNDA:0,(anonymous_9)
FNDA:0,(anonymous_10)
FNDA:0,(anonymous_11)
FNDA:0,(anonymous_12)
FNDA:0,(anonymous_13)
FNDA:0,(anonymous_14)
DA:34,0
DA:36,0
DA:37,0
DA:38,0
DA:44,0
DA:47,0
DA:51,0
DA:52,0
DA:55,0
DA:59,0
DA:60,0
DA:61,0
DA:65,0
DA:69,0
DA:70,0
DA:71,0
DA:74,0
DA:85,0
DA:86,0
DA:87,0
DA:90,0
DA:91,0
DA:96,0
DA:97,0
DA:99,0
DA:102,0
DA:103,0
DA:105,0
DA:113,0
DA:114,0
DA:115,0
DA:117,0
DA:122,0
DA:123,0
DA:124,0
DA:125,0
DA:127,0
DA:132,0
DA:133,0
DA:134,0
DA:140,0
DA:142,0
DA:147,0
DA:148,0
DA:149,0
DA:151,0
DA:155,0
DA:156,0
DA:157,0
DA:158,0
DA:160,0
DA:165,0
DA:166,0
DA:170,0
DA:171,0
DA:175,0
DA:177,0
DA:182,0
DA:183,0
DA:187,0
DA:189,0
LF:61
LH:0
BRDA:55,0,0,0
BRDA:55,0,1,0
BRDA:87,1,0,0
BRDA:87,1,1,0
BRDA:90,2,0,0
BRDA:90,2,1,0
BRDA:99,3,0,0
BRDA:99,3,1,0
BRDA:102,4,0,0
BRDA:102,4,1,0
BRDA:103,5,0,0
BRDA:103,5,1,0
BRDA:124,6,0,0
BRDA:124,6,1,0
BRDA:149,7,0,0
BRDA:149,7,1,0
BRDA:155,8,0,0
BRDA:155,8,1,0
BRDA:157,9,0,0
BRDA:157,9,1,0
BRF:20
BRH:0
end_of_record
TN:
SF:app/infrastructure/user/mappers/studentMapper.ts
FN:21,(anonymous_0)
FN:45,(anonymous_1)
FN:53,(anonymous_2)
FN:60,(anonymous_3)
FN:87,(anonymous_4)
FNF:5
FNH:0
FNDA:0,(anonymous_0)
FNDA:0,(anonymous_1)
FNDA:0,(anonymous_2)
FNDA:0,(anonymous_3)
FNDA:0,(anonymous_4)
DA:20,0
DA:22,0
DA:30,0
DA:31,0
DA:32,0
DA:34,0
DA:46,0
DA:54,0
DA:55,0
DA:56,0
DA:57,0
DA:69,0
DA:70,0
DA:72,0
DA:73,0
DA:74,0
DA:75,0
DA:76,0
DA:77,0
DA:79,0
DA:81,0
DA:84,0
DA:88,0
DA:89,0
DA:90,0
DA:92,0
DA:93,0
DA:94,0
DA:95,0
DA:98,0
LF:30
LH:0
BRDA:30,0,0,0
BRDA:30,0,1,0
BRDA:31,1,0,0
BRDA:31,1,1,0
BRDA:55,2,0,0
BRDA:55,2,1,0
BRDA:56,3,0,0
BRDA:56,3,1,0
BRDA:72,4,0,0
BRDA:72,4,1,0
BRDA:73,5,0,0
BRDA:73,5,1,0
BRDA:74,6,0,0
BRDA:74,6,1,0
BRDA:75,7,0,0
BRDA:75,7,1,0
BRDA:76,8,0,0
BRDA:76,8,1,0
BRDA:77,9,0,0
BRDA:77,9,1,0
BRDA:79,10,0,0
BRDA:79,10,1,0
BRDA:84,11,0,0
BRDA:84,11,1,0
BRDA:88,12,0,0
BRDA:88,12,1,0
BRDA:89,13,0,0
BRDA:89,13,1,0
BRDA:90,14,0,0
BRDA:90,14,1,0
BRDA:93,15,0,0
BRDA:93,15,1,0
BRDA:94,16,0,0
BRDA:94,16,1,0
BRF:34
BRH:0
end_of_record
TN:
SF:app/infrastructure/user/mappers/teacherMapper.ts
FN:29,(anonymous_0)
FN:50,(anonymous_1)
FN:60,(anonymous_2)
FN:70,(anonymous_3)
FN:98,(anonymous_4)
FNF:5
FNH:0
FNDA:0,(anonymous_0)
FNDA:0,(anonymous_1)
FNDA:0,(anonymous_2)
FNDA:0,(anonymous_3)
FNDA:0,(anonymous_4)
DA:28,0
DA:30,0
DA:33,0
DA:34,0
DA:35,0
DA:38,0
DA:51,0
DA:52,0
DA:61,0
DA:62,0
DA:63,0
DA:64,0
DA:65,0
DA:66,0
DA:67,0
DA:79,0
DA:80,0
DA:82,0
DA:83,0
DA:84,0
DA:86,0
DA:87,0
DA:88,0
DA:90,0
DA:91,0
DA:92,0
DA:95,0
DA:99,0
DA:100,0
DA:101,0
DA:103,0
DA:104,0
DA:105,0
DA:106,0
DA:109,0
LF:35
LH:0
BRDA:30,0,0,0
BRDA:30,0,1,0
BRDA:33,1,0,0
BRDA:33,1,1,0
BRDA:34,2,0,0
BRDA:34,2,1,0
BRDA:63,3,0,0
BRDA:63,3,1,0
BRDA:64,4,0,0
BRDA:64,4,1,0
BRDA:66,5,0,0
BRDA:66,5,1,0
BRDA:82,6,0,0
BRDA:82,6,1,0
BRDA:83,7,0,0
BRDA:83,7,1,0
BRDA:84,8,0,0
BRDA:84,8,1,0
BRDA:86,9,0,0
BRDA:86,9,1,0
BRDA:87,10,0,0
BRDA:87,10,1,0
BRDA:88,11,0,0
BRDA:88,11,1,0
BRDA:90,12,0,0
BRDA:90,12,1,0
BRDA:95,13,0,0
BRDA:95,13,1,0
BRDA:99,14,0,0
BRDA:99,14,1,0
BRDA:100,15,0,0
BRDA:100,15,1,0
BRDA:101,16,0,0
BRDA:101,16,1,0
BRDA:104,17,0,0
BRDA:104,17,1,0
BRDA:105,18,0,0
BRDA:105,18,1,0
BRF:38
BRH:0
end_of_record
TN:
SF:app/infrastructure/user/mappers/userMapper.ts
FN:18,(anonymous_0)
FN:33,(anonymous_1)
FN:43,(anonymous_2)
FN:53,(anonymous_3)
FN:70,(anonymous_4)
FNF:5
FNH:0
FNDA:0,(anonymous_0)
FNDA:0,(anonymous_1)
FNDA:0,(anonymous_2)
FNDA:0,(anonymous_3)
FNDA:0,(anonymous_4)
DA:17,0
DA:19,0
DA:25,0
DA:34,0
DA:35,0
DA:44,0
DA:45,0
DA:46,0
DA:47,0
DA:48,0
DA:49,0
DA:50,0
DA:54,0
DA:55,0
DA:57,0
DA:58,0
DA:59,0
DA:61,0
DA:62,0
DA:63,0
DA:67,0
DA:76,0
DA:77,0
DA:78,0
DA:80,0
DA:81,0
DA:82,0
DA:83,0
DA:86,0
LF:29
LH:0
BRDA:46,0,0,0
BRDA:46,0,1,0
BRDA:47,1,0,0
BRDA:47,1,1,0
BRDA:48,2,0,0
BRDA:48,2,1,0
BRDA:49,3,0,0
BRDA:49,3,1,0
BRDA:55,4,0,0
BRDA:55,4,1,0
BRDA:57,5,0,0
BRDA:57,5,1,0
BRDA:58,6,0,0
BRDA:58,6,1,0
BRDA:59,7,0,0
BRDA:59,7,1,0
BRDA:61,8,0,0
BRDA:61,8,1,0
BRDA:77,9,0,0
BRDA:77,9,1,0
BRDA:78,10,0,0
BRDA:78,10,1,0
BRDA:81,11,0,0
BRDA:81,11,1,0
BRDA:82,12,0,0
BRDA:82,12,1,0
BRF:26
BRH:0
end_of_record
TN:
SF:app/infrastructure/user/models/Student.ts
FNF:0
FNH:0
DA:11,0
LF:1
LH:0
BRF:0
BRH:0
end_of_record
TN:
SF:app/infrastructure/user/models/Teacher.ts
FNF:0
FNH:0
DA:13,0
LF:1
LH:0
BRF:0
BRH:0
end_of_record
TN:
SF:app/infrastructure/user/models/User.ts
FNF:0
FNH:0
DA:6,0
DA:17,0
LF:2
LH:0
BRF:0
BRH:0
end_of_record
TN:
SF:app/infrastructure/user/models/index.ts
FNF:0
FNH:0
DA:5,0
DA:12,0
DA:19,0
DA:26,0
LF:4
LH:0
BRF:0
BRH:0
end_of_record
TN:
SF:app/infrastructure/user/repositories/StudentRepository.ts
FN:20,(anonymous_0)
FN:30,(anonymous_1)
FN:34,(anonymous_2)
FN:47,(anonymous_3)
FN:64,(anonymous_4)
FN:72,(anonymous_5)
FN:90,(anonymous_6)
FN:108,(anonymous_7)
FN:113,(anonymous_8)
FNF:9
FNH:0
FNDA:0,(anonymous_0)
FNDA:0,(anonymous_1)
FNDA:0,(anonymous_2)
FNDA:0,(anonymous_3)
FNDA:0,(anonymous_4)
FNDA:0,(anonymous_5)
FNDA:0,(anonymous_6)
FNDA:0,(anonymous_7)
FNDA:0,(anonymous_8)
DA:21,0
DA:31,0
DA:35,0
DA:36,0
DA:37,0
DA:40,0
DA:41,0
DA:43,0
DA:52,0
DA:53,0
DA:54,0
DA:55,0
DA:56,0
DA:57,0
DA:59,0
DA:65,0
DA:69,0
DA:73,0
DA:74,0
DA:78,0
DA:91,0
DA:92,0
DA:96,0
DA:109,0
DA:110,0
DA:114,0
LF:26
LH:0
BRDA:55,0,0,0
BRDA:55,0,1,0
BRDA:69,1,0,0
BRDA:69,1,1,0
BRDA:74,2,0,0
BRDA:74,2,1,0
BRDA:92,3,0,0
BRDA:92,3,1,0
BRF:8
BRH:0
end_of_record
TN:
SF:app/infrastructure/user/repositories/TeacherRepository.ts
FN:20,(anonymous_0)
FN:30,(anonymous_1)
FN:34,(anonymous_2)
FN:47,(anonymous_3)
FN:63,(anonymous_4)
FN:71,(anonymous_5)
FN:89,(anonymous_6)
FN:107,(anonymous_7)
FN:112,(anonymous_8)
FNF:9
FNH:0
FNDA:0,(anonymous_0)
FNDA:0,(anonymous_1)
FNDA:0,(anonymous_2)
FNDA:0,(anonymous_3)
FNDA:0,(anonymous_4)
FNDA:0,(anonymous_5)
FNDA:0,(anonymous_6)
FNDA:0,(anonymous_7)
FNDA:0,(anonymous_8)
DA:21,0
DA:31,0
DA:35,0
DA:36,0
DA:37,0
DA:40,0
DA:41,0
DA:43,0
DA:52,0
DA:53,0
DA:54,0
DA:55,0
DA:56,0
DA:57,0
DA:59,0
DA:64,0
DA:68,0
DA:72,0
DA:73,0
DA:77,0
DA:90,0
DA:91,0
DA:95,0
DA:108,0
DA:109,0
DA:113,0
LF:26
LH:0
BRDA:55,0,0,0
BRDA:55,0,1,0
BRDA:68,1,0,0
BRDA:68,1,1,0
BRDA:73,2,0,0
BRDA:73,2,1,0
BRDA:91,3,0,0
BRDA:91,3,1,0
BRF:8
BRH:0
end_of_record
TN:
SF:app/infrastructure/user/repositories/UserRepository.ts
FN:22,(anonymous_0)
FN:32,(anonymous_1)
FN:36,(anonymous_2)
FN:49,(anonymous_3)
FN:62,(anonymous_4)
FN:70,(anonymous_5)
FN:98,(anonymous_6)
FNF:7
FNH:0
FNDA:0,(anonymous_0)
FNDA:0,(anonymous_1)
FNDA:0,(anonymous_2)
FNDA:0,(anonymous_3)
FNDA:0,(anonymous_4)
FNDA:0,(anonymous_5)
FNDA:0,(anonymous_6)
DA:23,0
DA:33,0
DA:37,0
DA:38,0
DA:50,0
DA:51,0
DA:66,0
DA:67,0
DA:71,0
DA:72,0
DA:76,0
DA:77,0
DA:85,0
DA:94,0
DA:99,0
DA:100,0
DA:107,0
DA:109,0
LF:18
LH:0
BRDA:76,0,0,0
BRDA:76,0,1,0
BRF:2
BRH:0
end_of_record
TN:
SF:app/shared/UoW/IUnitOfWork.ts
FNF:0
FNH:0
LF:0
LH:0
BRF:0
BRH:0
end_of_record
TN:
SF:app/shared/UoW/SequelizeUnitOfWork.ts
FN:6,(anonymous_0)
FN:11,(anonymous_1)
FNF:2
FNH:0
FNDA:0,(anonymous_0)
FNDA:0,(anonymous_1)
DA:7,0
DA:8,0
DA:12,0
DA:13,0
DA:14,0
DA:15,0
DA:16,0
DA:17,0
DA:19,0
DA:20,0
LF:10
LH:0
BRF:0
BRH:0
end_of_record
TN:
SF:app/shared/domain/base_repository.ts
FN:18,(anonymous_0)
FN:32,(anonymous_1)
FN:36,(anonymous_2)
FN:53,(anonymous_3)
FN:65,(anonymous_4)
FN:74,(anonymous_5)
FN:77,(anonymous_6)
FN:83,(anonymous_7)
FN:92,(anonymous_8)
FN:98,(anonymous_9)
FN:110,(anonymous_10)
FN:119,(anonymous_11)
FN:131,(anonymous_12)
FN:139,(anonymous_13)
FNF:14
FNH:0
FNDA:0,(anonymous_0)
FNDA:0,(anonymous_1)
FNDA:0,(anonymous_2)
FNDA:0,(anonymous_3)
FNDA:0,(anonymous_4)
FNDA:0,(anonymous_5)
FNDA:0,(anonymous_6)
FNDA:0,(anonymous_7)
FNDA:0,(anonymous_8)
FNDA:0,(anonymous_9)
FNDA:0,(anonymous_10)
FNDA:0,(anonymous_11)
FNDA:0,(anonymous_12)
FNDA:0,(anonymous_13)
DA:25,0
DA:26,0
DA:27,0
DA:28,0
DA:29,0
DA:33,0
DA:37,0
DA:38,0
DA:43,0
DA:44,0
DA:46,0
DA:47,0
DA:49,0
DA:54,0
DA:55,0
DA:56,0
DA:59,0
DA:61,0
DA:66,0
DA:67,0
DA:68,0
DA:70,0
DA:75,0
DA:76,0
DA:77,0
DA:79,0
DA:87,0
DA:88,0
DA:92,0
DA:94,0
DA:99,0
DA:100,0
DA:101,0
DA:102,0
DA:103,0
DA:104,0
DA:106,0
DA:111,0
DA:112,0
DA:113,0
DA:115,0
DA:120,0
DA:121,0
DA:125,0
DA:127,0
DA:132,0
DA:133,0
DA:135,0
DA:140,0
DA:141,0
DA:143,0
DA:153,0
DA:159,0
DA:160,0
DA:166,0
DA:167,0
DA:173,0
DA:180,0
DA:183,0
LF:59
LH:0
BRDA:33,0,0,0
BRDA:33,0,1,0
BRDA:43,1,0,0
BRDA:43,1,1,0
BRDA:46,2,0,0
BRDA:46,2,1,0
BRDA:47,3,0,0
BRDA:47,3,1,0
BRDA:68,4,0,0
BRDA:68,4,1,0
BRDA:74,5,0,0
BRDA:84,6,0,0
BRDA:102,7,0,0
BRDA:102,7,1,0
BRDA:133,8,0,0
BRDA:133,8,1,0
BRDA:141,9,0,0
BRDA:141,9,1,0
BRDA:143,10,0,0
BRDA:143,10,1,0
BRDA:144,11,0,0
BRDA:144,11,1,0
BRDA:144,11,2,0
BRDA:144,11,3,0
BRDA:144,11,4,0
BRDA:144,11,5,0
BRDA:144,11,6,0
BRDA:144,11,7,0
BRDA:159,12,0,0
BRDA:159,12,1,0
BRDA:166,13,0,0
BRDA:166,13,1,0
BRDA:166,14,0,0
BRDA:166,14,1,0
BRDA:173,15,0,0
BRDA:173,15,1,0
BRDA:174,16,0,0
BRDA:174,16,1,0
BRDA:174,16,2,0
BRDA:174,16,3,0
BRDA:174,16,4,0
BRDA:184,17,0,0
BRDA:184,17,1,0
BRF:43
BRH:0
end_of_record
TN:
SF:app/shared/domain/base_response.ts
FN:3,(anonymous_0)
FN:10,(anonymous_1)
FN:26,(anonymous_2)
FN:40,(anonymous_3)
FN:51,(anonymous_4)
FN:67,(anonymous_5)
FNF:6
FNH:0
FNDA:0,(anonymous_0)
FNDA:0,(anonymous_1)
FNDA:0,(anonymous_2)
FNDA:0,(anonymous_3)
FNDA:0,(anonymous_4)
FNDA:0,(anonymous_5)
DA:4,0
DA:5,0
DA:12,0
DA:13,0
DA:14,0
DA:15,0
DA:17,0
DA:27,0
DA:28,0
DA:29,0
DA:30,0
DA:34,0
DA:41,0
DA:45,0
DA:52,0
DA:56,0
DA:68,0
DA:69,0
DA:73,0
LF:19
LH:0
BRDA:4,0,0,0
BRDA:5,1,0,0
BRDA:12,2,0,0
BRDA:13,3,0,0
BRDA:14,4,0,0
BRDA:31,5,0,0
BRDA:32,6,0,0
BRDA:41,7,0,0
BRDA:42,8,0,0
BRDA:43,9,0,0
BRDA:53,10,0,0
BRDA:54,11,0,0
BRDA:70,12,0,0
BRDA:71,13,0,0
BRF:14
BRH:0
end_of_record
TN:
SF:app/shared/domain/base_service.ts
FN:9,(anonymous_0)
FN:14,(anonymous_1)
FN:18,(anonymous_2)
FN:22,(anonymous_3)
FN:29,(anonymous_4)
FN:44,(anonymous_5)
FN:59,(anonymous_6)
FNF:7
FNH:1
FNDA:29,(anonymous_0)
FNDA:0,(anonymous_1)
FNDA:0,(anonymous_2)
FNDA:0,(anonymous_3)
FNDA:0,(anonymous_4)
FNDA:0,(anonymous_5)
FNDA:0,(anonymous_6)
DA:10,29
DA:11,29
DA:15,0
DA:19,0
DA:23,0
DA:34,0
DA:40,0
DA:41,0
DA:49,0
DA:55,0
DA:56,0
DA:64,0
DA:70,0
DA:71,0
LF:14
LH:2
BRDA:36,0,0,0
BRDA:36,0,1,0
BRDA:37,1,0,0
BRDA:37,1,1,0
BRDA:51,2,0,0
BRDA:51,2,1,0
BRDA:52,3,0,0
BRDA:52,3,1,0
BRDA:66,4,0,0
BRDA:66,4,1,0
BRDA:67,5,0,0
BRDA:67,5,1,0
BRF:12
BRH:0
end_of_record
TN:
SF:app/shared/domain/base_use_case.ts
FN:8,(anonymous_0)
FN:14,(anonymous_1)
FN:17,(anonymous_2)
FN:20,(anonymous_3)
FN:26,(anonymous_4)
FN:29,(anonymous_5)
FN:32,(anonymous_6)
FN:38,(anonymous_7)
FN:52,(anonymous_8)
FN:59,(anonymous_9)
FN:76,(anonymous_10)
FN:83,(anonymous_11)
FNF:12
FNH:0
FNDA:0,(anonymous_0)
FNDA:0,(anonymous_1)
FNDA:0,(anonymous_2)
FNDA:0,(anonymous_3)
FNDA:0,(anonymous_4)
FNDA:0,(anonymous_5)
FNDA:0,(anonymous_6)
FNDA:0,(anonymous_7)
FNDA:0,(anonymous_8)
FNDA:0,(anonymous_9)
FNDA:0,(anonymous_10)
FNDA:0,(anonymous_11)
DA:5,0
DA:9,0
DA:15,0
DA:18,0
DA:21,0
DA:27,0
DA:30,0
DA:33,0
DA:39,0
DA:40,0
DA:42,0
DA:60,0
DA:61,0
DA:62,0
DA:63,0
DA:64,0
DA:65,0
DA:67,0
DA:68,0
DA:84,0
DA:85,0
DA:86,0
DA:87,0
DA:88,0
DA:89,0
DA:91,0
DA:92,0
LF:27
LH:0
BRDA:39,0,0,0
BRDA:39,0,1,0
BRDA:44,1,0,0
BRDA:44,1,1,0
BRF:4
BRH:0
end_of_record
TN:
SF:app/shared/enums/httpStatusEnum.ts
FN:1,(anonymous_0)
FNF:1
FNH:1
FNDA:1,(anonymous_0)
DA:1,1
DA:2,1
DA:3,1
DA:4,1
DA:5,1
DA:6,1
DA:7,1
DA:8,1
LF:8
LH:8
BRDA:1,0,0,1
BRDA:1,0,1,1
BRF:2
BRH:2
end_of_record
TN:
SF:app/shared/enums/rolesEnum.ts
FN:1,(anonymous_0)
FNF:1
FNH:0
FNDA:0,(anonymous_0)
DA:1,0
DA:2,0
DA:3,0
DA:4,0
DA:5,0
DA:6,0
LF:6
LH:0
BRDA:1,0,0,0
BRDA:1,0,1,0
BRF:2
BRH:0
end_of_record
TN:
SF:app/shared/exceptions/appError.ts
FN:17,(anonymous_0)
FN:35,(anonymous_1)
FNF:2
FNH:0
FNDA:0,(anonymous_0)
FNDA:0,(anonymous_1)
DA:24,0
DA:26,0
DA:28,0
DA:29,0
DA:30,0
DA:31,0
DA:32,0
DA:36,0
LF:8
LH:0
BRDA:19,0,0,0
BRDA:20,1,0,0
BRDA:21,2,0,0
BRDA:29,3,0,0
BRDA:29,3,1,0
BRDA:30,4,0,0
BRDA:30,4,1,0
BRDA:31,5,0,0
BRDA:31,5,1,0
BRF:9
BRH:0
end_of_record
TN:
SF:app/shared/exceptions/domainErrors.ts
FN:5,(anonymous_0)
FN:13,(anonymous_1)
FN:20,(anonymous_2)
FN:28,(anonymous_3)
FN:34,(anonymous_4)
FN:40,(anonymous_5)
FN:45,(anonymous_6)
FN:50,(anonymous_7)
FN:57,(anonymous_8)
FN:64,(anonymous_9)
FN:71,(anonymous_10)
FNF:11
FNH:0
FNDA:0,(anonymous_0)
FNDA:0,(anonymous_1)
FNDA:0,(anonymous_2)
FNDA:0,(anonymous_3)
FNDA:0,(anonymous_4)
FNDA:0,(anonymous_5)
FNDA:0,(anonymous_6)
FNDA:0,(anonymous_7)
FNDA:0,(anonymous_8)
FNDA:0,(anonymous_9)
FNDA:0,(anonymous_10)
DA:6,0
DA:14,0
DA:21,0
DA:29,0
DA:35,0
DA:41,0
DA:46,0
DA:51,0
DA:58,0
DA:65,0
DA:72,0
LF:11
LH:0
BRF:0
BRH:0
end_of_record
TN:
SF:app/shared/types/http/AuthenticatedRequest.ts
FNF:0
FNH:0
LF:0
LH:0
BRF:0
BRH:0
end_of_record
